Command line invocation:
    /Applications/Xcode.app/Contents/Developer/usr/bin/xcodebuild -scheme QuaraMoney -project QuaraMoney.xcodeproj -destination "platform=iOS Simulator,name=iPhone 17 Pro,OS=26.2" build

ComputePackagePrebuildTargetDependencyGraph

Prepare packages

CreateBuildRequest

SendProjectDescription

CreateBuildOperation

ComputeTargetDependencyGraph
note: Building targets in dependency order
note: Target dependency graph (1 target)
    Target 'QuaraMoney' in project 'QuaraMoney' (no dependencies)

GatherProvisioningInputs

CreateBuildDescription

ExecuteExternalTool /Applications/Xcode.app/Contents/Developer/Toolchains/XcodeDefault.xctoolchain/usr/bin/clang -v -E -dM -isysroot /Applications/Xcode.app/Contents/Developer/Platforms/iPhoneSimulator.platform/Developer/SDKs/iPhoneSimulator26.2.sdk -x c -c /dev/null

ExecuteExternalTool /Applications/Xcode.app/Contents/Developer/usr/bin/actool --print-asset-tag-combinations --output-format xml1 /Users/udormphon/Developer/QuaraMoney/QuaraMoney/Assets.xcassets

ExecuteExternalTool /Applications/Xcode.app/Contents/Developer/usr/bin/actool --version --output-format xml1

ExecuteExternalTool /Applications/Xcode.app/Contents/Developer/Toolchains/XcodeDefault.xctoolchain/usr/bin/swiftc --version

ExecuteExternalTool /Applications/Xcode.app/Contents/Developer/Toolchains/XcodeDefault.xctoolchain/usr/bin/ld -version_details

Build description signature: 449e1dd7f092782ae28b43876c0f1fc9
Build description path: /Users/udormphon/Library/Developer/Xcode/DerivedData/QuaraMoney-fxifejhenhasgrbqzikfosjgujqi/Build/Intermediates.noindex/XCBuildData/449e1dd7f092782ae28b43876c0f1fc9.xcbuilddata
ClangStatCache /Applications/Xcode.app/Contents/Developer/Toolchains/XcodeDefault.xctoolchain/usr/bin/clang-stat-cache /Applications/Xcode.app/Contents/Developer/Platforms/iPhoneSimulator.platform/Developer/SDKs/iPhoneSimulator26.2.sdk /Users/udormphon/Library/Developer/Xcode/DerivedData/SDKStatCaches.noindex/iphonesimulator26.2-23C53-7d00a8b37fbd7999ea79df8ebc024bf0.sdkstatcache
    cd /Users/udormphon/Developer/QuaraMoney/QuaraMoney.xcodeproj
    /Applications/Xcode.app/Contents/Developer/Toolchains/XcodeDefault.xctoolchain/usr/bin/clang-stat-cache /Applications/Xcode.app/Contents/Developer/Platforms/iPhoneSimulator.platform/Developer/SDKs/iPhoneSimulator26.2.sdk -o /Users/udormphon/Library/Developer/Xcode/DerivedData/SDKStatCaches.noindex/iphonesimulator26.2-23C53-7d00a8b37fbd7999ea79df8ebc024bf0.sdkstatcache

CompileAssetCatalogVariant thinned /Users/udormphon/Library/Developer/Xcode/DerivedData/QuaraMoney-fxifejhenhasgrbqzikfosjgujqi/Build/Products/Debug-iphonesimulator/QuaraMoney.app /Users/udormphon/Developer/QuaraMoney/QuaraMoney/Assets.xcassets (in target 'QuaraMoney' from project 'QuaraMoney')
    cd /Users/udormphon/Developer/QuaraMoney
    /Applications/Xcode.app/Contents/Developer/usr/bin/actool /Users/udormphon/Developer/QuaraMoney/QuaraMoney/Assets.xcassets --compile /Users/udormphon/Library/Developer/Xcode/DerivedData/QuaraMoney-fxifejhenhasgrbqzikfosjgujqi/Build/Intermediates.noindex/QuaraMoney.build/Debug-iphonesimulator/QuaraMoney.build/assetcatalog_output/thinned --output-format human-readable-text --notices --warnings --export-dependency-info /Users/udormphon/Library/Developer/Xcode/DerivedData/QuaraMoney-fxifejhenhasgrbqzikfosjgujqi/Build/Intermediates.noindex/QuaraMoney.build/Debug-iphonesimulator/QuaraMoney.build/assetcatalog_dependencies_thinned --output-partial-info-plist /Users/udormphon/Library/Developer/Xcode/DerivedData/QuaraMoney-fxifejhenhasgrbqzikfosjgujqi/Build/Intermediates.noindex/QuaraMoney.build/Debug-iphonesimulator/QuaraMoney.build/assetcatalog_generated_info.plist_thinned --app-icon AppIcon --accent-color AccentColor --compress-pngs --enable-on-demand-resources YES --filter-for-thinning-device-configuration iPhone18,1 --filter-for-device-os-version 26.2 --development-region en --target-device iphone --target-device ipad --minimum-deployment-target 26.2 --platform iphonesimulator
/* com.apple.actool.compilation-results */
/Users/udormphon/Library/Developer/Xcode/DerivedData/QuaraMoney-fxifejhenhasgrbqzikfosjgujqi/Build/Intermediates.noindex/QuaraMoney.build/Debug-iphonesimulator/QuaraMoney.build/assetcatalog_generated_info.plist_thinned
/Users/udormphon/Library/Developer/Xcode/DerivedData/QuaraMoney-fxifejhenhasgrbqzikfosjgujqi/Build/Intermediates.noindex/QuaraMoney.build/Debug-iphonesimulator/QuaraMoney.build/assetcatalog_output/thinned/AppIcon60x60@2x.png
/Users/udormphon/Library/Developer/Xcode/DerivedData/QuaraMoney-fxifejhenhasgrbqzikfosjgujqi/Build/Intermediates.noindex/QuaraMoney.build/Debug-iphonesimulator/QuaraMoney.build/assetcatalog_output/thinned/AppIcon76x76@2x~ipad.png
/Users/udormphon/Library/Developer/Xcode/DerivedData/QuaraMoney-fxifejhenhasgrbqzikfosjgujqi/Build/Intermediates.noindex/QuaraMoney.build/Debug-iphonesimulator/QuaraMoney.build/assetcatalog_output/thinned/Assets.car


SwiftDriver QuaraMoney normal arm64 com.apple.xcode.tools.swift.compiler (in target 'QuaraMoney' from project 'QuaraMoney')
    cd /Users/udormphon/Developer/QuaraMoney
    builtin-SwiftDriver -- /Applications/Xcode.app/Contents/Developer/Toolchains/XcodeDefault.xctoolchain/usr/bin/swiftc -module-name QuaraMoney -Onone -enforce-exclusivity\=checked @/Users/udormphon/Library/Developer/Xcode/DerivedData/QuaraMoney-fxifejhenhasgrbqzikfosjgujqi/Build/Intermediates.noindex/QuaraMoney.build/Debug-iphonesimulator/QuaraMoney.build/Objects-normal/arm64/QuaraMoney.SwiftFileList -DDEBUG -default-isolation\=MainActor -enable-bare-slash-regex -enable-upcoming-feature DisableOutwardActorInference -enable-upcoming-feature InferSendableFromCaptures -enable-upcoming-feature GlobalActorIsolatedTypesUsability -enable-upcoming-feature MemberImportVisibility -enable-upcoming-feature InferIsolatedConformances -enable-upcoming-feature NonisolatedNonsendingByDefault -enable-experimental-feature DebugDescriptionMacro -sdk /Applications/Xcode.app/Contents/Developer/Platforms/iPhoneSimulator.platform/Developer/SDKs/iPhoneSimulator26.2.sdk -target arm64-apple-ios26.2-simulator -g -module-cache-path /Users/udormphon/Library/Developer/Xcode/DerivedData/ModuleCache.noindex -Xfrontend -serialize-debugging-options -profile-coverage-mapping -profile-generate -enable-testing -index-store-path /Users/udormphon/Library/Developer/Xcode/DerivedData/QuaraMoney-fxifejhenhasgrbqzikfosjgujqi/Index.noindex/DataStore -Xcc -D_LIBCPP_HARDENING_MODE\=_LIBCPP_HARDENING_MODE_DEBUG -swift-version 5 -I /Users/udormphon/Library/Developer/Xcode/DerivedData/QuaraMoney-fxifejhenhasgrbqzikfosjgujqi/Build/Products/Debug-iphonesimulator -F /Users/udormphon/Library/Developer/Xcode/DerivedData/QuaraMoney-fxifejhenhasgrbqzikfosjgujqi/Build/Products/Debug-iphonesimulator -emit-localized-strings -emit-localized-strings-path /Users/udormphon/Library/Developer/Xcode/DerivedData/QuaraMoney-fxifejhenhasgrbqzikfosjgujqi/Build/Intermediates.noindex/QuaraMoney.build/Debug-iphonesimulator/QuaraMoney.build/Objects-normal/arm64 -c -j10 -enable-batch-mode -incremental -Xcc -ivfsstatcache -Xcc /Users/udormphon/Library/Developer/Xcode/DerivedData/SDKStatCaches.noindex/iphonesimulator26.2-23C53-7d00a8b37fbd7999ea79df8ebc024bf0.sdkstatcache -output-file-map /Users/udormphon/Library/Developer/Xcode/DerivedData/QuaraMoney-fxifejhenhasgrbqzikfosjgujqi/Build/Intermediates.noindex/QuaraMoney.build/Debug-iphonesimulator/QuaraMoney.build/Objects-normal/arm64/QuaraMoney-OutputFileMap.json -use-frontend-parseable-output -save-temps -no-color-diagnostics -explicit-module-build -module-cache-path /Users/udormphon/Library/Developer/Xcode/DerivedData/QuaraMoney-fxifejhenhasgrbqzikfosjgujqi/Build/Intermediates.noindex/SwiftExplicitPrecompiledModules -clang-scanner-module-cache-path /Users/udormphon/Library/Developer/Xcode/DerivedData/ModuleCache.noindex -sdk-module-cache-path /Users/udormphon/Library/Developer/Xcode/DerivedData/ModuleCache.noindex -serialize-diagnostics -emit-dependencies -emit-module -emit-module-path /Users/udormphon/Library/Developer/Xcode/DerivedData/QuaraMoney-fxifejhenhasgrbqzikfosjgujqi/Build/Intermediates.noindex/QuaraMoney.build/Debug-iphonesimulator/QuaraMoney.build/Objects-normal/arm64/QuaraMoney.swiftmodule -validate-clang-modules-once -clang-build-session-file /Users/udormphon/Library/Developer/Xcode/DerivedData/ModuleCache.noindex/Session.modulevalidation -Xcc -I/Users/udormphon/Library/Developer/Xcode/DerivedData/QuaraMoney-fxifejhenhasgrbqzikfosjgujqi/Build/Intermediates.noindex/QuaraMoney.build/Debug-iphonesimulator/QuaraMoney.build/swift-overrides.hmap -emit-const-values -Xfrontend -const-gather-protocols-file -Xfrontend /Users/udormphon/Library/Developer/Xcode/DerivedData/QuaraMoney-fxifejhenhasgrbqzikfosjgujqi/Build/Intermediates.noindex/QuaraMoney.build/Debug-iphonesimulator/QuaraMoney.build/Objects-normal/arm64/QuaraMoney_const_extract_protocols.json -Xcc -iquote -Xcc /Users/udormphon/Library/Developer/Xcode/DerivedData/QuaraMoney-fxifejhenhasgrbqzikfosjgujqi/Build/Intermediates.noindex/QuaraMoney.build/Debug-iphonesimulator/QuaraMoney.build/QuaraMoney-generated-files.hmap -Xcc -I/Users/udormphon/Library/Developer/Xcode/DerivedData/QuaraMoney-fxifejhenhasgrbqzikfosjgujqi/Build/Intermediates.noindex/QuaraMoney.build/Debug-iphonesimulator/QuaraMoney.build/QuaraMoney-own-target-headers.hmap -Xcc -I/Users/udormphon/Library/Developer/Xcode/DerivedData/QuaraMoney-fxifejhenhasgrbqzikfosjgujqi/Build/Intermediates.noindex/QuaraMoney.build/Debug-iphonesimulator/QuaraMoney.build/QuaraMoney-all-target-headers.hmap -Xcc -iquote -Xcc /Users/udormphon/Library/Developer/Xcode/DerivedData/QuaraMoney-fxifejhenhasgrbqzikfosjgujqi/Build/Intermediates.noindex/QuaraMoney.build/Debug-iphonesimulator/QuaraMoney.build/QuaraMoney-project-headers.hmap -Xcc -I/Users/udormphon/Library/Developer/Xcode/DerivedData/QuaraMoney-fxifejhenhasgrbqzikfosjgujqi/Build/Products/Debug-iphonesimulator/include -Xcc -I/Users/udormphon/Library/Developer/Xcode/DerivedData/QuaraMoney-fxifejhenhasgrbqzikfosjgujqi/Build/Intermediates.noindex/QuaraMoney.build/Debug-iphonesimulator/QuaraMoney.build/DerivedSources-normal/arm64 -Xcc -I/Users/udormphon/Library/Developer/Xcode/DerivedData/QuaraMoney-fxifejhenhasgrbqzikfosjgujqi/Build/Intermediates.noindex/QuaraMoney.build/Debug-iphonesimulator/QuaraMoney.build/DerivedSources/arm64 -Xcc -I/Users/udormphon/Library/Developer/Xcode/DerivedData/QuaraMoney-fxifejhenhasgrbqzikfosjgujqi/Build/Intermediates.noindex/QuaraMoney.build/Debug-iphonesimulator/QuaraMoney.build/DerivedSources -Xcc -DDEBUG\=1 -emit-objc-header -emit-objc-header-path /Users/udormphon/Library/Developer/Xcode/DerivedData/QuaraMoney-fxifejhenhasgrbqzikfosjgujqi/Build/Intermediates.noindex/QuaraMoney.build/Debug-iphonesimulator/QuaraMoney.build/Objects-normal/arm64/QuaraMoney-Swift.h -working-directory /Users/udormphon/Developer/QuaraMoney -experimental-emit-module-separately -disable-cmo

SwiftCompile normal arm64 Compiling\ EventLedgerService.swift,\ EventSettlementEngine.swift /Users/udormphon/Developer/QuaraMoney/QuaraMoney/Services/EventLedgerService.swift /Users/udormphon/Developer/QuaraMoney/QuaraMoney/Services/EventSettlementEngine.swift (in target 'QuaraMoney' from project 'QuaraMoney')

SwiftCompile normal arm64 /Users/udormphon/Developer/QuaraMoney/QuaraMoney/Services/EventLedgerService.swift (in target 'QuaraMoney' from project 'QuaraMoney')
    cd /Users/udormphon/Developer/QuaraMoney
    

SwiftCompile normal arm64 /Users/udormphon/Developer/QuaraMoney/QuaraMoney/Services/EventSettlementEngine.swift (in target 'QuaraMoney' from project 'QuaraMoney')
    cd /Users/udormphon/Developer/QuaraMoney
    

SwiftCompile normal arm64 Compiling\ AnalysisViewModel.swift,\ LazyView.swift /Users/udormphon/Developer/QuaraMoney/QuaraMoney/ViewModels/AnalysisViewModel.swift /Users/udormphon/Developer/QuaraMoney/QuaraMoney/Views/Common/LazyView.swift (in target 'QuaraMoney' from project 'QuaraMoney')

SwiftCompile normal arm64 /Users/udormphon/Developer/QuaraMoney/QuaraMoney/ViewModels/AnalysisViewModel.swift (in target 'QuaraMoney' from project 'QuaraMoney')
    cd /Users/udormphon/Developer/QuaraMoney
    

SwiftCompile normal arm64 /Users/udormphon/Developer/QuaraMoney/QuaraMoney/Views/Common/LazyView.swift (in target 'QuaraMoney' from project 'QuaraMoney')
    cd /Users/udormphon/Developer/QuaraMoney
    

SwiftCompile normal arm64 Compiling\ AddEventLedgerTransactionView.swift,\ EventDetailView.swift /Users/udormphon/Developer/QuaraMoney/QuaraMoney/Views/Events/AddEventLedgerTransactionView.swift /Users/udormphon/Developer/QuaraMoney/QuaraMoney/Views/Events/EventDetailView.swift (in target 'QuaraMoney' from project 'QuaraMoney')
SwiftCompile normal arm64 /Users/udormphon/Developer/QuaraMoney/QuaraMoney/Views/Events/AddEventLedgerTransactionView.swift (in target 'QuaraMoney' from project 'QuaraMoney')
    cd /Users/udormphon/Developer/QuaraMoney
    

SwiftCompile normal arm64 /Users/udormphon/Developer/QuaraMoney/QuaraMoney/Views/Events/EventDetailView.swift (in target 'QuaraMoney' from project 'QuaraMoney')
    cd /Users/udormphon/Developer/QuaraMoney
    

SwiftCompile normal arm64 Compiling\ QuaraMoneyApp.swift /Users/udormphon/Developer/QuaraMoney/QuaraMoney/QuaraMoneyApp.swift (in target 'QuaraMoney' from project 'QuaraMoney')

SwiftCompile normal arm64 /Users/udormphon/Developer/QuaraMoney/QuaraMoney/QuaraMoneyApp.swift (in target 'QuaraMoney' from project 'QuaraMoney')
    cd /Users/udormphon/Developer/QuaraMoney
    

SwiftCompile normal arm64 Compiling\ EventMemberListView.swift,\ EventTransactionListView.swift /Users/udormphon/Developer/QuaraMoney/QuaraMoney/Views/Events/Components/EventMemberListView.swift /Users/udormphon/Developer/QuaraMoney/QuaraMoney/Views/Events/Components/EventTransactionListView.swift (in target 'QuaraMoney' from project 'QuaraMoney')

SwiftCompile normal arm64 /Users/udormphon/Developer/QuaraMoney/QuaraMoney/Views/Events/Components/EventMemberListView.swift (in target 'QuaraMoney' from project 'QuaraMoney')
    cd /Users/udormphon/Developer/QuaraMoney
    

SwiftCompile normal arm64 /Users/udormphon/Developer/QuaraMoney/QuaraMoney/Views/Events/Components/EventTransactionListView.swift (in target 'QuaraMoney' from project 'QuaraMoney')
    cd /Users/udormphon/Developer/QuaraMoney
    

SwiftCompile normal arm64 Compiling\ EventDetailViewV2.swift,\ EventDetailViewV3.swift /Users/udormphon/Developer/QuaraMoney/QuaraMoney/Views/Events/EventDetailViewV2.swift /Users/udormphon/Developer/QuaraMoney/QuaraMoney/Views/Events/EventDetailViewV3.swift (in target 'QuaraMoney' from project 'QuaraMoney')

SwiftCompile normal arm64 /Users/udormphon/Developer/QuaraMoney/QuaraMoney/Views/Events/EventDetailViewV2.swift (in target 'QuaraMoney' from project 'QuaraMoney')
    cd /Users/udormphon/Developer/QuaraMoney
    

SwiftCompile normal arm64 /Users/udormphon/Developer/QuaraMoney/QuaraMoney/Views/Events/EventDetailViewV3.swift (in target 'QuaraMoney' from project 'QuaraMoney')
    cd /Users/udormphon/Developer/QuaraMoney
    

SwiftCompile normal arm64 Compiling\ ContentView.swift /Users/udormphon/Developer/QuaraMoney/QuaraMoney/ContentView.swift (in target 'QuaraMoney' from project 'QuaraMoney')

SwiftCompile normal arm64 /Users/udormphon/Developer/QuaraMoney/QuaraMoney/ContentView.swift (in target 'QuaraMoney' from project 'QuaraMoney')
    cd /Users/udormphon/Developer/QuaraMoney
    

SwiftEmitModule normal arm64 Emitting\ module\ for\ QuaraMoney (in target 'QuaraMoney' from project 'QuaraMoney')

EmitSwiftModule normal arm64 (in target 'QuaraMoney' from project 'QuaraMoney')
    cd /Users/udormphon/Developer/QuaraMoney
    

SwiftCompile normal arm64 Compiling\ Font+Khmer.swift,\ DefaultDataService.swift /Users/udormphon/Developer/QuaraMoney/QuaraMoney/Extensions/Font+Khmer.swift /Users/udormphon/Developer/QuaraMoney/QuaraMoney/Services/DefaultDataService.swift (in target 'QuaraMoney' from project 'QuaraMoney')

SwiftCompile normal arm64 /Users/udormphon/Developer/QuaraMoney/QuaraMoney/Extensions/Font+Khmer.swift (in target 'QuaraMoney' from project 'QuaraMoney')
    cd /Users/udormphon/Developer/QuaraMoney
    

SwiftCompile normal arm64 /Users/udormphon/Developer/QuaraMoney/QuaraMoney/Services/DefaultDataService.swift (in target 'QuaraMoney' from project 'QuaraMoney')
    cd /Users/udormphon/Developer/QuaraMoney
    

SwiftCompile normal arm64 Compiling\ EventListView.swift /Users/udormphon/Developer/QuaraMoney/QuaraMoney/Views/Events/EventListView.swift (in target 'QuaraMoney' from project 'QuaraMoney')

SwiftCompile normal arm64 /Users/udormphon/Developer/QuaraMoney/QuaraMoney/Views/Events/EventListView.swift (in target 'QuaraMoney' from project 'QuaraMoney')
    cd /Users/udormphon/Developer/QuaraMoney
    

SwiftDriverJobDiscovery normal arm64 Compiling Font+Khmer.swift, DefaultDataService.swift (in target 'QuaraMoney' from project 'QuaraMoney')

SwiftCompile normal arm64 Compiling\ AddWalletView.swift,\ NetWorthCard.swift,\ WalletDetailView.swift,\ WalletFilterSheet.swift,\ WalletListView.swift,\ WalletRowView.swift,\ GeneratedAssetSymbols.swift /Users/udormphon/Developer/QuaraMoney/QuaraMoney/Views/Wallets/AddWalletView.swift /Users/udormphon/Developer/QuaraMoney/QuaraMoney/Views/Wallets/NetWorthCard.swift /Users/udormphon/Developer/QuaraMoney/QuaraMoney/Views/Wallets/WalletDetailView.swift /Users/udormphon/Developer/QuaraMoney/QuaraMoney/Views/Wallets/WalletFilterSheet.swift /Users/udormphon/Developer/QuaraMoney/QuaraMoney/Views/Wallets/WalletListView.swift /Users/udormphon/Developer/QuaraMoney/QuaraMoney/Views/Wallets/WalletRowView.swift /Users/udormphon/Library/Developer/Xcode/DerivedData/QuaraMoney-fxifejhenhasgrbqzikfosjgujqi/Build/Intermediates.noindex/QuaraMoney.build/Debug-iphonesimulator/QuaraMoney.build/DerivedSources/GeneratedAssetSymbols.swift (in target 'QuaraMoney' from project 'QuaraMoney')

SwiftCompile normal arm64 /Users/udormphon/Developer/QuaraMoney/QuaraMoney/Views/Wallets/AddWalletView.swift (in target 'QuaraMoney' from project 'QuaraMoney')
    cd /Users/udormphon/Developer/QuaraMoney
    

SwiftCompile normal arm64 /Users/udormphon/Developer/QuaraMoney/QuaraMoney/Views/Wallets/NetWorthCard.swift (in target 'QuaraMoney' from project 'QuaraMoney')
    cd /Users/udormphon/Developer/QuaraMoney
    

SwiftCompile normal arm64 /Users/udormphon/Developer/QuaraMoney/QuaraMoney/Views/Wallets/WalletDetailView.swift (in target 'QuaraMoney' from project 'QuaraMoney')
    cd /Users/udormphon/Developer/QuaraMoney
    

SwiftCompile normal arm64 /Users/udormphon/Developer/QuaraMoney/QuaraMoney/Views/Wallets/WalletFilterSheet.swift (in target 'QuaraMoney' from project 'QuaraMoney')
    cd /Users/udormphon/Developer/QuaraMoney
    

SwiftCompile normal arm64 /Users/udormphon/Developer/QuaraMoney/QuaraMoney/Views/Wallets/WalletListView.swift (in target 'QuaraMoney' from project 'QuaraMoney')
    cd /Users/udormphon/Developer/QuaraMoney
    

SwiftCompile normal arm64 /Users/udormphon/Developer/QuaraMoney/QuaraMoney/Views/Wallets/WalletRowView.swift (in target 'QuaraMoney' from project 'QuaraMoney')
    cd /Users/udormphon/Developer/QuaraMoney
    

SwiftCompile normal arm64 /Users/udormphon/Library/Developer/Xcode/DerivedData/QuaraMoney-fxifejhenhasgrbqzikfosjgujqi/Build/Intermediates.noindex/QuaraMoney.build/Debug-iphonesimulator/QuaraMoney.build/DerivedSources/GeneratedAssetSymbols.swift (in target 'QuaraMoney' from project 'QuaraMoney')
    cd /Users/udormphon/Developer/QuaraMoney
    

SwiftDriverJobDiscovery normal arm64 Compiling AnalysisViewModel.swift, LazyView.swift (in target 'QuaraMoney' from project 'QuaraMoney')

SwiftCompile normal arm64 Compiling\ Color+Hex.swift,\ String+Localization.swift,\ Budget.swift,\ BudgetNotificationService.swift,\ BudgetRolloverService.swift,\ CSVExportService.swift,\ CSVImportService.swift,\ DebtService.swift /Users/udormphon/Developer/QuaraMoney/QuaraMoney/Extensions/Color+Hex.swift /Users/udormphon/Developer/QuaraMoney/QuaraMoney/Extensions/String+Localization.swift /Users/udormphon/Developer/QuaraMoney/QuaraMoney/Models/Budget.swift /Users/udormphon/Developer/QuaraMoney/QuaraMoney/Services/BudgetNotificationService.swift /Users/udormphon/Developer/QuaraMoney/QuaraMoney/Services/BudgetRolloverService.swift /Users/udormphon/Developer/QuaraMoney/QuaraMoney/Services/CSVExportService.swift /Users/udormphon/Developer/QuaraMoney/QuaraMoney/Services/CSVImportService.swift /Users/udormphon/Developer/QuaraMoney/QuaraMoney/Services/DebtService.swift (in target 'QuaraMoney' from project 'QuaraMoney')
SwiftCompile normal arm64 /Users/udormphon/Developer/QuaraMoney/QuaraMoney/Extensions/Color+Hex.swift (in target 'QuaraMoney' from project 'QuaraMoney')
    cd /Users/udormphon/Developer/QuaraMoney
    

SwiftCompile normal arm64 /Users/udormphon/Developer/QuaraMoney/QuaraMoney/Extensions/String+Localization.swift (in target 'QuaraMoney' from project 'QuaraMoney')
    cd /Users/udormphon/Developer/QuaraMoney
    

SwiftCompile normal arm64 /Users/udormphon/Developer/QuaraMoney/QuaraMoney/Models/Budget.swift (in target 'QuaraMoney' from project 'QuaraMoney')
    cd /Users/udormphon/Developer/QuaraMoney
    

SwiftCompile normal arm64 /Users/udormphon/Developer/QuaraMoney/QuaraMoney/Services/BudgetNotificationService.swift (in target 'QuaraMoney' from project 'QuaraMoney')
    cd /Users/udormphon/Developer/QuaraMoney
    

SwiftCompile normal arm64 /Users/udormphon/Developer/QuaraMoney/QuaraMoney/Services/BudgetRolloverService.swift (in target 'QuaraMoney' from project 'QuaraMoney')
    cd /Users/udormphon/Developer/QuaraMoney
    

SwiftCompile normal arm64 /Users/udormphon/Developer/QuaraMoney/QuaraMoney/Services/CSVExportService.swift (in target 'QuaraMoney' from project 'QuaraMoney')
    cd /Users/udormphon/Developer/QuaraMoney
    

SwiftCompile normal arm64 /Users/udormphon/Developer/QuaraMoney/QuaraMoney/Services/CSVImportService.swift (in target 'QuaraMoney' from project 'QuaraMoney')
    cd /Users/udormphon/Developer/QuaraMoney
    

SwiftCompile normal arm64 /Users/udormphon/Developer/QuaraMoney/QuaraMoney/Services/DebtService.swift (in target 'QuaraMoney' from project 'QuaraMoney')
    cd /Users/udormphon/Developer/QuaraMoney
    

SwiftDriverJobDiscovery normal arm64 Compiling QuaraMoneyApp.swift (in target 'QuaraMoney' from project 'QuaraMoney')

SwiftCompile normal arm64 Compiling\ AddDebtView.swift,\ DebtDetailView.swift,\ DebtListView.swift,\ EventLocationPickerView.swift,\ EventMapHeaderView.swift,\ EventMemberSnapshotRow.swift,\ EventSummaryCard.swift /Users/udormphon/Developer/QuaraMoney/QuaraMoney/Views/Debts/AddDebtView.swift /Users/udormphon/Developer/QuaraMoney/QuaraMoney/Views/Debts/DebtDetailView.swift /Users/udormphon/Developer/QuaraMoney/QuaraMoney/Views/Debts/DebtListView.swift /Users/udormphon/Developer/QuaraMoney/QuaraMoney/Views/Events/Components/EventLocationPickerView.swift /Users/udormphon/Developer/QuaraMoney/QuaraMoney/Views/Events/Components/EventMapHeaderView.swift /Users/udormphon/Developer/QuaraMoney/QuaraMoney/Views/Events/Components/EventMemberSnapshotRow.swift /Users/udormphon/Developer/QuaraMoney/QuaraMoney/Views/Events/Components/EventSummaryCard.swift (in target 'QuaraMoney' from project 'QuaraMoney')

SwiftCompile normal arm64 /Users/udormphon/Developer/QuaraMoney/QuaraMoney/Views/Debts/AddDebtView.swift (in target 'QuaraMoney' from project 'QuaraMoney')
    cd /Users/udormphon/Developer/QuaraMoney
    

SwiftCompile normal arm64 /Users/udormphon/Developer/QuaraMoney/QuaraMoney/Views/Debts/DebtDetailView.swift (in target 'QuaraMoney' from project 'QuaraMoney')
    cd /Users/udormphon/Developer/QuaraMoney
    

SwiftCompile normal arm64 /Users/udormphon/Developer/QuaraMoney/QuaraMoney/Views/Debts/DebtListView.swift (in target 'QuaraMoney' from project 'QuaraMoney')
    cd /Users/udormphon/Developer/QuaraMoney
    

SwiftCompile normal arm64 /Users/udormphon/Developer/QuaraMoney/QuaraMoney/Views/Events/Components/EventLocationPickerView.swift (in target 'QuaraMoney' from project 'QuaraMoney')
    cd /Users/udormphon/Developer/QuaraMoney
    

SwiftCompile normal arm64 /Users/udormphon/Developer/QuaraMoney/QuaraMoney/Views/Events/Components/EventMapHeaderView.swift (in target 'QuaraMoney' from project 'QuaraMoney')
    cd /Users/udormphon/Developer/QuaraMoney
    

SwiftCompile normal arm64 /Users/udormphon/Developer/QuaraMoney/QuaraMoney/Views/Events/Components/EventMemberSnapshotRow.swift (in target 'QuaraMoney' from project 'QuaraMoney')
    cd /Users/udormphon/Developer/QuaraMoney
    

SwiftCompile normal arm64 /Users/udormphon/Developer/QuaraMoney/QuaraMoney/Views/Events/Components/EventSummaryCard.swift (in target 'QuaraMoney' from project 'QuaraMoney')
    cd /Users/udormphon/Developer/QuaraMoney
    

SwiftDriverJobDiscovery normal arm64 Compiling EventMemberListView.swift, EventTransactionListView.swift (in target 'QuaraMoney' from project 'QuaraMoney')

SwiftCompile normal arm64 Compiling\ NotificationManager.swift,\ ThemeManager.swift,\ AddEventLedgerTransactionViewModel.swift,\ AddTransactionViewModel.swift,\ DebtFormViewModel.swift,\ HomeViewModel.swift,\ WalletDetailViewModel.swift /Users/udormphon/Developer/QuaraMoney/QuaraMoney/Services/NotificationManager.swift /Users/udormphon/Developer/QuaraMoney/QuaraMoney/Services/ThemeManager.swift /Users/udormphon/Developer/QuaraMoney/QuaraMoney/ViewModels/AddEventLedgerTransactionViewModel.swift /Users/udormphon/Developer/QuaraMoney/QuaraMoney/ViewModels/AddTransactionViewModel.swift /Users/udormphon/Developer/QuaraMoney/QuaraMoney/ViewModels/DebtFormViewModel.swift /Users/udormphon/Developer/QuaraMoney/QuaraMoney/ViewModels/HomeViewModel.swift /Users/udormphon/Developer/QuaraMoney/QuaraMoney/ViewModels/WalletDetailViewModel.swift (in target 'QuaraMoney' from project 'QuaraMoney')

SwiftCompile normal arm64 /Users/udormphon/Developer/QuaraMoney/QuaraMoney/Services/NotificationManager.swift (in target 'QuaraMoney' from project 'QuaraMoney')
    cd /Users/udormphon/Developer/QuaraMoney
    

SwiftCompile normal arm64 /Users/udormphon/Developer/QuaraMoney/QuaraMoney/Services/ThemeManager.swift (in target 'QuaraMoney' from project 'QuaraMoney')
    cd /Users/udormphon/Developer/QuaraMoney
    

SwiftCompile normal arm64 /Users/udormphon/Developer/QuaraMoney/QuaraMoney/ViewModels/AddEventLedgerTransactionViewModel.swift (in target 'QuaraMoney' from project 'QuaraMoney')
    cd /Users/udormphon/Developer/QuaraMoney
    

SwiftCompile normal arm64 /Users/udormphon/Developer/QuaraMoney/QuaraMoney/ViewModels/AddTransactionViewModel.swift (in target 'QuaraMoney' from project 'QuaraMoney')
    cd /Users/udormphon/Developer/QuaraMoney
    

SwiftCompile normal arm64 /Users/udormphon/Developer/QuaraMoney/QuaraMoney/ViewModels/DebtFormViewModel.swift (in target 'QuaraMoney' from project 'QuaraMoney')
    cd /Users/udormphon/Developer/QuaraMoney
    

SwiftCompile normal arm64 /Users/udormphon/Developer/QuaraMoney/QuaraMoney/ViewModels/HomeViewModel.swift (in target 'QuaraMoney' from project 'QuaraMoney')
    cd /Users/udormphon/Developer/QuaraMoney
    

SwiftCompile normal arm64 /Users/udormphon/Developer/QuaraMoney/QuaraMoney/ViewModels/WalletDetailViewModel.swift (in target 'QuaraMoney' from project 'QuaraMoney')
    cd /Users/udormphon/Developer/QuaraMoney
    

SwiftDriverJobDiscovery normal arm64 Compiling ContentView.swift (in target 'QuaraMoney' from project 'QuaraMoney')

SwiftCompile normal arm64 Compiling\ FilterSheetView.swift,\ FinancialSummaryCards.swift,\ IconPickerView.swift,\ MonthSelectionView.swift,\ MultiCategoryPicker.swift,\ NotificationCenterView.swift,\ ShareSheet.swift /Users/udormphon/Developer/QuaraMoney/QuaraMoney/Views/Components/FilterSheetView.swift /Users/udormphon/Developer/QuaraMoney/QuaraMoney/Views/Components/FinancialSummaryCards.swift /Users/udormphon/Developer/QuaraMoney/QuaraMoney/Views/Components/IconPickerView.swift /Users/udormphon/Developer/QuaraMoney/QuaraMoney/Views/Components/MonthSelectionView.swift /Users/udormphon/Developer/QuaraMoney/QuaraMoney/Views/Components/MultiCategoryPicker.swift /Users/udormphon/Developer/QuaraMoney/QuaraMoney/Views/Components/NotificationCenterView.swift /Users/udormphon/Developer/QuaraMoney/QuaraMoney/Views/Components/ShareSheet.swift (in target 'QuaraMoney' from project 'QuaraMoney')

SwiftCompile normal arm64 /Users/udormphon/Developer/QuaraMoney/QuaraMoney/Views/Components/FilterSheetView.swift (in target 'QuaraMoney' from project 'QuaraMoney')
    cd /Users/udormphon/Developer/QuaraMoney
    

SwiftCompile normal arm64 /Users/udormphon/Developer/QuaraMoney/QuaraMoney/Views/Components/FinancialSummaryCards.swift (in target 'QuaraMoney' from project 'QuaraMoney')
    cd /Users/udormphon/Developer/QuaraMoney
    

SwiftCompile normal arm64 /Users/udormphon/Developer/QuaraMoney/QuaraMoney/Views/Components/IconPickerView.swift (in target 'QuaraMoney' from project 'QuaraMoney')
    cd /Users/udormphon/Developer/QuaraMoney
    

SwiftCompile normal arm64 /Users/udormphon/Developer/QuaraMoney/QuaraMoney/Views/Components/MonthSelectionView.swift (in target 'QuaraMoney' from project 'QuaraMoney')
    cd /Users/udormphon/Developer/QuaraMoney
    

SwiftCompile normal arm64 /Users/udormphon/Developer/QuaraMoney/QuaraMoney/Views/Components/MultiCategoryPicker.swift (in target 'QuaraMoney' from project 'QuaraMoney')
    cd /Users/udormphon/Developer/QuaraMoney
    

SwiftCompile normal arm64 /Users/udormphon/Developer/QuaraMoney/QuaraMoney/Views/Components/NotificationCenterView.swift (in target 'QuaraMoney' from project 'QuaraMoney')
    cd /Users/udormphon/Developer/QuaraMoney
    

SwiftCompile normal arm64 /Users/udormphon/Developer/QuaraMoney/QuaraMoney/Views/Components/ShareSheet.swift (in target 'QuaraMoney' from project 'QuaraMoney')
    cd /Users/udormphon/Developer/QuaraMoney
    

SwiftDriverJobDiscovery normal arm64 Compiling EventListView.swift (in target 'QuaraMoney' from project 'QuaraMoney')

SwiftCompile normal arm64 Compiling\ OnboardingView.swift,\ AddRecurringRuleView.swift,\ RecurringRuleListView.swift,\ SavingsGoalListView.swift,\ ScannerView.swift,\ CSVImportView.swift,\ CurrencySelectionView.swift /Users/udormphon/Developer/QuaraMoney/QuaraMoney/Views/Onboarding/OnboardingView.swift /Users/udormphon/Developer/QuaraMoney/QuaraMoney/Views/Recurring/AddRecurringRuleView.swift /Users/udormphon/Developer/QuaraMoney/QuaraMoney/Views/Recurring/RecurringRuleListView.swift /Users/udormphon/Developer/QuaraMoney/QuaraMoney/Views/SavingsGoals/SavingsGoalListView.swift /Users/udormphon/Developer/QuaraMoney/QuaraMoney/Views/Scanning/ScannerView.swift /Users/udormphon/Developer/QuaraMoney/QuaraMoney/Views/Settings/CSVImportView.swift /Users/udormphon/Developer/QuaraMoney/QuaraMoney/Views/Settings/CurrencySelectionView.swift (in target 'QuaraMoney' from project 'QuaraMoney')

SwiftCompile normal arm64 /Users/udormphon/Developer/QuaraMoney/QuaraMoney/Views/Onboarding/OnboardingView.swift (in target 'QuaraMoney' from project 'QuaraMoney')
    cd /Users/udormphon/Developer/QuaraMoney
    

SwiftCompile normal arm64 /Users/udormphon/Developer/QuaraMoney/QuaraMoney/Views/Recurring/AddRecurringRuleView.swift (in target 'QuaraMoney' from project 'QuaraMoney')
    cd /Users/udormphon/Developer/QuaraMoney
    

SwiftCompile normal arm64 /Users/udormphon/Developer/QuaraMoney/QuaraMoney/Views/Recurring/RecurringRuleListView.swift (in target 'QuaraMoney' from project 'QuaraMoney')
    cd /Users/udormphon/Developer/QuaraMoney
    

SwiftCompile normal arm64 /Users/udormphon/Developer/QuaraMoney/QuaraMoney/Views/SavingsGoals/SavingsGoalListView.swift (in target 'QuaraMoney' from project 'QuaraMoney')
    cd /Users/udormphon/Developer/QuaraMoney
    

SwiftCompile normal arm64 /Users/udormphon/Developer/QuaraMoney/QuaraMoney/Views/Scanning/ScannerView.swift (in target 'QuaraMoney' from project 'QuaraMoney')
    cd /Users/udormphon/Developer/QuaraMoney
    

SwiftCompile normal arm64 /Users/udormphon/Developer/QuaraMoney/QuaraMoney/Views/Settings/CSVImportView.swift (in target 'QuaraMoney' from project 'QuaraMoney')
    cd /Users/udormphon/Developer/QuaraMoney
    

SwiftCompile normal arm64 /Users/udormphon/Developer/QuaraMoney/QuaraMoney/Views/Settings/CurrencySelectionView.swift (in target 'QuaraMoney' from project 'QuaraMoney')
    cd /Users/udormphon/Developer/QuaraMoney
    

SwiftDriverJobDiscovery normal arm64 Compiling EventLedgerService.swift, EventSettlementEngine.swift (in target 'QuaraMoney' from project 'QuaraMoney')

SwiftCompile normal arm64 Compiling\ EditBudgetView.swift,\ AmountDisplayView.swift,\ AnalysisFilterSheetButton.swift,\ CalculatorKeyboardView.swift,\ CategoryGridItem.swift,\ ColorPickerView.swift,\ FilterMenuView.swift /Users/udormphon/Developer/QuaraMoney/QuaraMoney/Views/Analysis/EditBudgetView.swift /Users/udormphon/Developer/QuaraMoney/QuaraMoney/Views/Components/AmountDisplayView.swift /Users/udormphon/Developer/QuaraMoney/QuaraMoney/Views/Components/AnalysisFilterSheetButton.swift /Users/udormphon/Developer/QuaraMoney/QuaraMoney/Views/Components/CalculatorKeyboardView.swift /Users/udormphon/Developer/QuaraMoney/QuaraMoney/Views/Components/CategoryGridItem.swift /Users/udormphon/Developer/QuaraMoney/QuaraMoney/Views/Components/ColorPickerView.swift /Users/udormphon/Developer/QuaraMoney/QuaraMoney/Views/Components/FilterMenuView.swift (in target 'QuaraMoney' from project 'QuaraMoney')

SwiftCompile normal arm64 /Users/udormphon/Developer/QuaraMoney/QuaraMoney/Views/Analysis/EditBudgetView.swift (in target 'QuaraMoney' from project 'QuaraMoney')
    cd /Users/udormphon/Developer/QuaraMoney
    

SwiftCompile normal arm64 /Users/udormphon/Developer/QuaraMoney/QuaraMoney/Views/Components/AmountDisplayView.swift (in target 'QuaraMoney' from project 'QuaraMoney')
    cd /Users/udormphon/Developer/QuaraMoney
    

SwiftCompile normal arm64 /Users/udormphon/Developer/QuaraMoney/QuaraMoney/Views/Components/AnalysisFilterSheetButton.swift (in target 'QuaraMoney' from project 'QuaraMoney')
    cd /Users/udormphon/Developer/QuaraMoney
    

SwiftCompile normal arm64 /Users/udormphon/Developer/QuaraMoney/QuaraMoney/Views/Components/CalculatorKeyboardView.swift (in target 'QuaraMoney' from project 'QuaraMoney')
    cd /Users/udormphon/Developer/QuaraMoney
    

SwiftCompile normal arm64 /Users/udormphon/Developer/QuaraMoney/QuaraMoney/Views/Components/CategoryGridItem.swift (in target 'QuaraMoney' from project 'QuaraMoney')
    cd /Users/udormphon/Developer/QuaraMoney
    

SwiftCompile normal arm64 /Users/udormphon/Developer/QuaraMoney/QuaraMoney/Views/Components/ColorPickerView.swift (in target 'QuaraMoney' from project 'QuaraMoney')
    cd /Users/udormphon/Developer/QuaraMoney
    

SwiftCompile normal arm64 /Users/udormphon/Developer/QuaraMoney/QuaraMoney/Views/Components/FilterMenuView.swift (in target 'QuaraMoney' from project 'QuaraMoney')
    cd /Users/udormphon/Developer/QuaraMoney
    

SwiftCompile normal arm64 Compiling\ ExportOptionsView.swift,\ SettingsView.swift,\ ThemeSettingsView.swift,\ AddTransactionView.swift,\ TransactionListView.swift,\ TransactionRowView.swift,\ AdjustBalanceView.swift /Users/udormphon/Developer/QuaraMoney/QuaraMoney/Views/Settings/ExportOptionsView.swift /Users/udormphon/Developer/QuaraMoney/QuaraMoney/Views/Settings/SettingsView.swift /Users/udormphon/Developer/QuaraMoney/QuaraMoney/Views/Settings/ThemeSettingsView.swift /Users/udormphon/Developer/QuaraMoney/QuaraMoney/Views/Transactions/AddTransactionView.swift /Users/udormphon/Developer/QuaraMoney/QuaraMoney/Views/Transactions/TransactionListView.swift /Users/udormphon/Developer/QuaraMoney/QuaraMoney/Views/Transactions/TransactionRowView.swift /Users/udormphon/Developer/QuaraMoney/QuaraMoney/Views/Wallet/AdjustBalanceView.swift (in target 'QuaraMoney' from project 'QuaraMoney')
SwiftCompile normal arm64 /Users/udormphon/Developer/QuaraMoney/QuaraMoney/Views/Settings/ExportOptionsView.swift (in target 'QuaraMoney' from project 'QuaraMoney')
    cd /Users/udormphon/Developer/QuaraMoney
    

SwiftCompile normal arm64 /Users/udormphon/Developer/QuaraMoney/QuaraMoney/Views/Settings/SettingsView.swift (in target 'QuaraMoney' from project 'QuaraMoney')
    cd /Users/udormphon/Developer/QuaraMoney
    

SwiftCompile normal arm64 /Users/udormphon/Developer/QuaraMoney/QuaraMoney/Views/Settings/ThemeSettingsView.swift (in target 'QuaraMoney' from project 'QuaraMoney')
    cd /Users/udormphon/Developer/QuaraMoney
    

SwiftCompile normal arm64 /Users/udormphon/Developer/QuaraMoney/QuaraMoney/Views/Transactions/AddTransactionView.swift (in target 'QuaraMoney' from project 'QuaraMoney')
    cd /Users/udormphon/Developer/QuaraMoney
    

SwiftCompile normal arm64 /Users/udormphon/Developer/QuaraMoney/QuaraMoney/Views/Transactions/TransactionListView.swift (in target 'QuaraMoney' from project 'QuaraMoney')
    cd /Users/udormphon/Developer/QuaraMoney
    

SwiftCompile normal arm64 /Users/udormphon/Developer/QuaraMoney/QuaraMoney/Views/Transactions/TransactionRowView.swift (in target 'QuaraMoney' from project 'QuaraMoney')
    cd /Users/udormphon/Developer/QuaraMoney
    

SwiftCompile normal arm64 /Users/udormphon/Developer/QuaraMoney/QuaraMoney/Views/Wallet/AdjustBalanceView.swift (in target 'QuaraMoney' from project 'QuaraMoney')
    cd /Users/udormphon/Developer/QuaraMoney
    

SwiftDriverJobDiscovery normal arm64 Compiling AddWalletView.swift, NetWorthCard.swift, WalletDetailView.swift, WalletFilterSheet.swift, WalletListView.swift, WalletRowView.swift, GeneratedAssetSymbols.swift (in target 'QuaraMoney' from project 'QuaraMoney')

LinkAssetCatalog /Users/udormphon/Developer/QuaraMoney/QuaraMoney/Assets.xcassets (in target 'QuaraMoney' from project 'QuaraMoney')
    cd /Users/udormphon/Developer/QuaraMoney
    builtin-linkAssetCatalog --thinned /Users/udormphon/Library/Developer/Xcode/DerivedData/QuaraMoney-fxifejhenhasgrbqzikfosjgujqi/Build/Intermediates.noindex/QuaraMoney.build/Debug-iphonesimulator/QuaraMoney.build/assetcatalog_output/thinned --thinned-dependencies /Users/udormphon/Library/Developer/Xcode/DerivedData/QuaraMoney-fxifejhenhasgrbqzikfosjgujqi/Build/Intermediates.noindex/QuaraMoney.build/Debug-iphonesimulator/QuaraMoney.build/assetcatalog_dependencies_thinned --thinned-info-plist-content /Users/udormphon/Library/Developer/Xcode/DerivedData/QuaraMoney-fxifejhenhasgrbqzikfosjgujqi/Build/Intermediates.noindex/QuaraMoney.build/Debug-iphonesimulator/QuaraMoney.build/assetcatalog_generated_info.plist_thinned --unthinned /Users/udormphon/Library/Developer/Xcode/DerivedData/QuaraMoney-fxifejhenhasgrbqzikfosjgujqi/Build/Intermediates.noindex/QuaraMoney.build/Debug-iphonesimulator/QuaraMoney.build/assetcatalog_output/unthinned --unthinned-dependencies /Users/udormphon/Library/Developer/Xcode/DerivedData/QuaraMoney-fxifejhenhasgrbqzikfosjgujqi/Build/Intermediates.noindex/QuaraMoney.build/Debug-iphonesimulator/QuaraMoney.build/assetcatalog_dependencies_unthinned --unthinned-info-plist-content /Users/udormphon/Library/Developer/Xcode/DerivedData/QuaraMoney-fxifejhenhasgrbqzikfosjgujqi/Build/Intermediates.noindex/QuaraMoney.build/Debug-iphonesimulator/QuaraMoney.build/assetcatalog_generated_info.plist_unthinned --output /Users/udormphon/Library/Developer/Xcode/DerivedData/QuaraMoney-fxifejhenhasgrbqzikfosjgujqi/Build/Products/Debug-iphonesimulator/QuaraMoney.app --plist-output /Users/udormphon/Library/Developer/Xcode/DerivedData/QuaraMoney-fxifejhenhasgrbqzikfosjgujqi/Build/Intermediates.noindex/QuaraMoney.build/Debug-iphonesimulator/QuaraMoney.build/assetcatalog_generated_info.plist
note: Emplaced /Users/udormphon/Library/Developer/Xcode/DerivedData/QuaraMoney-fxifejhenhasgrbqzikfosjgujqi/Build/Products/Debug-iphonesimulator/QuaraMoney.app/AppIcon76x76@2x~ipad.png (in target 'QuaraMoney' from project 'QuaraMoney')
note: Emplaced /Users/udormphon/Library/Developer/Xcode/DerivedData/QuaraMoney-fxifejhenhasgrbqzikfosjgujqi/Build/Products/Debug-iphonesimulator/QuaraMoney.app/AppIcon60x60@2x.png (in target 'QuaraMoney' from project 'QuaraMoney')
note: Emplaced /Users/udormphon/Library/Developer/Xcode/DerivedData/QuaraMoney-fxifejhenhasgrbqzikfosjgujqi/Build/Products/Debug-iphonesimulator/QuaraMoney.app/Assets.car (in target 'QuaraMoney' from project 'QuaraMoney')

SwiftDriverJobDiscovery normal arm64 Emitting module for QuaraMoney (in target 'QuaraMoney' from project 'QuaraMoney')

SwiftDriver\ Compilation\ Requirements QuaraMoney normal arm64 com.apple.xcode.tools.swift.compiler (in target 'QuaraMoney' from project 'QuaraMoney')
    cd /Users/udormphon/Developer/QuaraMoney
    builtin-Swift-Compilation-Requirements -- /Applications/Xcode.app/Contents/Developer/Toolchains/XcodeDefault.xctoolchain/usr/bin/swiftc -module-name QuaraMoney -Onone -enforce-exclusivity\=checked @/Users/udormphon/Library/Developer/Xcode/DerivedData/QuaraMoney-fxifejhenhasgrbqzikfosjgujqi/Build/Intermediates.noindex/QuaraMoney.build/Debug-iphonesimulator/QuaraMoney.build/Objects-normal/arm64/QuaraMoney.SwiftFileList -DDEBUG -default-isolation\=MainActor -enable-bare-slash-regex -enable-upcoming-feature DisableOutwardActorInference -enable-upcoming-feature InferSendableFromCaptures -enable-upcoming-feature GlobalActorIsolatedTypesUsability -enable-upcoming-feature MemberImportVisibility -enable-upcoming-feature InferIsolatedConformances -enable-upcoming-feature NonisolatedNonsendingByDefault -enable-experimental-feature DebugDescriptionMacro -sdk /Applications/Xcode.app/Contents/Developer/Platforms/iPhoneSimulator.platform/Developer/SDKs/iPhoneSimulator26.2.sdk -target arm64-apple-ios26.2-simulator -g -module-cache-path /Users/udormphon/Library/Developer/Xcode/DerivedData/ModuleCache.noindex -Xfrontend -serialize-debugging-options -profile-coverage-mapping -profile-generate -enable-testing -index-store-path /Users/udormphon/Library/Developer/Xcode/DerivedData/QuaraMoney-fxifejhenhasgrbqzikfosjgujqi/Index.noindex/DataStore -Xcc -D_LIBCPP_HARDENING_MODE\=_LIBCPP_HARDENING_MODE_DEBUG -swift-version 5 -I /Users/udormphon/Library/Developer/Xcode/DerivedData/QuaraMoney-fxifejhenhasgrbqzikfosjgujqi/Build/Products/Debug-iphonesimulator -F /Users/udormphon/Library/Developer/Xcode/DerivedData/QuaraMoney-fxifejhenhasgrbqzikfosjgujqi/Build/Products/Debug-iphonesimulator -emit-localized-strings -emit-localized-strings-path /Users/udormphon/Library/Developer/Xcode/DerivedData/QuaraMoney-fxifejhenhasgrbqzikfosjgujqi/Build/Intermediates.noindex/QuaraMoney.build/Debug-iphonesimulator/QuaraMoney.build/Objects-normal/arm64 -c -j10 -enable-batch-mode -incremental -Xcc -ivfsstatcache -Xcc /Users/udormphon/Library/Developer/Xcode/DerivedData/SDKStatCaches.noindex/iphonesimulator26.2-23C53-7d00a8b37fbd7999ea79df8ebc024bf0.sdkstatcache -output-file-map /Users/udormphon/Library/Developer/Xcode/DerivedData/QuaraMoney-fxifejhenhasgrbqzikfosjgujqi/Build/Intermediates.noindex/QuaraMoney.build/Debug-iphonesimulator/QuaraMoney.build/Objects-normal/arm64/QuaraMoney-OutputFileMap.json -use-frontend-parseable-output -save-temps -no-color-diagnostics -explicit-module-build -module-cache-path /Users/udormphon/Library/Developer/Xcode/DerivedData/QuaraMoney-fxifejhenhasgrbqzikfosjgujqi/Build/Intermediates.noindex/SwiftExplicitPrecompiledModules -clang-scanner-module-cache-path /Users/udormphon/Library/Developer/Xcode/DerivedData/ModuleCache.noindex -sdk-module-cache-path /Users/udormphon/Library/Developer/Xcode/DerivedData/ModuleCache.noindex -serialize-diagnostics -emit-dependencies -emit-module -emit-module-path /Users/udormphon/Library/Developer/Xcode/DerivedData/QuaraMoney-fxifejhenhasgrbqzikfosjgujqi/Build/Intermediates.noindex/QuaraMoney.build/Debug-iphonesimulator/QuaraMoney.build/Objects-normal/arm64/QuaraMoney.swiftmodule -validate-clang-modules-once -clang-build-session-file /Users/udormphon/Library/Developer/Xcode/DerivedData/ModuleCache.noindex/Session.modulevalidation -Xcc -I/Users/udormphon/Library/Developer/Xcode/DerivedData/QuaraMoney-fxifejhenhasgrbqzikfosjgujqi/Build/Intermediates.noindex/QuaraMoney.build/Debug-iphonesimulator/QuaraMoney.build/swift-overrides.hmap -emit-const-values -Xfrontend -const-gather-protocols-file -Xfrontend /Users/udormphon/Library/Developer/Xcode/DerivedData/QuaraMoney-fxifejhenhasgrbqzikfosjgujqi/Build/Intermediates.noindex/QuaraMoney.build/Debug-iphonesimulator/QuaraMoney.build/Objects-normal/arm64/QuaraMoney_const_extract_protocols.json -Xcc -iquote -Xcc /Users/udormphon/Library/Developer/Xcode/DerivedData/QuaraMoney-fxifejhenhasgrbqzikfosjgujqi/Build/Intermediates.noindex/QuaraMoney.build/Debug-iphonesimulator/QuaraMoney.build/QuaraMoney-generated-files.hmap -Xcc -I/Users/udormphon/Library/Developer/Xcode/DerivedData/QuaraMoney-fxifejhenhasgrbqzikfosjgujqi/Build/Intermediates.noindex/QuaraMoney.build/Debug-iphonesimulator/QuaraMoney.build/QuaraMoney-own-target-headers.hmap -Xcc -I/Users/udormphon/Library/Developer/Xcode/DerivedData/QuaraMoney-fxifejhenhasgrbqzikfosjgujqi/Build/Intermediates.noindex/QuaraMoney.build/Debug-iphonesimulator/QuaraMoney.build/QuaraMoney-all-target-headers.hmap -Xcc -iquote -Xcc /Users/udormphon/Library/Developer/Xcode/DerivedData/QuaraMoney-fxifejhenhasgrbqzikfosjgujqi/Build/Intermediates.noindex/QuaraMoney.build/Debug-iphonesimulator/QuaraMoney.build/QuaraMoney-project-headers.hmap -Xcc -I/Users/udormphon/Library/Developer/Xcode/DerivedData/QuaraMoney-fxifejhenhasgrbqzikfosjgujqi/Build/Products/Debug-iphonesimulator/include -Xcc -I/Users/udormphon/Library/Developer/Xcode/DerivedData/QuaraMoney-fxifejhenhasgrbqzikfosjgujqi/Build/Intermediates.noindex/QuaraMoney.build/Debug-iphonesimulator/QuaraMoney.build/DerivedSources-normal/arm64 -Xcc -I/Users/udormphon/Library/Developer/Xcode/DerivedData/QuaraMoney-fxifejhenhasgrbqzikfosjgujqi/Build/Intermediates.noindex/QuaraMoney.build/Debug-iphonesimulator/QuaraMoney.build/DerivedSources/arm64 -Xcc -I/Users/udormphon/Library/Developer/Xcode/DerivedData/QuaraMoney-fxifejhenhasgrbqzikfosjgujqi/Build/Intermediates.noindex/QuaraMoney.build/Debug-iphonesimulator/QuaraMoney.build/DerivedSources -Xcc -DDEBUG\=1 -emit-objc-header -emit-objc-header-path /Users/udormphon/Library/Developer/Xcode/DerivedData/QuaraMoney-fxifejhenhasgrbqzikfosjgujqi/Build/Intermediates.noindex/QuaraMoney.build/Debug-iphonesimulator/QuaraMoney.build/Objects-normal/arm64/QuaraMoney-Swift.h -working-directory /Users/udormphon/Developer/QuaraMoney -experimental-emit-module-separately -disable-cmo

ProcessInfoPlistFile /Users/udormphon/Library/Developer/Xcode/DerivedData/QuaraMoney-fxifejhenhasgrbqzikfosjgujqi/Build/Products/Debug-iphonesimulator/QuaraMoney.app/Info.plist /Users/udormphon/Developer/QuaraMoney/Info.plist (in target 'QuaraMoney' from project 'QuaraMoney')
    cd /Users/udormphon/Developer/QuaraMoney
    builtin-infoPlistUtility /Users/udormphon/Developer/QuaraMoney/Info.plist -producttype com.apple.product-type.application -genpkginfo /Users/udormphon/Library/Developer/Xcode/DerivedData/QuaraMoney-fxifejhenhasgrbqzikfosjgujqi/Build/Products/Debug-iphonesimulator/QuaraMoney.app/PkgInfo -expandbuildsettings -format binary -platform iphonesimulator -additionalcontentfile /Users/udormphon/Library/Developer/Xcode/DerivedData/QuaraMoney-fxifejhenhasgrbqzikfosjgujqi/Build/Intermediates.noindex/QuaraMoney.build/Debug-iphonesimulator/QuaraMoney.build/assetcatalog_generated_info.plist -o /Users/udormphon/Library/Developer/Xcode/DerivedData/QuaraMoney-fxifejhenhasgrbqzikfosjgujqi/Build/Products/Debug-iphonesimulator/QuaraMoney.app/Info.plist

SwiftMergeGeneratedHeaders /Users/udormphon/Library/Developer/Xcode/DerivedData/QuaraMoney-fxifejhenhasgrbqzikfosjgujqi/Build/Intermediates.noindex/QuaraMoney.build/Debug-iphonesimulator/QuaraMoney.build/DerivedSources/QuaraMoney-Swift.h /Users/udormphon/Library/Developer/Xcode/DerivedData/QuaraMoney-fxifejhenhasgrbqzikfosjgujqi/Build/Intermediates.noindex/QuaraMoney.build/Debug-iphonesimulator/QuaraMoney.build/Objects-normal/arm64/QuaraMoney-Swift.h (in target 'QuaraMoney' from project 'QuaraMoney')
    cd /Users/udormphon/Developer/QuaraMoney
    builtin-swiftHeaderTool -arch arm64 /Users/udormphon/Library/Developer/Xcode/DerivedData/QuaraMoney-fxifejhenhasgrbqzikfosjgujqi/Build/Intermediates.noindex/QuaraMoney.build/Debug-iphonesimulator/QuaraMoney.build/Objects-normal/arm64/QuaraMoney-Swift.h -o /Users/udormphon/Library/Developer/Xcode/DerivedData/QuaraMoney-fxifejhenhasgrbqzikfosjgujqi/Build/Intermediates.noindex/QuaraMoney.build/Debug-iphonesimulator/QuaraMoney.build/DerivedSources/QuaraMoney-Swift.h

Copy /Users/udormphon/Library/Developer/Xcode/DerivedData/QuaraMoney-fxifejhenhasgrbqzikfosjgujqi/Build/Products/Debug-iphonesimulator/QuaraMoney.swiftmodule/arm64-apple-ios-simulator.swiftmodule /Users/udormphon/Library/Developer/Xcode/DerivedData/QuaraMoney-fxifejhenhasgrbqzikfosjgujqi/Build/Intermediates.noindex/QuaraMoney.build/Debug-iphonesimulator/QuaraMoney.build/Objects-normal/arm64/QuaraMoney.swiftmodule (in target 'QuaraMoney' from project 'QuaraMoney')
    cd /Users/udormphon/Developer/QuaraMoney
    builtin-copy -exclude .DS_Store -exclude CVS -exclude .svn -exclude .git -exclude .hg -resolve-src-symlinks -rename /Users/udormphon/Library/Developer/Xcode/DerivedData/QuaraMoney-fxifejhenhasgrbqzikfosjgujqi/Build/Intermediates.noindex/QuaraMoney.build/Debug-iphonesimulator/QuaraMoney.build/Objects-normal/arm64/QuaraMoney.swiftmodule /Users/udormphon/Library/Developer/Xcode/DerivedData/QuaraMoney-fxifejhenhasgrbqzikfosjgujqi/Build/Products/Debug-iphonesimulator/QuaraMoney.swiftmodule/arm64-apple-ios-simulator.swiftmodule

Copy /Users/udormphon/Library/Developer/Xcode/DerivedData/QuaraMoney-fxifejhenhasgrbqzikfosjgujqi/Build/Products/Debug-iphonesimulator/QuaraMoney.swiftmodule/arm64-apple-ios-simulator.swiftdoc /Users/udormphon/Library/Developer/Xcode/DerivedData/QuaraMoney-fxifejhenhasgrbqzikfosjgujqi/Build/Intermediates.noindex/QuaraMoney.build/Debug-iphonesimulator/QuaraMoney.build/Objects-normal/arm64/QuaraMoney.swiftdoc (in target 'QuaraMoney' from project 'QuaraMoney')
    cd /Users/udormphon/Developer/QuaraMoney
    builtin-copy -exclude .DS_Store -exclude CVS -exclude .svn -exclude .git -exclude .hg -resolve-src-symlinks -rename /Users/udormphon/Library/Developer/Xcode/DerivedData/QuaraMoney-fxifejhenhasgrbqzikfosjgujqi/Build/Intermediates.noindex/QuaraMoney.build/Debug-iphonesimulator/QuaraMoney.build/Objects-normal/arm64/QuaraMoney.swiftdoc /Users/udormphon/Library/Developer/Xcode/DerivedData/QuaraMoney-fxifejhenhasgrbqzikfosjgujqi/Build/Products/Debug-iphonesimulator/QuaraMoney.swiftmodule/arm64-apple-ios-simulator.swiftdoc

Copy /Users/udormphon/Library/Developer/Xcode/DerivedData/QuaraMoney-fxifejhenhasgrbqzikfosjgujqi/Build/Products/Debug-iphonesimulator/QuaraMoney.swiftmodule/arm64-apple-ios-simulator.abi.json /Users/udormphon/Library/Developer/Xcode/DerivedData/QuaraMoney-fxifejhenhasgrbqzikfosjgujqi/Build/Intermediates.noindex/QuaraMoney.build/Debug-iphonesimulator/QuaraMoney.build/Objects-normal/arm64/QuaraMoney.abi.json (in target 'QuaraMoney' from project 'QuaraMoney')
    cd /Users/udormphon/Developer/QuaraMoney
    builtin-copy -exclude .DS_Store -exclude CVS -exclude .svn -exclude .git -exclude .hg -resolve-src-symlinks -rename /Users/udormphon/Library/Developer/Xcode/DerivedData/QuaraMoney-fxifejhenhasgrbqzikfosjgujqi/Build/Intermediates.noindex/QuaraMoney.build/Debug-iphonesimulator/QuaraMoney.build/Objects-normal/arm64/QuaraMoney.abi.json /Users/udormphon/Library/Developer/Xcode/DerivedData/QuaraMoney-fxifejhenhasgrbqzikfosjgujqi/Build/Products/Debug-iphonesimulator/QuaraMoney.swiftmodule/arm64-apple-ios-simulator.abi.json

Copy /Users/udormphon/Library/Developer/Xcode/DerivedData/QuaraMoney-fxifejhenhasgrbqzikfosjgujqi/Build/Products/Debug-iphonesimulator/QuaraMoney.swiftmodule/Project/arm64-apple-ios-simulator.swiftsourceinfo /Users/udormphon/Library/Developer/Xcode/DerivedData/QuaraMoney-fxifejhenhasgrbqzikfosjgujqi/Build/Intermediates.noindex/QuaraMoney.build/Debug-iphonesimulator/QuaraMoney.build/Objects-normal/arm64/QuaraMoney.swiftsourceinfo (in target 'QuaraMoney' from project 'QuaraMoney')
    cd /Users/udormphon/Developer/QuaraMoney
    builtin-copy -exclude .DS_Store -exclude CVS -exclude .svn -exclude .git -exclude .hg -resolve-src-symlinks -rename /Users/udormphon/Library/Developer/Xcode/DerivedData/QuaraMoney-fxifejhenhasgrbqzikfosjgujqi/Build/Intermediates.noindex/QuaraMoney.build/Debug-iphonesimulator/QuaraMoney.build/Objects-normal/arm64/QuaraMoney.swiftsourceinfo /Users/udormphon/Library/Developer/Xcode/DerivedData/QuaraMoney-fxifejhenhasgrbqzikfosjgujqi/Build/Products/Debug-iphonesimulator/QuaraMoney.swiftmodule/Project/arm64-apple-ios-simulator.swiftsourceinfo

SwiftCompile normal arm64 Compiling\ AddBudgetView.swift,\ AnalysisView.swift,\ BudgetDetailView.swift,\ BudgetInsightsView.swift,\ BudgetListView.swift,\ BudgetSetupWizardView.swift,\ BudgetTabView.swift /Users/udormphon/Developer/QuaraMoney/QuaraMoney/Views/Analysis/AddBudgetView.swift /Users/udormphon/Developer/QuaraMoney/QuaraMoney/Views/Analysis/AnalysisView.swift /Users/udormphon/Developer/QuaraMoney/QuaraMoney/Views/Analysis/BudgetDetailView.swift /Users/udormphon/Developer/QuaraMoney/QuaraMoney/Views/Analysis/BudgetInsightsView.swift /Users/udormphon/Developer/QuaraMoney/QuaraMoney/Views/Analysis/BudgetListView.swift /Users/udormphon/Developer/QuaraMoney/QuaraMoney/Views/Analysis/BudgetSetupWizardView.swift /Users/udormphon/Developer/QuaraMoney/QuaraMoney/Views/Analysis/BudgetTabView.swift (in target 'QuaraMoney' from project 'QuaraMoney')
SwiftCompile normal arm64 /Users/udormphon/Developer/QuaraMoney/QuaraMoney/Views/Analysis/AddBudgetView.swift (in target 'QuaraMoney' from project 'QuaraMoney')
    cd /Users/udormphon/Developer/QuaraMoney
    

SwiftCompile normal arm64 /Users/udormphon/Developer/QuaraMoney/QuaraMoney/Views/Analysis/AnalysisView.swift (in target 'QuaraMoney' from project 'QuaraMoney')
    cd /Users/udormphon/Developer/QuaraMoney
    

SwiftCompile normal arm64 /Users/udormphon/Developer/QuaraMoney/QuaraMoney/Views/Analysis/BudgetDetailView.swift (in target 'QuaraMoney' from project 'QuaraMoney')
    cd /Users/udormphon/Developer/QuaraMoney
    

SwiftCompile normal arm64 /Users/udormphon/Developer/QuaraMoney/QuaraMoney/Views/Analysis/BudgetInsightsView.swift (in target 'QuaraMoney' from project 'QuaraMoney')
    cd /Users/udormphon/Developer/QuaraMoney
    

SwiftCompile normal arm64 /Users/udormphon/Developer/QuaraMoney/QuaraMoney/Views/Analysis/BudgetListView.swift (in target 'QuaraMoney' from project 'QuaraMoney')
    cd /Users/udormphon/Developer/QuaraMoney
    

SwiftCompile normal arm64 /Users/udormphon/Developer/QuaraMoney/QuaraMoney/Views/Analysis/BudgetSetupWizardView.swift (in target 'QuaraMoney' from project 'QuaraMoney')
    cd /Users/udormphon/Developer/QuaraMoney
    

SwiftCompile normal arm64 /Users/udormphon/Developer/QuaraMoney/QuaraMoney/Views/Analysis/BudgetTabView.swift (in target 'QuaraMoney' from project 'QuaraMoney')
    cd /Users/udormphon/Developer/QuaraMoney
    

SwiftDriverJobDiscovery normal arm64 Compiling AddDebtView.swift, DebtDetailView.swift, DebtListView.swift, EventLocationPickerView.swift, EventMapHeaderView.swift, EventMemberSnapshotRow.swift, EventSummaryCard.swift (in target 'QuaraMoney' from project 'QuaraMoney')

SwiftCompile normal arm64 Compiling\ OverlappingAvatarsView.swift,\ AddEventMemberView.swift,\ AddEventView.swift,\ HomeView.swift,\ AddCategoryView.swift,\ CategoryListView.swift,\ MoreView.swift /Users/udormphon/Developer/QuaraMoney/QuaraMoney/Views/Events/Components/OverlappingAvatarsView.swift /Users/udormphon/Developer/QuaraMoney/QuaraMoney/Views/Events/AddEventMemberView.swift /Users/udormphon/Developer/QuaraMoney/QuaraMoney/Views/Events/AddEventView.swift /Users/udormphon/Developer/QuaraMoney/QuaraMoney/Views/Home/HomeView.swift /Users/udormphon/Developer/QuaraMoney/QuaraMoney/Views/More/AddCategoryView.swift /Users/udormphon/Developer/QuaraMoney/QuaraMoney/Views/More/CategoryListView.swift /Users/udormphon/Developer/QuaraMoney/QuaraMoney/Views/More/MoreView.swift (in target 'QuaraMoney' from project 'QuaraMoney')

SwiftCompile normal arm64 /Users/udormphon/Developer/QuaraMoney/QuaraMoney/Views/Events/Components/OverlappingAvatarsView.swift (in target 'QuaraMoney' from project 'QuaraMoney')
    cd /Users/udormphon/Developer/QuaraMoney
    

SwiftCompile normal arm64 /Users/udormphon/Developer/QuaraMoney/QuaraMoney/Views/Events/AddEventMemberView.swift (in target 'QuaraMoney' from project 'QuaraMoney')
    cd /Users/udormphon/Developer/QuaraMoney
    

SwiftCompile normal arm64 /Users/udormphon/Developer/QuaraMoney/QuaraMoney/Views/Events/AddEventView.swift (in target 'QuaraMoney' from project 'QuaraMoney')
    cd /Users/udormphon/Developer/QuaraMoney
    

SwiftCompile normal arm64 /Users/udormphon/Developer/QuaraMoney/QuaraMoney/Views/Home/HomeView.swift (in target 'QuaraMoney' from project 'QuaraMoney')
    cd /Users/udormphon/Developer/QuaraMoney
    

SwiftCompile normal arm64 /Users/udormphon/Developer/QuaraMoney/QuaraMoney/Views/More/AddCategoryView.swift (in target 'QuaraMoney' from project 'QuaraMoney')
    cd /Users/udormphon/Developer/QuaraMoney
    

SwiftCompile normal arm64 /Users/udormphon/Developer/QuaraMoney/QuaraMoney/Views/More/CategoryListView.swift (in target 'QuaraMoney' from project 'QuaraMoney')
    cd /Users/udormphon/Developer/QuaraMoney
    

SwiftCompile normal arm64 /Users/udormphon/Developer/QuaraMoney/QuaraMoney/Views/More/MoreView.swift (in target 'QuaraMoney' from project 'QuaraMoney')
    cd /Users/udormphon/Developer/QuaraMoney
    

SwiftCompile normal arm64 Compiling\ EventSettlementView.swift /Users/udormphon/Developer/QuaraMoney/QuaraMoney/Views/Events/EventSettlementView.swift (in target 'QuaraMoney' from project 'QuaraMoney')

SwiftCompile normal arm64 /Users/udormphon/Developer/QuaraMoney/QuaraMoney/Views/Events/EventSettlementView.swift (in target 'QuaraMoney' from project 'QuaraMoney')
    cd /Users/udormphon/Developer/QuaraMoney
    

SwiftDriverJobDiscovery normal arm64 Compiling FilterSheetView.swift, FinancialSummaryCards.swift, IconPickerView.swift, MonthSelectionView.swift, MultiCategoryPicker.swift, NotificationCenterView.swift, ShareSheet.swift (in target 'QuaraMoney' from project 'QuaraMoney')

SwiftDriverJobDiscovery normal arm64 Compiling NotificationManager.swift, ThemeManager.swift, AddEventLedgerTransactionViewModel.swift, AddTransactionViewModel.swift, DebtFormViewModel.swift, HomeViewModel.swift, WalletDetailViewModel.swift (in target 'QuaraMoney' from project 'QuaraMoney')

SwiftDriverJobDiscovery normal arm64 Compiling EventDetailViewV2.swift, EventDetailViewV3.swift (in target 'QuaraMoney' from project 'QuaraMoney')

SwiftDriverJobDiscovery normal arm64 Compiling AddEventLedgerTransactionView.swift, EventDetailView.swift (in target 'QuaraMoney' from project 'QuaraMoney')

SwiftDriverJobDiscovery normal arm64 Compiling EditBudgetView.swift, AmountDisplayView.swift, AnalysisFilterSheetButton.swift, CalculatorKeyboardView.swift, CategoryGridItem.swift, ColorPickerView.swift, FilterMenuView.swift (in target 'QuaraMoney' from project 'QuaraMoney')

SwiftDriverJobDiscovery normal arm64 Compiling EventSettlementView.swift (in target 'QuaraMoney' from project 'QuaraMoney')

SwiftDriverJobDiscovery normal arm64 Compiling OnboardingView.swift, AddRecurringRuleView.swift, RecurringRuleListView.swift, SavingsGoalListView.swift, ScannerView.swift, CSVImportView.swift, CurrencySelectionView.swift (in target 'QuaraMoney' from project 'QuaraMoney')

SwiftDriverJobDiscovery normal arm64 Compiling OverlappingAvatarsView.swift, AddEventMemberView.swift, AddEventView.swift, HomeView.swift, AddCategoryView.swift, CategoryListView.swift, MoreView.swift (in target 'QuaraMoney' from project 'QuaraMoney')

SwiftDriverJobDiscovery normal arm64 Compiling Color+Hex.swift, String+Localization.swift, Budget.swift, BudgetNotificationService.swift, BudgetRolloverService.swift, CSVExportService.swift, CSVImportService.swift, DebtService.swift (in target 'QuaraMoney' from project 'QuaraMoney')

SwiftDriverJobDiscovery normal arm64 Compiling ExportOptionsView.swift, SettingsView.swift, ThemeSettingsView.swift, AddTransactionView.swift, TransactionListView.swift, TransactionRowView.swift, AdjustBalanceView.swift (in target 'QuaraMoney' from project 'QuaraMoney')

SwiftDriverJobDiscovery normal arm64 Compiling AddBudgetView.swift, AnalysisView.swift, BudgetDetailView.swift, BudgetInsightsView.swift, BudgetListView.swift, BudgetSetupWizardView.swift, BudgetTabView.swift (in target 'QuaraMoney' from project 'QuaraMoney')

SwiftDriver\ Compilation QuaraMoney normal arm64 com.apple.xcode.tools.swift.compiler (in target 'QuaraMoney' from project 'QuaraMoney')
    cd /Users/udormphon/Developer/QuaraMoney
    builtin-Swift-Compilation -- /Applications/Xcode.app/Contents/Developer/Toolchains/XcodeDefault.xctoolchain/usr/bin/swiftc -module-name QuaraMoney -Onone -enforce-exclusivity\=checked @/Users/udormphon/Library/Developer/Xcode/DerivedData/QuaraMoney-fxifejhenhasgrbqzikfosjgujqi/Build/Intermediates.noindex/QuaraMoney.build/Debug-iphonesimulator/QuaraMoney.build/Objects-normal/arm64/QuaraMoney.SwiftFileList -DDEBUG -default-isolation\=MainActor -enable-bare-slash-regex -enable-upcoming-feature DisableOutwardActorInference -enable-upcoming-feature InferSendableFromCaptures -enable-upcoming-feature GlobalActorIsolatedTypesUsability -enable-upcoming-feature MemberImportVisibility -enable-upcoming-feature InferIsolatedConformances -enable-upcoming-feature NonisolatedNonsendingByDefault -enable-experimental-feature DebugDescriptionMacro -sdk /Applications/Xcode.app/Contents/Developer/Platforms/iPhoneSimulator.platform/Developer/SDKs/iPhoneSimulator26.2.sdk -target arm64-apple-ios26.2-simulator -g -module-cache-path /Users/udormphon/Library/Developer/Xcode/DerivedData/ModuleCache.noindex -Xfrontend -serialize-debugging-options -profile-coverage-mapping -profile-generate -enable-testing -index-store-path /Users/udormphon/Library/Developer/Xcode/DerivedData/QuaraMoney-fxifejhenhasgrbqzikfosjgujqi/Index.noindex/DataStore -Xcc -D_LIBCPP_HARDENING_MODE\=_LIBCPP_HARDENING_MODE_DEBUG -swift-version 5 -I /Users/udormphon/Library/Developer/Xcode/DerivedData/QuaraMoney-fxifejhenhasgrbqzikfosjgujqi/Build/Products/Debug-iphonesimulator -F /Users/udormphon/Library/Developer/Xcode/DerivedData/QuaraMoney-fxifejhenhasgrbqzikfosjgujqi/Build/Products/Debug-iphonesimulator -emit-localized-strings -emit-localized-strings-path /Users/udormphon/Library/Developer/Xcode/DerivedData/QuaraMoney-fxifejhenhasgrbqzikfosjgujqi/Build/Intermediates.noindex/QuaraMoney.build/Debug-iphonesimulator/QuaraMoney.build/Objects-normal/arm64 -c -j10 -enable-batch-mode -incremental -Xcc -ivfsstatcache -Xcc /Users/udormphon/Library/Developer/Xcode/DerivedData/SDKStatCaches.noindex/iphonesimulator26.2-23C53-7d00a8b37fbd7999ea79df8ebc024bf0.sdkstatcache -output-file-map /Users/udormphon/Library/Developer/Xcode/DerivedData/QuaraMoney-fxifejhenhasgrbqzikfosjgujqi/Build/Intermediates.noindex/QuaraMoney.build/Debug-iphonesimulator/QuaraMoney.build/Objects-normal/arm64/QuaraMoney-OutputFileMap.json -use-frontend-parseable-output -save-temps -no-color-diagnostics -explicit-module-build -module-cache-path /Users/udormphon/Library/Developer/Xcode/DerivedData/QuaraMoney-fxifejhenhasgrbqzikfosjgujqi/Build/Intermediates.noindex/SwiftExplicitPrecompiledModules -clang-scanner-module-cache-path /Users/udormphon/Library/Developer/Xcode/DerivedData/ModuleCache.noindex -sdk-module-cache-path /Users/udormphon/Library/Developer/Xcode/DerivedData/ModuleCache.noindex -serialize-diagnostics -emit-dependencies -emit-module -emit-module-path /Users/udormphon/Library/Developer/Xcode/DerivedData/QuaraMoney-fxifejhenhasgrbqzikfosjgujqi/Build/Intermediates.noindex/QuaraMoney.build/Debug-iphonesimulator/QuaraMoney.build/Objects-normal/arm64/QuaraMoney.swiftmodule -validate-clang-modules-once -clang-build-session-file /Users/udormphon/Library/Developer/Xcode/DerivedData/ModuleCache.noindex/Session.modulevalidation -Xcc -I/Users/udormphon/Library/Developer/Xcode/DerivedData/QuaraMoney-fxifejhenhasgrbqzikfosjgujqi/Build/Intermediates.noindex/QuaraMoney.build/Debug-iphonesimulator/QuaraMoney.build/swift-overrides.hmap -emit-const-values -Xfrontend -const-gather-protocols-file -Xfrontend /Users/udormphon/Library/Developer/Xcode/DerivedData/QuaraMoney-fxifejhenhasgrbqzikfosjgujqi/Build/Intermediates.noindex/QuaraMoney.build/Debug-iphonesimulator/QuaraMoney.build/Objects-normal/arm64/QuaraMoney_const_extract_protocols.json -Xcc -iquote -Xcc /Users/udormphon/Library/Developer/Xcode/DerivedData/QuaraMoney-fxifejhenhasgrbqzikfosjgujqi/Build/Intermediates.noindex/QuaraMoney.build/Debug-iphonesimulator/QuaraMoney.build/QuaraMoney-generated-files.hmap -Xcc -I/Users/udormphon/Library/Developer/Xcode/DerivedData/QuaraMoney-fxifejhenhasgrbqzikfosjgujqi/Build/Intermediates.noindex/QuaraMoney.build/Debug-iphonesimulator/QuaraMoney.build/QuaraMoney-own-target-headers.hmap -Xcc -I/Users/udormphon/Library/Developer/Xcode/DerivedData/QuaraMoney-fxifejhenhasgrbqzikfosjgujqi/Build/Intermediates.noindex/QuaraMoney.build/Debug-iphonesimulator/QuaraMoney.build/QuaraMoney-all-target-headers.hmap -Xcc -iquote -Xcc /Users/udormphon/Library/Developer/Xcode/DerivedData/QuaraMoney-fxifejhenhasgrbqzikfosjgujqi/Build/Intermediates.noindex/QuaraMoney.build/Debug-iphonesimulator/QuaraMoney.build/QuaraMoney-project-headers.hmap -Xcc -I/Users/udormphon/Library/Developer/Xcode/DerivedData/QuaraMoney-fxifejhenhasgrbqzikfosjgujqi/Build/Products/Debug-iphonesimulator/include -Xcc -I/Users/udormphon/Library/Developer/Xcode/DerivedData/QuaraMoney-fxifejhenhasgrbqzikfosjgujqi/Build/Intermediates.noindex/QuaraMoney.build/Debug-iphonesimulator/QuaraMoney.build/DerivedSources-normal/arm64 -Xcc -I/Users/udormphon/Library/Developer/Xcode/DerivedData/QuaraMoney-fxifejhenhasgrbqzikfosjgujqi/Build/Intermediates.noindex/QuaraMoney.build/Debug-iphonesimulator/QuaraMoney.build/DerivedSources/arm64 -Xcc -I/Users/udormphon/Library/Developer/Xcode/DerivedData/QuaraMoney-fxifejhenhasgrbqzikfosjgujqi/Build/Intermediates.noindex/QuaraMoney.build/Debug-iphonesimulator/QuaraMoney.build/DerivedSources -Xcc -DDEBUG\=1 -emit-objc-header -emit-objc-header-path /Users/udormphon/Library/Developer/Xcode/DerivedData/QuaraMoney-fxifejhenhasgrbqzikfosjgujqi/Build/Intermediates.noindex/QuaraMoney.build/Debug-iphonesimulator/QuaraMoney.build/Objects-normal/arm64/QuaraMoney-Swift.h -working-directory /Users/udormphon/Developer/QuaraMoney -experimental-emit-module-separately -disable-cmo

Ld /Users/udormphon/Library/Developer/Xcode/DerivedData/QuaraMoney-fxifejhenhasgrbqzikfosjgujqi/Build/Products/Debug-iphonesimulator/QuaraMoney.app/QuaraMoney.debug.dylib normal (in target 'QuaraMoney' from project 'QuaraMoney')
    cd /Users/udormphon/Developer/QuaraMoney
    /Applications/Xcode.app/Contents/Developer/Toolchains/XcodeDefault.xctoolchain/usr/bin/clang -Xlinker -reproducible -target arm64-apple-ios26.2-simulator -dynamiclib -isysroot /Applications/Xcode.app/Contents/Developer/Platforms/iPhoneSimulator.platform/Developer/SDKs/iPhoneSimulator26.2.sdk -O0 -L/Users/udormphon/Library/Developer/Xcode/DerivedData/QuaraMoney-fxifejhenhasgrbqzikfosjgujqi/Build/Intermediates.noindex/EagerLinkingTBDs/Debug-iphonesimulator -L/Users/udormphon/Library/Developer/Xcode/DerivedData/QuaraMoney-fxifejhenhasgrbqzikfosjgujqi/Build/Products/Debug-iphonesimulator -F/Users/udormphon/Library/Developer/Xcode/DerivedData/QuaraMoney-fxifejhenhasgrbqzikfosjgujqi/Build/Intermediates.noindex/EagerLinkingTBDs/Debug-iphonesimulator -F/Users/udormphon/Library/Developer/Xcode/DerivedData/QuaraMoney-fxifejhenhasgrbqzikfosjgujqi/Build/Products/Debug-iphonesimulator -filelist /Users/udormphon/Library/Developer/Xcode/DerivedData/QuaraMoney-fxifejhenhasgrbqzikfosjgujqi/Build/Intermediates.noindex/QuaraMoney.build/Debug-iphonesimulator/QuaraMoney.build/Objects-normal/arm64/QuaraMoney.LinkFileList -install_name @rpath/QuaraMoney.debug.dylib -Xlinker -rpath -Xlinker @executable_path/Frameworks -dead_strip -Xlinker -object_path_lto -Xlinker /Users/udormphon/Library/Developer/Xcode/DerivedData/QuaraMoney-fxifejhenhasgrbqzikfosjgujqi/Build/Intermediates.noindex/QuaraMoney.build/Debug-iphonesimulator/QuaraMoney.build/Objects-normal/arm64/QuaraMoney_lto.o -rdynamic -Xlinker -no_deduplicate -Xlinker -objc_abi_version -Xlinker 2 -Xlinker -debug_variant -Xlinker -dependency_info -Xlinker /Users/udormphon/Library/Developer/Xcode/DerivedData/QuaraMoney-fxifejhenhasgrbqzikfosjgujqi/Build/Intermediates.noindex/QuaraMoney.build/Debug-iphonesimulator/QuaraMoney.build/Objects-normal/arm64/QuaraMoney_dependency_info.dat -fobjc-link-runtime -fprofile-instr-generate -L/Applications/Xcode.app/Contents/Developer/Toolchains/XcodeDefault.xctoolchain/usr/lib/swift/iphonesimulator -L/usr/lib/swift -Xlinker -add_ast_path -Xlinker /Users/udormphon/Library/Developer/Xcode/DerivedData/QuaraMoney-fxifejhenhasgrbqzikfosjgujqi/Build/Intermediates.noindex/QuaraMoney.build/Debug-iphonesimulator/QuaraMoney.build/Objects-normal/arm64/QuaraMoney.swiftmodule @/Users/udormphon/Library/Developer/Xcode/DerivedData/QuaraMoney-fxifejhenhasgrbqzikfosjgujqi/Build/Intermediates.noindex/QuaraMoney.build/Debug-iphonesimulator/QuaraMoney.build/Objects-normal/arm64/QuaraMoney-linker-args.resp -Xlinker -alias -Xlinker _main -Xlinker ___debug_main_executable_dylib_entry_point -Xlinker -no_adhoc_codesign -o /Users/udormphon/Library/Developer/Xcode/DerivedData/QuaraMoney-fxifejhenhasgrbqzikfosjgujqi/Build/Products/Debug-iphonesimulator/QuaraMoney.app/QuaraMoney.debug.dylib

ConstructStubExecutorLinkFileList /Users/udormphon/Library/Developer/Xcode/DerivedData/QuaraMoney-fxifejhenhasgrbqzikfosjgujqi/Build/Intermediates.noindex/QuaraMoney.build/Debug-iphonesimulator/QuaraMoney.build/QuaraMoney-ExecutorLinkFileList-normal-arm64.txt (in target 'QuaraMoney' from project 'QuaraMoney')
    cd /Users/udormphon/Developer/QuaraMoney
    construct-stub-executor-link-file-list /Users/udormphon/Library/Developer/Xcode/DerivedData/QuaraMoney-fxifejhenhasgrbqzikfosjgujqi/Build/Products/Debug-iphonesimulator/QuaraMoney.app/QuaraMoney.debug.dylib /Applications/Xcode.app/Contents/Developer/Platforms/iPhoneSimulator.platform/Developer/usr/lib/libPreviewsJITStubExecutor_no_swift_entry_point.a /Applications/Xcode.app/Contents/Developer/Platforms/iPhoneSimulator.platform/Developer/usr/lib/libPreviewsJITStubExecutor.a --output /Users/udormphon/Library/Developer/Xcode/DerivedData/QuaraMoney-fxifejhenhasgrbqzikfosjgujqi/Build/Intermediates.noindex/QuaraMoney.build/Debug-iphonesimulator/QuaraMoney.build/QuaraMoney-ExecutorLinkFileList-normal-arm64.txt
note: Using stub executor library with Swift entry point. (in target 'QuaraMoney' from project 'QuaraMoney')

Ld /Users/udormphon/Library/Developer/Xcode/DerivedData/QuaraMoney-fxifejhenhasgrbqzikfosjgujqi/Build/Products/Debug-iphonesimulator/QuaraMoney.app/QuaraMoney normal (in target 'QuaraMoney' from project 'QuaraMoney')
    cd /Users/udormphon/Developer/QuaraMoney
    /Applications/Xcode.app/Contents/Developer/Toolchains/XcodeDefault.xctoolchain/usr/bin/clang -Xlinker -reproducible -target arm64-apple-ios26.2-simulator -isysroot /Applications/Xcode.app/Contents/Developer/Platforms/iPhoneSimulator.platform/Developer/SDKs/iPhoneSimulator26.2.sdk -O0 -L/Users/udormphon/Library/Developer/Xcode/DerivedData/QuaraMoney-fxifejhenhasgrbqzikfosjgujqi/Build/Products/Debug-iphonesimulator -F/Users/udormphon/Library/Developer/Xcode/DerivedData/QuaraMoney-fxifejhenhasgrbqzikfosjgujqi/Build/Products/Debug-iphonesimulator -Xlinker -rpath -Xlinker @executable_path -Xlinker -rpath -Xlinker @executable_path/Frameworks -rdynamic -Xlinker -no_deduplicate -Xlinker -objc_abi_version -Xlinker 2 -Xlinker -debug_variant -e ___debug_blank_executor_main -Xlinker -sectcreate -Xlinker __TEXT -Xlinker __debug_dylib -Xlinker /Users/udormphon/Library/Developer/Xcode/DerivedData/QuaraMoney-fxifejhenhasgrbqzikfosjgujqi/Build/Intermediates.noindex/QuaraMoney.build/Debug-iphonesimulator/QuaraMoney.build/QuaraMoney-DebugDylibPath-normal-arm64.txt -Xlinker -sectcreate -Xlinker __TEXT -Xlinker __debug_instlnm -Xlinker /Users/udormphon/Library/Developer/Xcode/DerivedData/QuaraMoney-fxifejhenhasgrbqzikfosjgujqi/Build/Intermediates.noindex/QuaraMoney.build/Debug-iphonesimulator/QuaraMoney.build/QuaraMoney-DebugDylibInstallName-normal-arm64.txt -Xlinker -filelist -Xlinker /Users/udormphon/Library/Developer/Xcode/DerivedData/QuaraMoney-fxifejhenhasgrbqzikfosjgujqi/Build/Intermediates.noindex/QuaraMoney.build/Debug-iphonesimulator/QuaraMoney.build/QuaraMoney-ExecutorLinkFileList-normal-arm64.txt -Xlinker -sectcreate -Xlinker __TEXT -Xlinker __entitlements -Xlinker /Users/udormphon/Library/Developer/Xcode/DerivedData/QuaraMoney-fxifejhenhasgrbqzikfosjgujqi/Build/Intermediates.noindex/QuaraMoney.build/Debug-iphonesimulator/QuaraMoney.build/QuaraMoney.app-Simulated.xcent -Xlinker -sectcreate -Xlinker __TEXT -Xlinker __ents_der -Xlinker /Users/udormphon/Library/Developer/Xcode/DerivedData/QuaraMoney-fxifejhenhasgrbqzikfosjgujqi/Build/Intermediates.noindex/QuaraMoney.build/Debug-iphonesimulator/QuaraMoney.build/QuaraMoney.app-Simulated.xcent.der /Users/udormphon/Library/Developer/Xcode/DerivedData/QuaraMoney-fxifejhenhasgrbqzikfosjgujqi/Build/Products/Debug-iphonesimulator/QuaraMoney.app/QuaraMoney.debug.dylib -Xlinker -no_adhoc_codesign -o /Users/udormphon/Library/Developer/Xcode/DerivedData/QuaraMoney-fxifejhenhasgrbqzikfosjgujqi/Build/Products/Debug-iphonesimulator/QuaraMoney.app/QuaraMoney

CopySwiftLibs /Users/udormphon/Library/Developer/Xcode/DerivedData/QuaraMoney-fxifejhenhasgrbqzikfosjgujqi/Build/Products/Debug-iphonesimulator/QuaraMoney.app (in target 'QuaraMoney' from project 'QuaraMoney')
    cd /Users/udormphon/Developer/QuaraMoney
    builtin-swiftStdLibTool --copy --verbose --sign - --scan-executable /Users/udormphon/Library/Developer/Xcode/DerivedData/QuaraMoney-fxifejhenhasgrbqzikfosjgujqi/Build/Products/Debug-iphonesimulator/QuaraMoney.app/QuaraMoney.debug.dylib --scan-folder /Users/udormphon/Library/Developer/Xcode/DerivedData/QuaraMoney-fxifejhenhasgrbqzikfosjgujqi/Build/Products/Debug-iphonesimulator/QuaraMoney.app/Frameworks --scan-folder /Users/udormphon/Library/Developer/Xcode/DerivedData/QuaraMoney-fxifejhenhasgrbqzikfosjgujqi/Build/Products/Debug-iphonesimulator/QuaraMoney.app/PlugIns --scan-folder /Users/udormphon/Library/Developer/Xcode/DerivedData/QuaraMoney-fxifejhenhasgrbqzikfosjgujqi/Build/Products/Debug-iphonesimulator/QuaraMoney.app/SystemExtensions --scan-folder /Users/udormphon/Library/Developer/Xcode/DerivedData/QuaraMoney-fxifejhenhasgrbqzikfosjgujqi/Build/Products/Debug-iphonesimulator/QuaraMoney.app/Extensions --platform iphonesimulator --toolchain /Applications/Xcode.app/Contents/Developer/Toolchains/XcodeDefault.xctoolchain --destination /Users/udormphon/Library/Developer/Xcode/DerivedData/QuaraMoney-fxifejhenhasgrbqzikfosjgujqi/Build/Products/Debug-iphonesimulator/QuaraMoney.app/Frameworks --strip-bitcode --strip-bitcode-tool /Applications/Xcode.app/Contents/Developer/Toolchains/XcodeDefault.xctoolchain/usr/bin/bitcode_strip --emit-dependency-info /Users/udormphon/Library/Developer/Xcode/DerivedData/QuaraMoney-fxifejhenhasgrbqzikfosjgujqi/Build/Intermediates.noindex/QuaraMoney.build/Debug-iphonesimulator/QuaraMoney.build/SwiftStdLibToolInputDependencies.dep --filter-for-swift-os

ExtractAppIntentsMetadata (in target 'QuaraMoney' from project 'QuaraMoney')
    cd /Users/udormphon/Developer/QuaraMoney
    /Applications/Xcode.app/Contents/Developer/Toolchains/XcodeDefault.xctoolchain/usr/bin/appintentsmetadataprocessor --toolchain-dir /Applications/Xcode.app/Contents/Developer/Toolchains/XcodeDefault.xctoolchain --module-name QuaraMoney --sdk-root /Applications/Xcode.app/Contents/Developer/Platforms/iPhoneSimulator.platform/Developer/SDKs/iPhoneSimulator26.2.sdk --xcode-version 17C52 --platform-family iOS --deployment-target 26.2 --bundle-identifier uk.dormmy.QuaraMoney --output /Users/udormphon/Library/Developer/Xcode/DerivedData/QuaraMoney-fxifejhenhasgrbqzikfosjgujqi/Build/Products/Debug-iphonesimulator/QuaraMoney.app --target-triple arm64-apple-ios26.2-simulator --binary-file /Users/udormphon/Library/Developer/Xcode/DerivedData/QuaraMoney-fxifejhenhasgrbqzikfosjgujqi/Build/Products/Debug-iphonesimulator/QuaraMoney.app/QuaraMoney --dependency-file /Users/udormphon/Library/Developer/Xcode/DerivedData/QuaraMoney-fxifejhenhasgrbqzikfosjgujqi/Build/Intermediates.noindex/QuaraMoney.build/Debug-iphonesimulator/QuaraMoney.build/Objects-normal/arm64/QuaraMoney_dependency_info.dat --stringsdata-file /Users/udormphon/Library/Developer/Xcode/DerivedData/QuaraMoney-fxifejhenhasgrbqzikfosjgujqi/Build/Intermediates.noindex/QuaraMoney.build/Debug-iphonesimulator/QuaraMoney.build/Objects-normal/arm64/ExtractedAppShortcutsMetadata.stringsdata --source-file-list /Users/udormphon/Library/Developer/Xcode/DerivedData/QuaraMoney-fxifejhenhasgrbqzikfosjgujqi/Build/Intermediates.noindex/QuaraMoney.build/Debug-iphonesimulator/QuaraMoney.build/Objects-normal/arm64/QuaraMoney.SwiftFileList --metadata-file-list /Users/udormphon/Library/Developer/Xcode/DerivedData/QuaraMoney-fxifejhenhasgrbqzikfosjgujqi/Build/Intermediates.noindex/QuaraMoney.build/Debug-iphonesimulator/QuaraMoney.build/QuaraMoney.DependencyMetadataFileList --static-metadata-file-list /Users/udormphon/Library/Developer/Xcode/DerivedData/QuaraMoney-fxifejhenhasgrbqzikfosjgujqi/Build/Intermediates.noindex/QuaraMoney.build/Debug-iphonesimulator/QuaraMoney.build/QuaraMoney.DependencyStaticMetadataFileList --swift-const-vals-list /Users/udormphon/Library/Developer/Xcode/DerivedData/QuaraMoney-fxifejhenhasgrbqzikfosjgujqi/Build/Intermediates.noindex/QuaraMoney.build/Debug-iphonesimulator/QuaraMoney.build/Objects-normal/arm64/QuaraMoney.SwiftConstValuesFileList --compile-time-extraction --deployment-aware-processing --validate-assistant-intents --no-app-shortcuts-localization
2026-02-20 23:08:31.492 appintentsmetadataprocessor[29656:25553842] Starting appintentsmetadataprocessor export
2026-02-20 23:08:31.493 appintentsmetadataprocessor[29656:25553842] warning: Metadata extraction skipped. No AppIntents.framework dependency found.

CodeSign /Users/udormphon/Library/Developer/Xcode/DerivedData/QuaraMoney-fxifejhenhasgrbqzikfosjgujqi/Build/Products/Debug-iphonesimulator/QuaraMoney.app/QuaraMoney.debug.dylib (in target 'QuaraMoney' from project 'QuaraMoney')
    cd /Users/udormphon/Developer/QuaraMoney
    
    Signing Identity:     "Sign to Run Locally"
    
    /usr/bin/codesign --force --sign - --timestamp\=none --generate-entitlement-der /Users/udormphon/Library/Developer/Xcode/DerivedData/QuaraMoney-fxifejhenhasgrbqzikfosjgujqi/Build/Products/Debug-iphonesimulator/QuaraMoney.app/QuaraMoney.debug.dylib

CodeSign /Users/udormphon/Library/Developer/Xcode/DerivedData/QuaraMoney-fxifejhenhasgrbqzikfosjgujqi/Build/Products/Debug-iphonesimulator/QuaraMoney.app/__preview.dylib (in target 'QuaraMoney' from project 'QuaraMoney')
    cd /Users/udormphon/Developer/QuaraMoney
    
    Signing Identity:     "Sign to Run Locally"
    
    /usr/bin/codesign --force --sign - --timestamp\=none --generate-entitlement-der /Users/udormphon/Library/Developer/Xcode/DerivedData/QuaraMoney-fxifejhenhasgrbqzikfosjgujqi/Build/Products/Debug-iphonesimulator/QuaraMoney.app/__preview.dylib
/Users/udormphon/Library/Developer/Xcode/DerivedData/QuaraMoney-fxifejhenhasgrbqzikfosjgujqi/Build/Products/Debug-iphonesimulator/QuaraMoney.app/__preview.dylib: replacing existing signature

CodeSign /Users/udormphon/Library/Developer/Xcode/DerivedData/QuaraMoney-fxifejhenhasgrbqzikfosjgujqi/Build/Products/Debug-iphonesimulator/QuaraMoney.app (in target 'QuaraMoney' from project 'QuaraMoney')
    cd /Users/udormphon/Developer/QuaraMoney
    
    Signing Identity:     "Sign to Run Locally"
    
    /usr/bin/codesign --force --sign - --timestamp\=none --generate-entitlement-der /Users/udormphon/Library/Developer/Xcode/DerivedData/QuaraMoney-fxifejhenhasgrbqzikfosjgujqi/Build/Products/Debug-iphonesimulator/QuaraMoney.app

Validate /Users/udormphon/Library/Developer/Xcode/DerivedData/QuaraMoney-fxifejhenhasgrbqzikfosjgujqi/Build/Products/Debug-iphonesimulator/QuaraMoney.app (in target 'QuaraMoney' from project 'QuaraMoney')
    cd /Users/udormphon/Developer/QuaraMoney
    builtin-validationUtility /Users/udormphon/Library/Developer/Xcode/DerivedData/QuaraMoney-fxifejhenhasgrbqzikfosjgujqi/Build/Products/Debug-iphonesimulator/QuaraMoney.app -shallow-bundle -infoplist-subpath Info.plist

note: Disabling hardened runtime with ad-hoc codesigning. (in target 'QuaraMoney' from project 'QuaraMoney')
** BUILD SUCCEEDED **

