Command line invocation:
    /Applications/Xcode.app/Contents/Developer/usr/bin/xcodebuild -project QuaraMoney.xcodeproj -scheme QuaraMoney -destination "platform=iOS Simulator,name=iPhone 17" clean build

2026-02-09 20:52:38.342 xcodebuild[13229:19514290] [MT] IDERunDestination: Supported platforms for the buildables in the current scheme is empty.
CreateBuildRequest

SendProjectDescription

CreateBuildOperation

** CLEAN SUCCEEDED **

ComputePackagePrebuildTargetDependencyGraph

Prepare packages

CreateBuildRequest

SendProjectDescription

CreateBuildOperation

ComputeTargetDependencyGraph
note: Building targets in dependency order
note: Target dependency graph (1 target)
    Target 'QuaraMoney' in project 'QuaraMoney' (no dependencies)

GatherProvisioningInputs

CreateBuildDescription

ExecuteExternalTool /Applications/Xcode.app/Contents/Developer/Toolchains/XcodeDefault.xctoolchain/usr/bin/clang -v -E -dM -isysroot /Applications/Xcode.app/Contents/Developer/Platforms/iPhoneSimulator.platform/Developer/SDKs/iPhoneSimulator26.2.sdk -x c -c /dev/null

ExecuteExternalTool /Applications/Xcode.app/Contents/Developer/usr/bin/actool --print-asset-tag-combinations --output-format xml1 /Users/udormphon/Developer/QuaraMoney/QuaraMoney/Assets.xcassets

ExecuteExternalTool /Applications/Xcode.app/Contents/Developer/usr/bin/actool --version --output-format xml1

ExecuteExternalTool /Applications/Xcode.app/Contents/Developer/Toolchains/XcodeDefault.xctoolchain/usr/bin/swiftc --version

ExecuteExternalTool /Applications/Xcode.app/Contents/Developer/Toolchains/XcodeDefault.xctoolchain/usr/bin/ld -version_details

Build description signature: d21909d9d841a702a65bbe3e8b7f63a8
Build description path: /Users/udormphon/Library/Developer/Xcode/DerivedData/QuaraMoney-fxifejhenhasgrbqzikfosjgujqi/Build/Intermediates.noindex/XCBuildData/d21909d9d841a702a65bbe3e8b7f63a8.xcbuilddata
ClangStatCache /Applications/Xcode.app/Contents/Developer/Toolchains/XcodeDefault.xctoolchain/usr/bin/clang-stat-cache /Applications/Xcode.app/Contents/Developer/Platforms/iPhoneSimulator.platform/Developer/SDKs/iPhoneSimulator26.2.sdk /Users/udormphon/Library/Developer/Xcode/DerivedData/SDKStatCaches.noindex/iphonesimulator26.2-23C53-7d00a8b37fbd7999ea79df8ebc024bf0.sdkstatcache
    cd /Users/udormphon/Developer/QuaraMoney/QuaraMoney.xcodeproj
    /Applications/Xcode.app/Contents/Developer/Toolchains/XcodeDefault.xctoolchain/usr/bin/clang-stat-cache /Applications/Xcode.app/Contents/Developer/Platforms/iPhoneSimulator.platform/Developer/SDKs/iPhoneSimulator26.2.sdk -o /Users/udormphon/Library/Developer/Xcode/DerivedData/SDKStatCaches.noindex/iphonesimulator26.2-23C53-7d00a8b37fbd7999ea79df8ebc024bf0.sdkstatcache

CreateBuildDirectory /Users/udormphon/Library/Developer/Xcode/DerivedData/QuaraMoney-fxifejhenhasgrbqzikfosjgujqi/Build/Products
    cd /Users/udormphon/Developer/QuaraMoney/QuaraMoney.xcodeproj
    builtin-create-build-directory /Users/udormphon/Library/Developer/Xcode/DerivedData/QuaraMoney-fxifejhenhasgrbqzikfosjgujqi/Build/Products

CreateBuildDirectory /Users/udormphon/Library/Developer/Xcode/DerivedData/QuaraMoney-fxifejhenhasgrbqzikfosjgujqi/Build/Intermediates.noindex
    cd /Users/udormphon/Developer/QuaraMoney/QuaraMoney.xcodeproj
    builtin-create-build-directory /Users/udormphon/Library/Developer/Xcode/DerivedData/QuaraMoney-fxifejhenhasgrbqzikfosjgujqi/Build/Intermediates.noindex

CreateBuildDirectory /Users/udormphon/Library/Developer/Xcode/DerivedData/QuaraMoney-fxifejhenhasgrbqzikfosjgujqi/Build/Products/Debug-iphonesimulator
    cd /Users/udormphon/Developer/QuaraMoney/QuaraMoney.xcodeproj
    builtin-create-build-directory /Users/udormphon/Library/Developer/Xcode/DerivedData/QuaraMoney-fxifejhenhasgrbqzikfosjgujqi/Build/Products/Debug-iphonesimulator

CreateBuildDirectory /Users/udormphon/Library/Developer/Xcode/DerivedData/QuaraMoney-fxifejhenhasgrbqzikfosjgujqi/Build/Intermediates.noindex/ExplicitPrecompiledModules
    cd /Users/udormphon/Developer/QuaraMoney/QuaraMoney.xcodeproj
    builtin-create-build-directory /Users/udormphon/Library/Developer/Xcode/DerivedData/QuaraMoney-fxifejhenhasgrbqzikfosjgujqi/Build/Intermediates.noindex/ExplicitPrecompiledModules

CreateBuildDirectory /Users/udormphon/Library/Developer/Xcode/DerivedData/QuaraMoney-fxifejhenhasgrbqzikfosjgujqi/Build/Intermediates.noindex/SwiftExplicitPrecompiledModules
    cd /Users/udormphon/Developer/QuaraMoney/QuaraMoney.xcodeproj
    builtin-create-build-directory /Users/udormphon/Library/Developer/Xcode/DerivedData/QuaraMoney-fxifejhenhasgrbqzikfosjgujqi/Build/Intermediates.noindex/SwiftExplicitPrecompiledModules

WriteAuxiliaryFile /Users/udormphon/Library/Developer/Xcode/DerivedData/QuaraMoney-fxifejhenhasgrbqzikfosjgujqi/Build/Intermediates.noindex/QuaraMoney.build/Debug-iphonesimulator/QuaraMoney-3299f4a195a75435617ea4a78014ba90-VFS-iphonesimulator/all-product-headers.yaml
    cd /Users/udormphon/Developer/QuaraMoney/QuaraMoney.xcodeproj
    write-file /Users/udormphon/Library/Developer/Xcode/DerivedData/QuaraMoney-fxifejhenhasgrbqzikfosjgujqi/Build/Intermediates.noindex/QuaraMoney.build/Debug-iphonesimulator/QuaraMoney-3299f4a195a75435617ea4a78014ba90-VFS-iphonesimulator/all-product-headers.yaml

CreateBuildDirectory /Users/udormphon/Library/Developer/Xcode/DerivedData/QuaraMoney-fxifejhenhasgrbqzikfosjgujqi/Build/Intermediates.noindex/EagerLinkingTBDs/Debug-iphonesimulator
    cd /Users/udormphon/Developer/QuaraMoney/QuaraMoney.xcodeproj
    builtin-create-build-directory /Users/udormphon/Library/Developer/Xcode/DerivedData/QuaraMoney-fxifejhenhasgrbqzikfosjgujqi/Build/Intermediates.noindex/EagerLinkingTBDs/Debug-iphonesimulator

WriteAuxiliaryFile /Users/udormphon/Library/Developer/Xcode/DerivedData/QuaraMoney-fxifejhenhasgrbqzikfosjgujqi/Build/Intermediates.noindex/QuaraMoney.build/Debug-iphonesimulator/QuaraMoney.build/QuaraMoney-all-non-framework-target-headers.hmap (in target 'QuaraMoney' from project 'QuaraMoney')
    cd /Users/udormphon/Developer/QuaraMoney
    write-file /Users/udormphon/Library/Developer/Xcode/DerivedData/QuaraMoney-fxifejhenhasgrbqzikfosjgujqi/Build/Intermediates.noindex/QuaraMoney.build/Debug-iphonesimulator/QuaraMoney.build/QuaraMoney-all-non-framework-target-headers.hmap

WriteAuxiliaryFile /Users/udormphon/Library/Developer/Xcode/DerivedData/QuaraMoney-fxifejhenhasgrbqzikfosjgujqi/Build/Intermediates.noindex/QuaraMoney.build/Debug-iphonesimulator/QuaraMoney.build/QuaraMoney.hmap (in target 'QuaraMoney' from project 'QuaraMoney')
    cd /Users/udormphon/Developer/QuaraMoney
    write-file /Users/udormphon/Library/Developer/Xcode/DerivedData/QuaraMoney-fxifejhenhasgrbqzikfosjgujqi/Build/Intermediates.noindex/QuaraMoney.build/Debug-iphonesimulator/QuaraMoney.build/QuaraMoney.hmap

WriteAuxiliaryFile /Users/udormphon/Library/Developer/Xcode/DerivedData/QuaraMoney-fxifejhenhasgrbqzikfosjgujqi/Build/Intermediates.noindex/QuaraMoney.build/Debug-iphonesimulator/QuaraMoney.build/QuaraMoney-own-target-headers.hmap (in target 'QuaraMoney' from project 'QuaraMoney')
    cd /Users/udormphon/Developer/QuaraMoney
    write-file /Users/udormphon/Library/Developer/Xcode/DerivedData/QuaraMoney-fxifejhenhasgrbqzikfosjgujqi/Build/Intermediates.noindex/QuaraMoney.build/Debug-iphonesimulator/QuaraMoney.build/QuaraMoney-own-target-headers.hmap

WriteAuxiliaryFile /Users/udormphon/Library/Developer/Xcode/DerivedData/QuaraMoney-fxifejhenhasgrbqzikfosjgujqi/Build/Intermediates.noindex/QuaraMoney.build/Debug-iphonesimulator/QuaraMoney.build/QuaraMoney-generated-files.hmap (in target 'QuaraMoney' from project 'QuaraMoney')
    cd /Users/udormphon/Developer/QuaraMoney
    write-file /Users/udormphon/Library/Developer/Xcode/DerivedData/QuaraMoney-fxifejhenhasgrbqzikfosjgujqi/Build/Intermediates.noindex/QuaraMoney.build/Debug-iphonesimulator/QuaraMoney.build/QuaraMoney-generated-files.hmap

WriteAuxiliaryFile /Users/udormphon/Library/Developer/Xcode/DerivedData/QuaraMoney-fxifejhenhasgrbqzikfosjgujqi/Build/Intermediates.noindex/QuaraMoney.build/Debug-iphonesimulator/QuaraMoney.build/QuaraMoney.DependencyStaticMetadataFileList (in target 'QuaraMoney' from project 'QuaraMoney')
    cd /Users/udormphon/Developer/QuaraMoney
    write-file /Users/udormphon/Library/Developer/Xcode/DerivedData/QuaraMoney-fxifejhenhasgrbqzikfosjgujqi/Build/Intermediates.noindex/QuaraMoney.build/Debug-iphonesimulator/QuaraMoney.build/QuaraMoney.DependencyStaticMetadataFileList

WriteAuxiliaryFile /Users/udormphon/Library/Developer/Xcode/DerivedData/QuaraMoney-fxifejhenhasgrbqzikfosjgujqi/Build/Intermediates.noindex/QuaraMoney.build/Debug-iphonesimulator/QuaraMoney.build/QuaraMoney-DebugDylibPath-normal-arm64.txt (in target 'QuaraMoney' from project 'QuaraMoney')
    cd /Users/udormphon/Developer/QuaraMoney
    write-file /Users/udormphon/Library/Developer/Xcode/DerivedData/QuaraMoney-fxifejhenhasgrbqzikfosjgujqi/Build/Intermediates.noindex/QuaraMoney.build/Debug-iphonesimulator/QuaraMoney.build/QuaraMoney-DebugDylibPath-normal-arm64.txt

WriteAuxiliaryFile /Users/udormphon/Library/Developer/Xcode/DerivedData/QuaraMoney-fxifejhenhasgrbqzikfosjgujqi/Build/Intermediates.noindex/QuaraMoney.build/Debug-iphonesimulator/QuaraMoney.build/QuaraMoney-project-headers.hmap (in target 'QuaraMoney' from project 'QuaraMoney')
    cd /Users/udormphon/Developer/QuaraMoney
    write-file /Users/udormphon/Library/Developer/Xcode/DerivedData/QuaraMoney-fxifejhenhasgrbqzikfosjgujqi/Build/Intermediates.noindex/QuaraMoney.build/Debug-iphonesimulator/QuaraMoney.build/QuaraMoney-project-headers.hmap

WriteAuxiliaryFile /Users/udormphon/Library/Developer/Xcode/DerivedData/QuaraMoney-fxifejhenhasgrbqzikfosjgujqi/Build/Intermediates.noindex/QuaraMoney.build/Debug-iphonesimulator/QuaraMoney.build/QuaraMoney.DependencyMetadataFileList (in target 'QuaraMoney' from project 'QuaraMoney')
    cd /Users/udormphon/Developer/QuaraMoney
    write-file /Users/udormphon/Library/Developer/Xcode/DerivedData/QuaraMoney-fxifejhenhasgrbqzikfosjgujqi/Build/Intermediates.noindex/QuaraMoney.build/Debug-iphonesimulator/QuaraMoney.build/QuaraMoney.DependencyMetadataFileList

WriteAuxiliaryFile /Users/udormphon/Library/Developer/Xcode/DerivedData/QuaraMoney-fxifejhenhasgrbqzikfosjgujqi/Build/Intermediates.noindex/QuaraMoney.build/Debug-iphonesimulator/QuaraMoney.build/QuaraMoney-all-target-headers.hmap (in target 'QuaraMoney' from project 'QuaraMoney')
    cd /Users/udormphon/Developer/QuaraMoney
    write-file /Users/udormphon/Library/Developer/Xcode/DerivedData/QuaraMoney-fxifejhenhasgrbqzikfosjgujqi/Build/Intermediates.noindex/QuaraMoney.build/Debug-iphonesimulator/QuaraMoney.build/QuaraMoney-all-target-headers.hmap

WriteAuxiliaryFile /Users/udormphon/Library/Developer/Xcode/DerivedData/QuaraMoney-fxifejhenhasgrbqzikfosjgujqi/Build/Intermediates.noindex/QuaraMoney.build/Debug-iphonesimulator/QuaraMoney.build/QuaraMoney-DebugDylibInstallName-normal-arm64.txt (in target 'QuaraMoney' from project 'QuaraMoney')
    cd /Users/udormphon/Developer/QuaraMoney
    write-file /Users/udormphon/Library/Developer/Xcode/DerivedData/QuaraMoney-fxifejhenhasgrbqzikfosjgujqi/Build/Intermediates.noindex/QuaraMoney.build/Debug-iphonesimulator/QuaraMoney.build/QuaraMoney-DebugDylibInstallName-normal-arm64.txt

WriteAuxiliaryFile /Users/udormphon/Library/Developer/Xcode/DerivedData/QuaraMoney-fxifejhenhasgrbqzikfosjgujqi/Build/Intermediates.noindex/QuaraMoney.build/Debug-iphonesimulator/QuaraMoney.build/Objects-normal/arm64/QuaraMoney_const_extract_protocols.json (in target 'QuaraMoney' from project 'QuaraMoney')
    cd /Users/udormphon/Developer/QuaraMoney
    write-file /Users/udormphon/Library/Developer/Xcode/DerivedData/QuaraMoney-fxifejhenhasgrbqzikfosjgujqi/Build/Intermediates.noindex/QuaraMoney.build/Debug-iphonesimulator/QuaraMoney.build/Objects-normal/arm64/QuaraMoney_const_extract_protocols.json

WriteAuxiliaryFile /Users/udormphon/Library/Developer/Xcode/DerivedData/QuaraMoney-fxifejhenhasgrbqzikfosjgujqi/Build/Intermediates.noindex/QuaraMoney.build/Debug-iphonesimulator/QuaraMoney.build/Objects-normal/arm64/QuaraMoney.SwiftConstValuesFileList (in target 'QuaraMoney' from project 'QuaraMoney')
    cd /Users/udormphon/Developer/QuaraMoney
    write-file /Users/udormphon/Library/Developer/Xcode/DerivedData/QuaraMoney-fxifejhenhasgrbqzikfosjgujqi/Build/Intermediates.noindex/QuaraMoney.build/Debug-iphonesimulator/QuaraMoney.build/Objects-normal/arm64/QuaraMoney.SwiftConstValuesFileList

WriteAuxiliaryFile /Users/udormphon/Library/Developer/Xcode/DerivedData/QuaraMoney-fxifejhenhasgrbqzikfosjgujqi/Build/Intermediates.noindex/QuaraMoney.build/Debug-iphonesimulator/QuaraMoney.build/Objects-normal/arm64/QuaraMoney.SwiftFileList (in target 'QuaraMoney' from project 'QuaraMoney')
    cd /Users/udormphon/Developer/QuaraMoney
    write-file /Users/udormphon/Library/Developer/Xcode/DerivedData/QuaraMoney-fxifejhenhasgrbqzikfosjgujqi/Build/Intermediates.noindex/QuaraMoney.build/Debug-iphonesimulator/QuaraMoney.build/Objects-normal/arm64/QuaraMoney.SwiftFileList

WriteAuxiliaryFile /Users/udormphon/Library/Developer/Xcode/DerivedData/QuaraMoney-fxifejhenhasgrbqzikfosjgujqi/Build/Intermediates.noindex/QuaraMoney.build/Debug-iphonesimulator/QuaraMoney.build/Objects-normal/arm64/QuaraMoney.LinkFileList (in target 'QuaraMoney' from project 'QuaraMoney')
    cd /Users/udormphon/Developer/QuaraMoney
    write-file /Users/udormphon/Library/Developer/Xcode/DerivedData/QuaraMoney-fxifejhenhasgrbqzikfosjgujqi/Build/Intermediates.noindex/QuaraMoney.build/Debug-iphonesimulator/QuaraMoney.build/Objects-normal/arm64/QuaraMoney.LinkFileList

WriteAuxiliaryFile /Users/udormphon/Library/Developer/Xcode/DerivedData/QuaraMoney-fxifejhenhasgrbqzikfosjgujqi/Build/Intermediates.noindex/QuaraMoney.build/Debug-iphonesimulator/QuaraMoney.build/Objects-normal/arm64/QuaraMoney-OutputFileMap.json (in target 'QuaraMoney' from project 'QuaraMoney')
    cd /Users/udormphon/Developer/QuaraMoney
    write-file /Users/udormphon/Library/Developer/Xcode/DerivedData/QuaraMoney-fxifejhenhasgrbqzikfosjgujqi/Build/Intermediates.noindex/QuaraMoney.build/Debug-iphonesimulator/QuaraMoney.build/Objects-normal/arm64/QuaraMoney-OutputFileMap.json

WriteAuxiliaryFile /Users/udormphon/Library/Developer/Xcode/DerivedData/QuaraMoney-fxifejhenhasgrbqzikfosjgujqi/Build/Intermediates.noindex/QuaraMoney.build/Debug-iphonesimulator/QuaraMoney.build/DerivedSources/Entitlements-Simulated.plist (in target 'QuaraMoney' from project 'QuaraMoney')
    cd /Users/udormphon/Developer/QuaraMoney
    write-file /Users/udormphon/Library/Developer/Xcode/DerivedData/QuaraMoney-fxifejhenhasgrbqzikfosjgujqi/Build/Intermediates.noindex/QuaraMoney.build/Debug-iphonesimulator/QuaraMoney.build/DerivedSources/Entitlements-Simulated.plist

MkDir /Users/udormphon/Library/Developer/Xcode/DerivedData/QuaraMoney-fxifejhenhasgrbqzikfosjgujqi/Build/Products/Debug-iphonesimulator/QuaraMoney.app (in target 'QuaraMoney' from project 'QuaraMoney')
    cd /Users/udormphon/Developer/QuaraMoney
    /bin/mkdir -p /Users/udormphon/Library/Developer/Xcode/DerivedData/QuaraMoney-fxifejhenhasgrbqzikfosjgujqi/Build/Products/Debug-iphonesimulator/QuaraMoney.app

ProcessProductPackaging "" /Users/udormphon/Library/Developer/Xcode/DerivedData/QuaraMoney-fxifejhenhasgrbqzikfosjgujqi/Build/Intermediates.noindex/QuaraMoney.build/Debug-iphonesimulator/QuaraMoney.build/QuaraMoney.app-Simulated.xcent (in target 'QuaraMoney' from project 'QuaraMoney')
    cd /Users/udormphon/Developer/QuaraMoney
    
    Entitlements:
    
    {
    "application-identifier" = "852VUPUNPH.uk.dormmy.QuaraMoney";
}
    
    builtin-productPackagingUtility -entitlements -format xml -o /Users/udormphon/Library/Developer/Xcode/DerivedData/QuaraMoney-fxifejhenhasgrbqzikfosjgujqi/Build/Intermediates.noindex/QuaraMoney.build/Debug-iphonesimulator/QuaraMoney.build/QuaraMoney.app-Simulated.xcent

ProcessProductPackagingDER /Users/udormphon/Library/Developer/Xcode/DerivedData/QuaraMoney-fxifejhenhasgrbqzikfosjgujqi/Build/Intermediates.noindex/QuaraMoney.build/Debug-iphonesimulator/QuaraMoney.build/QuaraMoney.app-Simulated.xcent /Users/udormphon/Library/Developer/Xcode/DerivedData/QuaraMoney-fxifejhenhasgrbqzikfosjgujqi/Build/Intermediates.noindex/QuaraMoney.build/Debug-iphonesimulator/QuaraMoney.build/QuaraMoney.app-Simulated.xcent.der (in target 'QuaraMoney' from project 'QuaraMoney')
    cd /Users/udormphon/Developer/QuaraMoney
    /usr/bin/derq query -f xml -i /Users/udormphon/Library/Developer/Xcode/DerivedData/QuaraMoney-fxifejhenhasgrbqzikfosjgujqi/Build/Intermediates.noindex/QuaraMoney.build/Debug-iphonesimulator/QuaraMoney.build/QuaraMoney.app-Simulated.xcent -o /Users/udormphon/Library/Developer/Xcode/DerivedData/QuaraMoney-fxifejhenhasgrbqzikfosjgujqi/Build/Intermediates.noindex/QuaraMoney.build/Debug-iphonesimulator/QuaraMoney.build/QuaraMoney.app-Simulated.xcent.der --raw

Ld /Users/udormphon/Library/Developer/Xcode/DerivedData/QuaraMoney-fxifejhenhasgrbqzikfosjgujqi/Build/Products/Debug-iphonesimulator/QuaraMoney.app/__preview.dylib normal (in target 'QuaraMoney' from project 'QuaraMoney')
    cd /Users/udormphon/Developer/QuaraMoney
    /Applications/Xcode.app/Contents/Developer/Toolchains/XcodeDefault.xctoolchain/usr/bin/clang -Xlinker -reproducible -target arm64-apple-ios26.2-simulator -dynamiclib -isysroot /Applications/Xcode.app/Contents/Developer/Platforms/iPhoneSimulator.platform/Developer/SDKs/iPhoneSimulator26.2.sdk -O0 -L/Users/udormphon/Library/Developer/Xcode/DerivedData/QuaraMoney-fxifejhenhasgrbqzikfosjgujqi/Build/Products/Debug-iphonesimulator -F/Users/udormphon/Library/Developer/Xcode/DerivedData/QuaraMoney-fxifejhenhasgrbqzikfosjgujqi/Build/Products/Debug-iphonesimulator -install_name @rpath/QuaraMoney.debug.dylib -dead_strip -rdynamic -Xlinker -no_deduplicate -Xlinker -objc_abi_version -Xlinker 2 -Xlinker -dependency_info -Xlinker /Users/udormphon/Library/Developer/Xcode/DerivedData/QuaraMoney-fxifejhenhasgrbqzikfosjgujqi/Build/Intermediates.noindex/QuaraMoney.build/Debug-iphonesimulator/QuaraMoney.build/Objects-normal/arm64/QuaraMoney_dependency_info.dat -Xlinker -sectcreate -Xlinker __TEXT -Xlinker __entitlements -Xlinker /Users/udormphon/Library/Developer/Xcode/DerivedData/QuaraMoney-fxifejhenhasgrbqzikfosjgujqi/Build/Intermediates.noindex/QuaraMoney.build/Debug-iphonesimulator/QuaraMoney.build/QuaraMoney.app-Simulated.xcent -Xlinker -sectcreate -Xlinker __TEXT -Xlinker __ents_der -Xlinker /Users/udormphon/Library/Developer/Xcode/DerivedData/QuaraMoney-fxifejhenhasgrbqzikfosjgujqi/Build/Intermediates.noindex/QuaraMoney.build/Debug-iphonesimulator/QuaraMoney.build/QuaraMoney.app-Simulated.xcent.der -Xlinker -no_adhoc_codesign -o /Users/udormphon/Library/Developer/Xcode/DerivedData/QuaraMoney-fxifejhenhasgrbqzikfosjgujqi/Build/Products/Debug-iphonesimulator/QuaraMoney.app/__preview.dylib

MkDir /Users/udormphon/Library/Developer/Xcode/DerivedData/QuaraMoney-fxifejhenhasgrbqzikfosjgujqi/Build/Intermediates.noindex/QuaraMoney.build/Debug-iphonesimulator/QuaraMoney.build/assetcatalog_output/thinned (in target 'QuaraMoney' from project 'QuaraMoney')
    cd /Users/udormphon/Developer/QuaraMoney
    /bin/mkdir -p /Users/udormphon/Library/Developer/Xcode/DerivedData/QuaraMoney-fxifejhenhasgrbqzikfosjgujqi/Build/Intermediates.noindex/QuaraMoney.build/Debug-iphonesimulator/QuaraMoney.build/assetcatalog_output/thinned

MkDir /Users/udormphon/Library/Developer/Xcode/DerivedData/QuaraMoney-fxifejhenhasgrbqzikfosjgujqi/Build/Intermediates.noindex/QuaraMoney.build/Debug-iphonesimulator/QuaraMoney.build/assetcatalog_output/unthinned (in target 'QuaraMoney' from project 'QuaraMoney')
    cd /Users/udormphon/Developer/QuaraMoney
    /bin/mkdir -p /Users/udormphon/Library/Developer/Xcode/DerivedData/QuaraMoney-fxifejhenhasgrbqzikfosjgujqi/Build/Intermediates.noindex/QuaraMoney.build/Debug-iphonesimulator/QuaraMoney.build/assetcatalog_output/unthinned

GenerateAssetSymbols /Users/udormphon/Developer/QuaraMoney/QuaraMoney/Assets.xcassets (in target 'QuaraMoney' from project 'QuaraMoney')
    cd /Users/udormphon/Developer/QuaraMoney
    /Applications/Xcode.app/Contents/Developer/usr/bin/actool /Users/udormphon/Developer/QuaraMoney/QuaraMoney/Assets.xcassets --compile /Users/udormphon/Library/Developer/Xcode/DerivedData/QuaraMoney-fxifejhenhasgrbqzikfosjgujqi/Build/Products/Debug-iphonesimulator/QuaraMoney.app --output-format human-readable-text --notices --warnings --export-dependency-info /Users/udormphon/Library/Developer/Xcode/DerivedData/QuaraMoney-fxifejhenhasgrbqzikfosjgujqi/Build/Intermediates.noindex/QuaraMoney.build/Debug-iphonesimulator/QuaraMoney.build/assetcatalog_dependencies --output-partial-info-plist /Users/udormphon/Library/Developer/Xcode/DerivedData/QuaraMoney-fxifejhenhasgrbqzikfosjgujqi/Build/Intermediates.noindex/QuaraMoney.build/Debug-iphonesimulator/QuaraMoney.build/assetcatalog_generated_info.plist --app-icon AppIcon --accent-color AccentColor --compress-pngs --enable-on-demand-resources YES --development-region en --target-device iphone --target-device ipad --minimum-deployment-target 26.2 --platform iphonesimulator --bundle-identifier uk.dormmy.QuaraMoney --generate-swift-asset-symbols /Users/udormphon/Library/Developer/Xcode/DerivedData/QuaraMoney-fxifejhenhasgrbqzikfosjgujqi/Build/Intermediates.noindex/QuaraMoney.build/Debug-iphonesimulator/QuaraMoney.build/DerivedSources/GeneratedAssetSymbols.swift --generate-objc-asset-symbols /Users/udormphon/Library/Developer/Xcode/DerivedData/QuaraMoney-fxifejhenhasgrbqzikfosjgujqi/Build/Intermediates.noindex/QuaraMoney.build/Debug-iphonesimulator/QuaraMoney.build/DerivedSources/GeneratedAssetSymbols.h --generate-asset-symbol-index /Users/udormphon/Library/Developer/Xcode/DerivedData/QuaraMoney-fxifejhenhasgrbqzikfosjgujqi/Build/Intermediates.noindex/QuaraMoney.build/Debug-iphonesimulator/QuaraMoney.build/DerivedSources/GeneratedAssetSymbols-Index.plist
/* com.apple.actool.compilation-results */
/Users/udormphon/Library/Developer/Xcode/DerivedData/QuaraMoney-fxifejhenhasgrbqzikfosjgujqi/Build/Intermediates.noindex/QuaraMoney.build/Debug-iphonesimulator/QuaraMoney.build/DerivedSources/GeneratedAssetSymbols-Index.plist
/Users/udormphon/Library/Developer/Xcode/DerivedData/QuaraMoney-fxifejhenhasgrbqzikfosjgujqi/Build/Intermediates.noindex/QuaraMoney.build/Debug-iphonesimulator/QuaraMoney.build/DerivedSources/GeneratedAssetSymbols.h
/Users/udormphon/Library/Developer/Xcode/DerivedData/QuaraMoney-fxifejhenhasgrbqzikfosjgujqi/Build/Intermediates.noindex/QuaraMoney.build/Debug-iphonesimulator/QuaraMoney.build/DerivedSources/GeneratedAssetSymbols.swift


CpResource /Users/udormphon/Library/Developer/Xcode/DerivedData/QuaraMoney-fxifejhenhasgrbqzikfosjgujqi/Build/Products/Debug-iphonesimulator/QuaraMoney.app/MiSansKhmerVF.ttf /Users/udormphon/Developer/QuaraMoney/QuaraMoney/Resources/Fonts/MiSansKhmerVF.ttf (in target 'QuaraMoney' from project 'QuaraMoney')
    cd /Users/udormphon/Developer/QuaraMoney
    builtin-copy -exclude .DS_Store -exclude CVS -exclude .svn -exclude .git -exclude .hg -resolve-src-symlinks /Users/udormphon/Developer/QuaraMoney/QuaraMoney/Resources/Fonts/MiSansKhmerVF.ttf /Users/udormphon/Library/Developer/Xcode/DerivedData/QuaraMoney-fxifejhenhasgrbqzikfosjgujqi/Build/Products/Debug-iphonesimulator/QuaraMoney.app

CopyStringsFile /Users/udormphon/Library/Developer/Xcode/DerivedData/QuaraMoney-fxifejhenhasgrbqzikfosjgujqi/Build/Products/Debug-iphonesimulator/QuaraMoney.app/en.lproj/Localizable.strings /Users/udormphon/Developer/QuaraMoney/QuaraMoney/en.lproj/Localizable.strings (in target 'QuaraMoney' from project 'QuaraMoney')
    cd /Users/udormphon/Developer/QuaraMoney
    builtin-copyStrings --validate --outputencoding binary --outfilename Localizable.strings --outdir /Users/udormphon/Library/Developer/Xcode/DerivedData/QuaraMoney-fxifejhenhasgrbqzikfosjgujqi/Build/Products/Debug-iphonesimulator/QuaraMoney.app/en.lproj -- /Users/udormphon/Developer/QuaraMoney/QuaraMoney/en.lproj/Localizable.strings
/Users/udormphon/Developer/QuaraMoney/QuaraMoney/en.lproj/Localizable.strings:1:1: note: detected encoding of input file as Unicode (UTF-8) (in target 'QuaraMoney' from project 'QuaraMoney')

CopyStringsFile /Users/udormphon/Library/Developer/Xcode/DerivedData/QuaraMoney-fxifejhenhasgrbqzikfosjgujqi/Build/Products/Debug-iphonesimulator/QuaraMoney.app/km.lproj/Localizable.strings /Users/udormphon/Developer/QuaraMoney/QuaraMoney/km.lproj/Localizable.strings (in target 'QuaraMoney' from project 'QuaraMoney')
    cd /Users/udormphon/Developer/QuaraMoney
    builtin-copyStrings --validate --outputencoding binary --outfilename Localizable.strings --outdir /Users/udormphon/Library/Developer/Xcode/DerivedData/QuaraMoney-fxifejhenhasgrbqzikfosjgujqi/Build/Products/Debug-iphonesimulator/QuaraMoney.app/km.lproj -- /Users/udormphon/Developer/QuaraMoney/QuaraMoney/km.lproj/Localizable.strings
/Users/udormphon/Developer/QuaraMoney/QuaraMoney/km.lproj/Localizable.strings:1:1: note: detected encoding of input file as Unicode (UTF-8) (in target 'QuaraMoney' from project 'QuaraMoney')

CompileAssetCatalogVariant thinned /Users/udormphon/Library/Developer/Xcode/DerivedData/QuaraMoney-fxifejhenhasgrbqzikfosjgujqi/Build/Products/Debug-iphonesimulator/QuaraMoney.app /Users/udormphon/Developer/QuaraMoney/QuaraMoney/Assets.xcassets (in target 'QuaraMoney' from project 'QuaraMoney')
    cd /Users/udormphon/Developer/QuaraMoney
    /Applications/Xcode.app/Contents/Developer/usr/bin/actool /Users/udormphon/Developer/QuaraMoney/QuaraMoney/Assets.xcassets --compile /Users/udormphon/Library/Developer/Xcode/DerivedData/QuaraMoney-fxifejhenhasgrbqzikfosjgujqi/Build/Intermediates.noindex/QuaraMoney.build/Debug-iphonesimulator/QuaraMoney.build/assetcatalog_output/thinned --output-format human-readable-text --notices --warnings --export-dependency-info /Users/udormphon/Library/Developer/Xcode/DerivedData/QuaraMoney-fxifejhenhasgrbqzikfosjgujqi/Build/Intermediates.noindex/QuaraMoney.build/Debug-iphonesimulator/QuaraMoney.build/assetcatalog_dependencies_thinned --output-partial-info-plist /Users/udormphon/Library/Developer/Xcode/DerivedData/QuaraMoney-fxifejhenhasgrbqzikfosjgujqi/Build/Intermediates.noindex/QuaraMoney.build/Debug-iphonesimulator/QuaraMoney.build/assetcatalog_generated_info.plist_thinned --app-icon AppIcon --accent-color AccentColor --compress-pngs --enable-on-demand-resources YES --filter-for-thinning-device-configuration iPhone18,3 --filter-for-device-os-version 26.2 --development-region en --target-device iphone --target-device ipad --minimum-deployment-target 26.2 --platform iphonesimulator

SwiftDriver QuaraMoney normal arm64 com.apple.xcode.tools.swift.compiler (in target 'QuaraMoney' from project 'QuaraMoney')
    cd /Users/udormphon/Developer/QuaraMoney
    builtin-SwiftDriver -- /Applications/Xcode.app/Contents/Developer/Toolchains/XcodeDefault.xctoolchain/usr/bin/swiftc -module-name QuaraMoney -Onone -enforce-exclusivity\=checked @/Users/udormphon/Library/Developer/Xcode/DerivedData/QuaraMoney-fxifejhenhasgrbqzikfosjgujqi/Build/Intermediates.noindex/QuaraMoney.build/Debug-iphonesimulator/QuaraMoney.build/Objects-normal/arm64/QuaraMoney.SwiftFileList -DDEBUG -default-isolation\=MainActor -enable-bare-slash-regex -enable-upcoming-feature DisableOutwardActorInference -enable-upcoming-feature InferSendableFromCaptures -enable-upcoming-feature GlobalActorIsolatedTypesUsability -enable-upcoming-feature MemberImportVisibility -enable-upcoming-feature InferIsolatedConformances -enable-upcoming-feature NonisolatedNonsendingByDefault -enable-experimental-feature DebugDescriptionMacro -sdk /Applications/Xcode.app/Contents/Developer/Platforms/iPhoneSimulator.platform/Developer/SDKs/iPhoneSimulator26.2.sdk -target arm64-apple-ios26.2-simulator -g -module-cache-path /Users/udormphon/Library/Developer/Xcode/DerivedData/ModuleCache.noindex -Xfrontend -serialize-debugging-options -enable-testing -index-store-path /Users/udormphon/Library/Developer/Xcode/DerivedData/QuaraMoney-fxifejhenhasgrbqzikfosjgujqi/Index.noindex/DataStore -Xcc -D_LIBCPP_HARDENING_MODE\=_LIBCPP_HARDENING_MODE_DEBUG -swift-version 5 -I /Users/udormphon/Library/Developer/Xcode/DerivedData/QuaraMoney-fxifejhenhasgrbqzikfosjgujqi/Build/Products/Debug-iphonesimulator -F /Users/udormphon/Library/Developer/Xcode/DerivedData/QuaraMoney-fxifejhenhasgrbqzikfosjgujqi/Build/Products/Debug-iphonesimulator -emit-localized-strings -emit-localized-strings-path /Users/udormphon/Library/Developer/Xcode/DerivedData/QuaraMoney-fxifejhenhasgrbqzikfosjgujqi/Build/Intermediates.noindex/QuaraMoney.build/Debug-iphonesimulator/QuaraMoney.build/Objects-normal/arm64 -c -j10 -enable-batch-mode -incremental -Xcc -ivfsstatcache -Xcc /Users/udormphon/Library/Developer/Xcode/DerivedData/SDKStatCaches.noindex/iphonesimulator26.2-23C53-7d00a8b37fbd7999ea79df8ebc024bf0.sdkstatcache -output-file-map /Users/udormphon/Library/Developer/Xcode/DerivedData/QuaraMoney-fxifejhenhasgrbqzikfosjgujqi/Build/Intermediates.noindex/QuaraMoney.build/Debug-iphonesimulator/QuaraMoney.build/Objects-normal/arm64/QuaraMoney-OutputFileMap.json -use-frontend-parseable-output -save-temps -no-color-diagnostics -explicit-module-build -module-cache-path /Users/udormphon/Library/Developer/Xcode/DerivedData/QuaraMoney-fxifejhenhasgrbqzikfosjgujqi/Build/Intermediates.noindex/SwiftExplicitPrecompiledModules -clang-scanner-module-cache-path /Users/udormphon/Library/Developer/Xcode/DerivedData/ModuleCache.noindex -sdk-module-cache-path /Users/udormphon/Library/Developer/Xcode/DerivedData/ModuleCache.noindex -serialize-diagnostics -emit-dependencies -emit-module -emit-module-path /Users/udormphon/Library/Developer/Xcode/DerivedData/QuaraMoney-fxifejhenhasgrbqzikfosjgujqi/Build/Intermediates.noindex/QuaraMoney.build/Debug-iphonesimulator/QuaraMoney.build/Objects-normal/arm64/QuaraMoney.swiftmodule -validate-clang-modules-once -clang-build-session-file /Users/udormphon/Library/Developer/Xcode/DerivedData/ModuleCache.noindex/Session.modulevalidation -Xcc -I/Users/udormphon/Library/Developer/Xcode/DerivedData/QuaraMoney-fxifejhenhasgrbqzikfosjgujqi/Build/Intermediates.noindex/QuaraMoney.build/Debug-iphonesimulator/QuaraMoney.build/swift-overrides.hmap -emit-const-values -Xfrontend -const-gather-protocols-file -Xfrontend /Users/udormphon/Library/Developer/Xcode/DerivedData/QuaraMoney-fxifejhenhasgrbqzikfosjgujqi/Build/Intermediates.noindex/QuaraMoney.build/Debug-iphonesimulator/QuaraMoney.build/Objects-normal/arm64/QuaraMoney_const_extract_protocols.json -Xcc -iquote -Xcc /Users/udormphon/Library/Developer/Xcode/DerivedData/QuaraMoney-fxifejhenhasgrbqzikfosjgujqi/Build/Intermediates.noindex/QuaraMoney.build/Debug-iphonesimulator/QuaraMoney.build/QuaraMoney-generated-files.hmap -Xcc -I/Users/udormphon/Library/Developer/Xcode/DerivedData/QuaraMoney-fxifejhenhasgrbqzikfosjgujqi/Build/Intermediates.noindex/QuaraMoney.build/Debug-iphonesimulator/QuaraMoney.build/QuaraMoney-own-target-headers.hmap -Xcc -I/Users/udormphon/Library/Developer/Xcode/DerivedData/QuaraMoney-fxifejhenhasgrbqzikfosjgujqi/Build/Intermediates.noindex/QuaraMoney.build/Debug-iphonesimulator/QuaraMoney.build/QuaraMoney-all-target-headers.hmap -Xcc -iquote -Xcc /Users/udormphon/Library/Developer/Xcode/DerivedData/QuaraMoney-fxifejhenhasgrbqzikfosjgujqi/Build/Intermediates.noindex/QuaraMoney.build/Debug-iphonesimulator/QuaraMoney.build/QuaraMoney-project-headers.hmap -Xcc -I/Users/udormphon/Library/Developer/Xcode/DerivedData/QuaraMoney-fxifejhenhasgrbqzikfosjgujqi/Build/Products/Debug-iphonesimulator/include -Xcc -I/Users/udormphon/Library/Developer/Xcode/DerivedData/QuaraMoney-fxifejhenhasgrbqzikfosjgujqi/Build/Intermediates.noindex/QuaraMoney.build/Debug-iphonesimulator/QuaraMoney.build/DerivedSources-normal/arm64 -Xcc -I/Users/udormphon/Library/Developer/Xcode/DerivedData/QuaraMoney-fxifejhenhasgrbqzikfosjgujqi/Build/Intermediates.noindex/QuaraMoney.build/Debug-iphonesimulator/QuaraMoney.build/DerivedSources/arm64 -Xcc -I/Users/udormphon/Library/Developer/Xcode/DerivedData/QuaraMoney-fxifejhenhasgrbqzikfosjgujqi/Build/Intermediates.noindex/QuaraMoney.build/Debug-iphonesimulator/QuaraMoney.build/DerivedSources -Xcc -DDEBUG\=1 -emit-objc-header -emit-objc-header-path /Users/udormphon/Library/Developer/Xcode/DerivedData/QuaraMoney-fxifejhenhasgrbqzikfosjgujqi/Build/Intermediates.noindex/QuaraMoney.build/Debug-iphonesimulator/QuaraMoney.build/Objects-normal/arm64/QuaraMoney-Swift.h -working-directory /Users/udormphon/Developer/QuaraMoney -experimental-emit-module-separately -disable-cmo

SwiftCompile normal arm64 Compiling\ Color+Hex.swift,\ Font+Khmer.swift,\ String+Localization.swift,\ AppTheme.swift,\ Budget.swift,\ BudgetAmountType.swift,\ BudgetPeriodType.swift,\ Category.swift,\ CategoryGroup.swift /Users/udormphon/Developer/QuaraMoney/QuaraMoney/Extensions/Color+Hex.swift /Users/udormphon/Developer/QuaraMoney/QuaraMoney/Extensions/Font+Khmer.swift /Users/udormphon/Developer/QuaraMoney/QuaraMoney/Extensions/String+Localization.swift /Users/udormphon/Developer/QuaraMoney/QuaraMoney/Models/AppTheme.swift /Users/udormphon/Developer/QuaraMoney/QuaraMoney/Models/Budget.swift /Users/udormphon/Developer/QuaraMoney/QuaraMoney/Models/BudgetAmountType.swift /Users/udormphon/Developer/QuaraMoney/QuaraMoney/Models/BudgetPeriodType.swift /Users/udormphon/Developer/QuaraMoney/QuaraMoney/Models/Category.swift /Users/udormphon/Developer/QuaraMoney/QuaraMoney/Models/CategoryGroup.swift (in target 'QuaraMoney' from project 'QuaraMoney')
SwiftCompile normal arm64 /Users/udormphon/Developer/QuaraMoney/QuaraMoney/Extensions/Color+Hex.swift (in target 'QuaraMoney' from project 'QuaraMoney')
    cd /Users/udormphon/Developer/QuaraMoney
    

SwiftCompile normal arm64 /Users/udormphon/Developer/QuaraMoney/QuaraMoney/Extensions/Font+Khmer.swift (in target 'QuaraMoney' from project 'QuaraMoney')
    cd /Users/udormphon/Developer/QuaraMoney
    

SwiftCompile normal arm64 /Users/udormphon/Developer/QuaraMoney/QuaraMoney/Extensions/String+Localization.swift (in target 'QuaraMoney' from project 'QuaraMoney')
    cd /Users/udormphon/Developer/QuaraMoney
    

SwiftCompile normal arm64 /Users/udormphon/Developer/QuaraMoney/QuaraMoney/Models/AppTheme.swift (in target 'QuaraMoney' from project 'QuaraMoney')
    cd /Users/udormphon/Developer/QuaraMoney
    

SwiftCompile normal arm64 /Users/udormphon/Developer/QuaraMoney/QuaraMoney/Models/Budget.swift (in target 'QuaraMoney' from project 'QuaraMoney')
    cd /Users/udormphon/Developer/QuaraMoney
    

SwiftCompile normal arm64 /Users/udormphon/Developer/QuaraMoney/QuaraMoney/Models/BudgetAmountType.swift (in target 'QuaraMoney' from project 'QuaraMoney')
    cd /Users/udormphon/Developer/QuaraMoney
    

SwiftCompile normal arm64 /Users/udormphon/Developer/QuaraMoney/QuaraMoney/Models/BudgetPeriodType.swift (in target 'QuaraMoney' from project 'QuaraMoney')
    cd /Users/udormphon/Developer/QuaraMoney
    

SwiftCompile normal arm64 /Users/udormphon/Developer/QuaraMoney/QuaraMoney/Models/Category.swift (in target 'QuaraMoney' from project 'QuaraMoney')
    cd /Users/udormphon/Developer/QuaraMoney
    

SwiftCompile normal arm64 /Users/udormphon/Developer/QuaraMoney/QuaraMoney/Models/CategoryGroup.swift (in target 'QuaraMoney' from project 'QuaraMoney')
    cd /Users/udormphon/Developer/QuaraMoney
    

SwiftCompile normal arm64 Compiling\ Event.swift,\ FilterPeriod.swift,\ PredefinedCategory.swift,\ RecurringRule.swift,\ SavingsGoal.swift,\ Transaction.swift,\ TransactionType.swift,\ Wallet.swift,\ Wallet+Extensions.swift /Users/udormphon/Developer/QuaraMoney/QuaraMoney/Models/Event.swift /Users/udormphon/Developer/QuaraMoney/QuaraMoney/Models/FilterPeriod.swift /Users/udormphon/Developer/QuaraMoney/QuaraMoney/Models/PredefinedCategory.swift /Users/udormphon/Developer/QuaraMoney/QuaraMoney/Models/RecurringRule.swift /Users/udormphon/Developer/QuaraMoney/QuaraMoney/Models/SavingsGoal.swift /Users/udormphon/Developer/QuaraMoney/QuaraMoney/Models/Transaction.swift /Users/udormphon/Developer/QuaraMoney/QuaraMoney/Models/TransactionType.swift /Users/udormphon/Developer/QuaraMoney/QuaraMoney/Models/Wallet.swift /Users/udormphon/Developer/QuaraMoney/QuaraMoney/Models/Wallet+Extensions.swift (in target 'QuaraMoney' from project 'QuaraMoney')

SwiftCompile normal arm64 /Users/udormphon/Developer/QuaraMoney/QuaraMoney/Models/Event.swift (in target 'QuaraMoney' from project 'QuaraMoney')
    cd /Users/udormphon/Developer/QuaraMoney
    

SwiftCompile normal arm64 /Users/udormphon/Developer/QuaraMoney/QuaraMoney/Models/FilterPeriod.swift (in target 'QuaraMoney' from project 'QuaraMoney')
    cd /Users/udormphon/Developer/QuaraMoney
    

SwiftCompile normal arm64 /Users/udormphon/Developer/QuaraMoney/QuaraMoney/Models/PredefinedCategory.swift (in target 'QuaraMoney' from project 'QuaraMoney')
    cd /Users/udormphon/Developer/QuaraMoney
    

SwiftCompile normal arm64 /Users/udormphon/Developer/QuaraMoney/QuaraMoney/Models/RecurringRule.swift (in target 'QuaraMoney' from project 'QuaraMoney')
    cd /Users/udormphon/Developer/QuaraMoney
    

SwiftCompile normal arm64 /Users/udormphon/Developer/QuaraMoney/QuaraMoney/Models/SavingsGoal.swift (in target 'QuaraMoney' from project 'QuaraMoney')
    cd /Users/udormphon/Developer/QuaraMoney
    

SwiftCompile normal arm64 /Users/udormphon/Developer/QuaraMoney/QuaraMoney/Models/Transaction.swift (in target 'QuaraMoney' from project 'QuaraMoney')
    cd /Users/udormphon/Developer/QuaraMoney
    

SwiftCompile normal arm64 /Users/udormphon/Developer/QuaraMoney/QuaraMoney/Models/TransactionType.swift (in target 'QuaraMoney' from project 'QuaraMoney')
    cd /Users/udormphon/Developer/QuaraMoney
    

SwiftCompile normal arm64 /Users/udormphon/Developer/QuaraMoney/QuaraMoney/Models/Wallet.swift (in target 'QuaraMoney' from project 'QuaraMoney')
    cd /Users/udormphon/Developer/QuaraMoney
    

SwiftCompile normal arm64 /Users/udormphon/Developer/QuaraMoney/QuaraMoney/Models/Wallet+Extensions.swift (in target 'QuaraMoney' from project 'QuaraMoney')
    cd /Users/udormphon/Developer/QuaraMoney
    

SwiftCompile normal arm64 Compiling\ WalletDetailViewModel.swift,\ WalletListViewModel.swift,\ AddBudgetView.swift,\ AnalysisView.swift,\ BudgetDetailView.swift,\ BudgetInsightsView.swift,\ BudgetListView.swift,\ BudgetSetupWizardView.swift /Users/udormphon/Developer/QuaraMoney/QuaraMoney/ViewModels/WalletDetailViewModel.swift /Users/udormphon/Developer/QuaraMoney/QuaraMoney/ViewModels/WalletListViewModel.swift /Users/udormphon/Developer/QuaraMoney/QuaraMoney/Views/Analysis/AddBudgetView.swift /Users/udormphon/Developer/QuaraMoney/QuaraMoney/Views/Analysis/AnalysisView.swift /Users/udormphon/Developer/QuaraMoney/QuaraMoney/Views/Analysis/BudgetDetailView.swift /Users/udormphon/Developer/QuaraMoney/QuaraMoney/Views/Analysis/BudgetInsightsView.swift /Users/udormphon/Developer/QuaraMoney/QuaraMoney/Views/Analysis/BudgetListView.swift /Users/udormphon/Developer/QuaraMoney/QuaraMoney/Views/Analysis/BudgetSetupWizardView.swift (in target 'QuaraMoney' from project 'QuaraMoney')
SwiftCompile normal arm64 /Users/udormphon/Developer/QuaraMoney/QuaraMoney/ViewModels/WalletDetailViewModel.swift (in target 'QuaraMoney' from project 'QuaraMoney')
    cd /Users/udormphon/Developer/QuaraMoney
    

SwiftCompile normal arm64 /Users/udormphon/Developer/QuaraMoney/QuaraMoney/ViewModels/WalletListViewModel.swift (in target 'QuaraMoney' from project 'QuaraMoney')
    cd /Users/udormphon/Developer/QuaraMoney
    

SwiftCompile normal arm64 /Users/udormphon/Developer/QuaraMoney/QuaraMoney/Views/Analysis/AddBudgetView.swift (in target 'QuaraMoney' from project 'QuaraMoney')
    cd /Users/udormphon/Developer/QuaraMoney
    

SwiftCompile normal arm64 /Users/udormphon/Developer/QuaraMoney/QuaraMoney/Views/Analysis/AnalysisView.swift (in target 'QuaraMoney' from project 'QuaraMoney')
    cd /Users/udormphon/Developer/QuaraMoney
    

SwiftCompile normal arm64 /Users/udormphon/Developer/QuaraMoney/QuaraMoney/Views/Analysis/BudgetDetailView.swift (in target 'QuaraMoney' from project 'QuaraMoney')
    cd /Users/udormphon/Developer/QuaraMoney
    

SwiftCompile normal arm64 /Users/udormphon/Developer/QuaraMoney/QuaraMoney/Views/Analysis/BudgetInsightsView.swift (in target 'QuaraMoney' from project 'QuaraMoney')
    cd /Users/udormphon/Developer/QuaraMoney
    

SwiftCompile normal arm64 /Users/udormphon/Developer/QuaraMoney/QuaraMoney/Views/Analysis/BudgetListView.swift (in target 'QuaraMoney' from project 'QuaraMoney')
    cd /Users/udormphon/Developer/QuaraMoney
    

SwiftCompile normal arm64 /Users/udormphon/Developer/QuaraMoney/QuaraMoney/Views/Analysis/BudgetSetupWizardView.swift (in target 'QuaraMoney' from project 'QuaraMoney')
    cd /Users/udormphon/Developer/QuaraMoney
    

SwiftCompile normal arm64 Compiling\ FilterSheetView.swift,\ FinancialSummaryCards.swift,\ IconPickerView.swift,\ MultiCategoryPicker.swift,\ NotificationCenterView.swift,\ AddEventView.swift,\ EventDetailView.swift,\ EventListView.swift /Users/udormphon/Developer/QuaraMoney/QuaraMoney/Views/Components/FilterSheetView.swift /Users/udormphon/Developer/QuaraMoney/QuaraMoney/Views/Components/FinancialSummaryCards.swift /Users/udormphon/Developer/QuaraMoney/QuaraMoney/Views/Components/IconPickerView.swift /Users/udormphon/Developer/QuaraMoney/QuaraMoney/Views/Components/MultiCategoryPicker.swift /Users/udormphon/Developer/QuaraMoney/QuaraMoney/Views/Components/NotificationCenterView.swift /Users/udormphon/Developer/QuaraMoney/QuaraMoney/Views/Events/AddEventView.swift /Users/udormphon/Developer/QuaraMoney/QuaraMoney/Views/Events/EventDetailView.swift /Users/udormphon/Developer/QuaraMoney/QuaraMoney/Views/Events/EventListView.swift (in target 'QuaraMoney' from project 'QuaraMoney')
Failed frontend command:
/Applications/Xcode.app/Contents/Developer/Toolchains/XcodeDefault.xctoolchain/usr/bin/swift-frontend -frontend -c /Users/udormphon/Developer/QuaraMoney/QuaraMoney/Extensions/Color+Hex.swift /Users/udormphon/Developer/QuaraMoney/QuaraMoney/Extensions/Font+Khmer.swift /Users/udormphon/Developer/QuaraMoney/QuaraMoney/Extensions/String+Localization.swift /Users/udormphon/Developer/QuaraMoney/QuaraMoney/Models/AppTheme.swift /Users/udormphon/Developer/QuaraMoney/QuaraMoney/Models/Budget.swift /Users/udormphon/Developer/QuaraMoney/QuaraMoney/Models/BudgetAmountType.swift /Users/udormphon/Developer/QuaraMoney/QuaraMoney/Models/BudgetPeriodType.swift /Users/udormphon/Developer/QuaraMoney/QuaraMoney/Models/Category.swift /Users/udormphon/Developer/QuaraMoney/QuaraMoney/Models/CategoryGroup.swift /Users/udormphon/Developer/QuaraMoney/QuaraMoney/Models/Event.swift /Users/udormphon/Developer/QuaraMoney/QuaraMoney/Models/FilterPeriod.swift /Users/udormphon/Developer/QuaraMoney/QuaraMoney/Models/PredefinedCategory.swift /Users/udormphon/Developer/QuaraMoney/QuaraMoney/Models/RecurringRule.swift /Users/udormphon/Developer/QuaraMoney/QuaraMoney/Models/SavingsGoal.swift /Users/udormphon/Developer/QuaraMoney/QuaraMoney/Models/Transaction.swift /Users/udormphon/Developer/QuaraMoney/QuaraMoney/Models/TransactionType.swift /Users/udormphon/Developer/QuaraMoney/QuaraMoney/Models/Wallet.swift /Users/udormphon/Developer/QuaraMoney/QuaraMoney/Models/Wallet+Extensions.swift /Users/udormphon/Developer/QuaraMoney/QuaraMoney/Services/BudgetNotificationService.swift /Users/udormphon/Developer/QuaraMoney/QuaraMoney/Services/BudgetRolloverService.swift /Users/udormphon/Developer/QuaraMoney/QuaraMoney/Services/BudgetSuggestionService.swift /Users/udormphon/Developer/QuaraMoney/QuaraMoney/Services/CSVImportService.swift /Users/udormphon/Developer/QuaraMoney/QuaraMoney/Services/CurrencyManager.swift /Users/udormphon/Developer/QuaraMoney/QuaraMoney/Services/DataService.swift /Users/udormphon/Developer/QuaraMoney/QuaraMoney/Services/DefaultDataService.swift /Users/udormphon/Developer/QuaraMoney/QuaraMoney/Services/RecurringRuleService.swift /Users/udormphon/Developer/QuaraMoney/QuaraMoney/Services/SampleDataService.swift /Users/udormphon/Developer/QuaraMoney/QuaraMoney/Services/ThemeManager.swift /Users/udormphon/Developer/QuaraMoney/QuaraMoney/Services/TransactionProcessor.swift /Users/udormphon/Developer/QuaraMoney/QuaraMoney/ViewModels/AddTransactionViewModel.swift /Users/udormphon/Developer/QuaraMoney/QuaraMoney/ViewModels/AddWalletViewModel.swift /Users/udormphon/Developer/QuaraMoney/QuaraMoney/ViewModels/AnalysisViewModel.swift /Users/udormphon/Developer/QuaraMoney/QuaraMoney/ViewModels/BaseViewModel.swift /Users/udormphon/Developer/QuaraMoney/QuaraMoney/ViewModels/CSVImportViewModel.swift /Users/udormphon/Developer/QuaraMoney/QuaraMoney/ViewModels/HomeViewModel.swift /Users/udormphon/Developer/QuaraMoney/QuaraMoney/ViewModels/WalletDetailViewModel.swift /Users/udormphon/Developer/QuaraMoney/QuaraMoney/ViewModels/WalletListViewModel.swift /Users/udormphon/Developer/QuaraMoney/QuaraMoney/Views/Analysis/AddBudgetView.swift /Users/udormphon/Developer/QuaraMoney/QuaraMoney/Views/Analysis/AnalysisView.swift /Users/udormphon/Developer/QuaraMoney/QuaraMoney/Views/Analysis/BudgetDetailView.swift /Users/udormphon/Developer/QuaraMoney/QuaraMoney/Views/Analysis/BudgetInsightsView.swift /Users/udormphon/Developer/QuaraMoney/QuaraMoney/Views/Analysis/BudgetListView.swift /Users/udormphon/Developer/QuaraMoney/QuaraMoney/Views/Analysis/BudgetSetupWizardView.swift /Users/udormphon/Developer/QuaraMoney/QuaraMoney/Views/Analysis/BudgetTabView.swift /Users/udormphon/Developer/QuaraMoney/QuaraMoney/Views/Analysis/EditBudgetView.swift /Users/udormphon/Developer/QuaraMoney/QuaraMoney/Views/Components/AmountDisplayView.swift /Users/udormphon/Developer/QuaraMoney/QuaraMoney/Views/Components/AnalysisFilterSheetButton.swift /Users/udormphon/Developer/QuaraMoney/QuaraMoney/Views/Components/AppearancePickers.swift /Users/udormphon/Developer/QuaraMoney/QuaraMoney/Views/Components/CalculatorKeyboardView.swift /Users/udormphon/Developer/QuaraMoney/QuaraMoney/Views/Components/ColorPickerView.swift /Users/udormphon/Developer/QuaraMoney/QuaraMoney/Views/Components/FilterMenuView.swift -primary-file /Users/udormphon/Developer/QuaraMoney/QuaraMoney/Views/Components/FilterSheetView.swift -primary-file /Users/udormphon/Developer/QuaraMoney/QuaraMoney/Views/Components/FinancialSummaryCards.swift -primary-file /Users/udormphon/Developer/QuaraMoney/QuaraMoney/Views/Components/IconPickerView.swift -primary-file /Users/udormphon/Developer/QuaraMoney/QuaraMoney/Views/Components/MultiCategoryPicker.swift -primary-file /Users/udormphon/Developer/QuaraMoney/QuaraMoney/Views/Components/NotificationCenterView.swift -primary-file /Users/udormphon/Developer/QuaraMoney/QuaraMoney/Views/Events/AddEventView.swift -primary-file /Users/udormphon/Developer/QuaraMoney/QuaraMoney/Views/Events/EventDetailView.swift -primary-file /Users/udormphon/Developer/QuaraMoney/QuaraMoney/Views/Events/EventListView.swift /Users/udormphon/Developer/QuaraMoney/QuaraMoney/Views/Home/HomeView.swift /Users/udormphon/Developer/QuaraMoney/QuaraMoney/Views/More/AddCategoryView.swift /Users/udormphon/Developer/QuaraMoney/QuaraMoney/Views/More/CategoryGroupView.swift /Users/udormphon/Developer/QuaraMoney/QuaraMoney/Views/More/CategoryListView.swift /Users/udormphon/Developer/QuaraMoney/QuaraMoney/Views/More/MoreView.swift /Users/udormphon/Developer/QuaraMoney/QuaraMoney/Views/Onboarding/OnboardingView.swift /Users/udormphon/Developer/QuaraMoney/QuaraMoney/Views/Recurring/AddRecurringRuleView.swift /Users/udormphon/Developer/QuaraMoney/QuaraMoney/Views/Recurring/RecurringRuleListView.swift /Users/udormphon/Developer/QuaraMoney/QuaraMoney/Views/SavingsGoals/SavingsGoalListView.swift /Users/udormphon/Developer/QuaraMoney/QuaraMoney/Views/Settings/CSVImportView.swift /Users/udormphon/Developer/QuaraMoney/QuaraMoney/Views/Settings/SettingsView.swift /Users/udormphon/Developer/QuaraMoney/QuaraMoney/Views/Settings/ThemeSettingsView.swift /Users/udormphon/Developer/QuaraMoney/QuaraMoney/Views/Transactions/AddTransactionView.swift /Users/udormphon/Developer/QuaraMoney/QuaraMoney/Views/Transactions/TransactionListView.swift /Users/udormphon/Developer/QuaraMoney/QuaraMoney/Views/Transactions/TransactionRowView.swift /Users/udormphon/Developer/QuaraMoney/QuaraMoney/Views/Wallets/AddWalletView.swift /Users/udormphon/Developer/QuaraMoney/QuaraMoney/Views/Wallets/NetWorthCard.swift /Users/udormphon/Developer/QuaraMoney/QuaraMoney/Views/Wallets/WalletDetailView.swift /Users/udormphon/Developer/QuaraMoney/QuaraMoney/Views/Wallets/WalletFilterSheet.swift /Users/udormphon/Developer/QuaraMoney/QuaraMoney/Views/Wallets/WalletListView.swift /Users/udormphon/Developer/QuaraMoney/QuaraMoney/Views/Wallets/WalletRowView.swift /Users/udormphon/Developer/QuaraMoney/QuaraMoney/ContentView.swift /Users/udormphon/Developer/QuaraMoney/QuaraMoney/QuaraMoneyApp.swift /Users/udormphon/Library/Developer/Xcode/DerivedData/QuaraMoney-fxifejhenhasgrbqzikfosjgujqi/Build/Intermediates.noindex/QuaraMoney.build/Debug-iphonesimulator/QuaraMoney.build/DerivedSources/GeneratedAssetSymbols.swift -supplementary-output-file-map /Users/udormphon/Library/Developer/Xcode/DerivedData/QuaraMoney-fxifejhenhasgrbqzikfosjgujqi/Build/Intermediates.noindex/QuaraMoney.build/Debug-iphonesimulator/QuaraMoney.build/Objects-normal/arm64/supplementaryOutputs-7 -emit-localized-strings -emit-localized-strings-path /Users/udormphon/Library/Developer/Xcode/DerivedData/QuaraMoney-fxifejhenhasgrbqzikfosjgujqi/Build/Intermediates.noindex/QuaraMoney.build/Debug-iphonesimulator/QuaraMoney.build/Objects-normal/arm64 -target arm64-apple-ios26.2-simulator -module-can-import-version DeveloperToolsSupport 23.0.4 23.0.4 -module-can-import-version SwiftUI 7.2.5.1 7.2.5 -module-can-import-version UIKit 9126.2.4.1 9126.2.4 -disable-cross-import-overlay-search -swift-module-cross-import SwiftData /Applications/Xcode.app/Contents/Developer/Platforms/iPhoneSimulator.platform/Developer/SDKs/iPhoneSimulator26.2.sdk/System/Library/Frameworks/SwiftData.framework/Modules/SwiftData.swiftcrossimport/CoreData.swiftoverlay -swift-module-cross-import SwiftData /Applications/Xcode.app/Contents/Developer/Platforms/iPhoneSimulator.platform/Developer/SDKs/iPhoneSimulator26.2.sdk/System/Library/Frameworks/SwiftData.framework/Modules/SwiftData.swiftcrossimport/SwiftUI.swiftoverlay -load-resolved-plugin /Applications/Xcode.app/Contents/Developer/Platforms/iPhoneOS.platform/Developer/usr/lib/swift/host/plugins/libFoundationMacros.dylib\#/Applications/Xcode.app/Contents/Developer/Platforms/iPhoneOS.platform/Developer/usr/bin/swift-plugin-server\#FoundationMacros -load-resolved-plugin /Applications/Xcode.app/Contents/Developer/Platforms/iPhoneOS.platform/Developer/usr/lib/swift/host/plugins/libObservationMacros.dylib\#/Applications/Xcode.app/Contents/Developer/Platforms/iPhoneOS.platform/Developer/usr/bin/swift-plugin-server\#ObservationMacros -load-resolved-plugin /Applications/Xcode.app/Contents/Developer/Platforms/iPhoneOS.platform/Developer/usr/lib/swift/host/plugins/libPreviewsMacros.dylib\#/Applications/Xcode.app/Contents/Developer/Platforms/iPhoneOS.platform/Developer/usr/bin/swift-plugin-server\#PreviewsMacros -load-resolved-plugin /Applications/Xcode.app/Contents/Developer/Platforms/iPhoneOS.platform/Developer/usr/lib/swift/host/plugins/libSwiftDataMacros.dylib\#/Applications/Xcode.app/Contents/Developer/Platforms/iPhoneOS.platform/Developer/usr/bin/swift-plugin-server\#SwiftDataMacros -load-resolved-plugin /Applications/Xcode.app/Contents/Developer/Platforms/iPhoneOS.platform/Developer/usr/lib/swift/host/plugins/libSwiftMacros.dylib\#/Applications/Xcode.app/Contents/Developer/Platforms/iPhoneOS.platform/Developer/usr/bin/swift-plugin-server\#SwiftMacros -load-resolved-plugin /Applications/Xcode.app/Contents/Developer/Platforms/iPhoneOS.platform/Developer/usr/lib/swift/host/plugins/libSwiftUIMacros.dylib\#/Applications/Xcode.app/Contents/Developer/Platforms/iPhoneOS.platform/Developer/usr/bin/swift-plugin-server\#SwiftUIMacros -disable-implicit-swift-modules -Xcc -fno-implicit-modules -Xcc -fno-implicit-module-maps -explicit-swift-module-map-file /Users/udormphon/Library/Developer/Xcode/DerivedData/QuaraMoney-fxifejhenhasgrbqzikfosjgujqi/Build/Intermediates.noindex/QuaraMoney.build/Debug-iphonesimulator/QuaraMoney.build/Objects-normal/arm64/QuaraMoney-dependencies-1.json -Xllvm -aarch64-use-tbi -enable-objc-interop -sdk /Applications/Xcode.app/Contents/Developer/Platforms/iPhoneSimulator.platform/Developer/SDKs/iPhoneSimulator26.2.sdk -I /Users/udormphon/Library/Developer/Xcode/DerivedData/QuaraMoney-fxifejhenhasgrbqzikfosjgujqi/Build/Products/Debug-iphonesimulator -F /Users/udormphon/Library/Developer/Xcode/DerivedData/QuaraMoney-fxifejhenhasgrbqzikfosjgujqi/Build/Products/Debug-iphonesimulator -no-color-diagnostics -Xcc -fno-color-diagnostics -enable-testing -g -debug-info-format\=dwarf -dwarf-version\=5 -module-cache-path /Users/udormphon/Library/Developer/Xcode/DerivedData/QuaraMoney-fxifejhenhasgrbqzikfosjgujqi/Build/Intermediates.noindex/SwiftExplicitPrecompiledModules -swift-version 5 -enforce-exclusivity\=checked -Onone -D DEBUG -serialize-debugging-options -const-gather-protocols-file /Users/udormphon/Library/Developer/Xcode/DerivedData/QuaraMoney-fxifejhenhasgrbqzikfosjgujqi/Build/Intermediates.noindex/QuaraMoney.build/Debug-iphonesimulator/QuaraMoney.build/Objects-normal/arm64/QuaraMoney_const_extract_protocols.json -enable-upcoming-feature DisableOutwardActorInference -enable-upcoming-feature InferSendableFromCaptures -enable-upcoming-feature GlobalActorIsolatedTypesUsability -enable-upcoming-feature MemberImportVisibility -enable-upcoming-feature InferIsolatedConformances -enable-upcoming-feature NonisolatedNonsendingByDefault -enable-experimental-feature DebugDescriptionMacro -enable-bare-slash-regex -default-isolation\=MainActor -empty-abi-descriptor -validate-clang-modules-once -clang-build-session-file /Users/udormphon/Library/Developer/Xcode/DerivedData/ModuleCache.noindex/Session.modulevalidation -Xcc -working-directory -Xcc /Users/udormphon/Developer/QuaraMoney -enable-anonymous-context-mangled-names -file-compilation-dir /Users/udormphon/Developer/QuaraMoney -Xcc -D_LIBCPP_HARDENING_MODE\=_LIBCPP_HARDENING_MODE_DEBUG -Xcc -ivfsstatcache -Xcc /Users/udormphon/Library/Developer/Xcode/DerivedData/SDKStatCaches.noindex/iphonesimulator26.2-23C53-7d00a8b37fbd7999ea79df8ebc024bf0.sdkstatcache -Xcc -I/Users/udormphon/Library/Developer/Xcode/DerivedData/QuaraMoney-fxifejhenhasgrbqzikfosjgujqi/Build/Intermediates.noindex/QuaraMoney.build/Debug-iphonesimulator/QuaraMoney.build/swift-overrides.hmap -Xcc -iquote -Xcc /Users/udormphon/Library/Developer/Xcode/DerivedData/QuaraMoney-fxifejhenhasgrbqzikfosjgujqi/Build/Intermediates.noindex/QuaraMoney.build/Debug-iphonesimulator/QuaraMoney.build/QuaraMoney-generated-files.hmap -Xcc -I/Users/udormphon/Library/Developer/Xcode/DerivedData/QuaraMoney-fxifejhenhasgrbqzikfosjgujqi/Build/Intermediates.noindex/QuaraMoney.build/Debug-iphonesimulator/QuaraMoney.build/QuaraMoney-own-target-headers.hmap -Xcc -I/Users/udormphon/Library/Developer/Xcode/DerivedData/QuaraMoney-fxifejhenhasgrbqzikfosjgujqi/Build/Intermediates.noindex/QuaraMoney.build/Debug-iphonesimulator/QuaraMoney.build/QuaraMoney-all-target-headers.hmap -Xcc -iquote -Xcc /Users/udormphon/Library/Developer/Xcode/DerivedData/QuaraMoney-fxifejhenhasgrbqzikfosjgujqi/Build/Intermediates.noindex/QuaraMoney.build/Debug-iphonesimulator/QuaraMoney.build/QuaraMoney-project-headers.hmap -Xcc -I/Users/udormphon/Library/Developer/Xcode/DerivedData/QuaraMoney-fxifejhenhasgrbqzikfosjgujqi/Build/Products/Debug-iphonesimulator/include -Xcc -I/Users/udormphon/Library/Developer/Xcode/DerivedData/QuaraMoney-fxifejhenhasgrbqzikfosjgujqi/Build/Intermediates.noindex/QuaraMoney.build/Debug-iphonesimulator/QuaraMoney.build/DerivedSources-normal/arm64 -Xcc -I/Users/udormphon/Library/Developer/Xcode/DerivedData/QuaraMoney-fxifejhenhasgrbqzikfosjgujqi/Build/Intermediates.noindex/QuaraMoney.build/Debug-iphonesimulator/QuaraMoney.build/DerivedSources/arm64 -Xcc -I/Users/udormphon/Library/Developer/Xcode/DerivedData/QuaraMoney-fxifejhenhasgrbqzikfosjgujqi/Build/Intermediates.noindex/QuaraMoney.build/Debug-iphonesimulator/QuaraMoney.build/DerivedSources -Xcc -DDEBUG\=1 -no-auto-bridging-header-chaining -module-name QuaraMoney -frontend-parseable-output -disable-clang-spi -target-sdk-version 26.2 -target-sdk-name iphonesimulator26.2 -clang-target arm64-apple-ios26.2-simulator -in-process-plugin-server-path /Applications/Xcode.app/Contents/Developer/Toolchains/XcodeDefault.xctoolchain/usr/lib/swift/host/libSwiftInProcPluginServer.dylib -o /Users/udormphon/Library/Developer/Xcode/DerivedData/QuaraMoney-fxifejhenhasgrbqzikfosjgujqi/Build/Intermediates.noindex/QuaraMoney.build/Debug-iphonesimulator/QuaraMoney.build/Objects-normal/arm64/FilterSheetView.o -o /Users/udormphon/Library/Developer/Xcode/DerivedData/QuaraMoney-fxifejhenhasgrbqzikfosjgujqi/Build/Intermediates.noindex/QuaraMoney.build/Debug-iphonesimulator/QuaraMoney.build/Objects-normal/arm64/FinancialSummaryCards.o -o /Users/udormphon/Library/Developer/Xcode/DerivedData/QuaraMoney-fxifejhenhasgrbqzikfosjgujqi/Build/Intermediates.noindex/QuaraMoney.build/Debug-iphonesimulator/QuaraMoney.build/Objects-normal/arm64/IconPickerView.o -o /Users/udormphon/Library/Developer/Xcode/DerivedData/QuaraMoney-fxifejhenhasgrbqzikfosjgujqi/Build/Intermediates.noindex/QuaraMoney.build/Debug-iphonesimulator/QuaraMoney.build/Objects-normal/arm64/MultiCategoryPicker.o -o /Users/udormphon/Library/Developer/Xcode/DerivedData/QuaraMoney-fxifejhenhasgrbqzikfosjgujqi/Build/Intermediates.noindex/QuaraMoney.build/Debug-iphonesimulator/QuaraMoney.build/Objects-normal/arm64/NotificationCenterView.o -o /Users/udormphon/Library/Developer/Xcode/DerivedData/QuaraMoney-fxifejhenhasgrbqzikfosjgujqi/Build/Intermediates.noindex/QuaraMoney.build/Debug-iphonesimulator/QuaraMoney.build/Objects-normal/arm64/AddEventView.o -o /Users/udormphon/Library/Developer/Xcode/DerivedData/QuaraMoney-fxifejhenhasgrbqzikfosjgujqi/Build/Intermediates.noindex/QuaraMoney.build/Debug-iphonesimulator/QuaraMoney.build/Objects-normal/arm64/EventDetailView.o -o /Users/udormphon/Library/Developer/Xcode/DerivedData/QuaraMoney-fxifejhenhasgrbqzikfosjgujqi/Build/Intermediates.noindex/QuaraMoney.build/Debug-iphonesimulator/QuaraMoney.build/Objects-normal/arm64/EventListView.o -index-unit-output-path /QuaraMoney.build/Debug-iphonesimulator/QuaraMoney.build/Objects-normal/arm64/FilterSheetView.o -index-unit-output-path /QuaraMoney.build/Debug-iphonesimulator/QuaraMoney.build/Objects-normal/arm64/FinancialSummaryCards.o -index-unit-output-path /QuaraMoney.build/Debug-iphonesimulator/QuaraMoney.build/Objects-normal/arm64/IconPickerView.o -index-unit-output-path /QuaraMoney.build/Debug-iphonesimulator/QuaraMoney.build/Objects-normal/arm64/MultiCategoryPicker.o -index-unit-output-path /QuaraMoney.build/Debug-iphonesimulator/QuaraMoney.build/Objects-normal/arm64/NotificationCenterView.o -index-unit-output-path /QuaraMoney.build/Debug-iphonesimulator/QuaraMoney.build/Objects-normal/arm64/AddEventView.o -index-unit-output-path /QuaraMoney.build/Debug-iphonesimulator/QuaraMoney.build/Objects-normal/arm64/EventDetailView.o -index-unit-output-path /QuaraMoney.build/Debug-iphonesimulator/QuaraMoney.build/Objects-normal/arm64/EventListView.o -index-store-path /Users/udormphon/Library/Developer/Xcode/DerivedData/QuaraMoney-fxifejhenhasgrbqzikfosjgujqi/Index.noindex/DataStore -index-system-modules

SwiftCompile normal arm64 /Users/udormphon/Developer/QuaraMoney/QuaraMoney/Views/Components/FilterSheetView.swift (in target 'QuaraMoney' from project 'QuaraMoney')
    cd /Users/udormphon/Developer/QuaraMoney
    

SwiftCompile normal arm64 /Users/udormphon/Developer/QuaraMoney/QuaraMoney/Views/Components/FinancialSummaryCards.swift (in target 'QuaraMoney' from project 'QuaraMoney')
    cd /Users/udormphon/Developer/QuaraMoney
    

SwiftCompile normal arm64 /Users/udormphon/Developer/QuaraMoney/QuaraMoney/Views/Components/IconPickerView.swift (in target 'QuaraMoney' from project 'QuaraMoney')
    cd /Users/udormphon/Developer/QuaraMoney
    

SwiftCompile normal arm64 /Users/udormphon/Developer/QuaraMoney/QuaraMoney/Views/Components/MultiCategoryPicker.swift (in target 'QuaraMoney' from project 'QuaraMoney')
    cd /Users/udormphon/Developer/QuaraMoney
    
/Users/udormphon/Developer/QuaraMoney/QuaraMoney/Views/Components/MultiCategoryPicker.swift:61:42: error: type 'L10n.Budget' has no member 'selectCategories'
            .navigationTitle(L10n.Budget.selectCategories) // Make sure to add/use this key or literal "Select Categories"
                             ~~~~~~~~~~~ ^~~~~~~~~~~~~~~~

SwiftCompile normal arm64 /Users/udormphon/Developer/QuaraMoney/QuaraMoney/Views/Components/NotificationCenterView.swift (in target 'QuaraMoney' from project 'QuaraMoney')
    cd /Users/udormphon/Developer/QuaraMoney
    

SwiftCompile normal arm64 /Users/udormphon/Developer/QuaraMoney/QuaraMoney/Views/Events/AddEventView.swift (in target 'QuaraMoney' from project 'QuaraMoney')
    cd /Users/udormphon/Developer/QuaraMoney
    

SwiftCompile normal arm64 /Users/udormphon/Developer/QuaraMoney/QuaraMoney/Views/Events/EventDetailView.swift (in target 'QuaraMoney' from project 'QuaraMoney')
    cd /Users/udormphon/Developer/QuaraMoney
    

SwiftCompile normal arm64 /Users/udormphon/Developer/QuaraMoney/QuaraMoney/Views/Events/EventListView.swift (in target 'QuaraMoney' from project 'QuaraMoney')
    cd /Users/udormphon/Developer/QuaraMoney
    

SwiftCompile normal arm64 Compiling\ NetWorthCard.swift,\ WalletDetailView.swift,\ WalletFilterSheet.swift,\ WalletListView.swift,\ WalletRowView.swift,\ ContentView.swift,\ QuaraMoneyApp.swift,\ GeneratedAssetSymbols.swift /Users/udormphon/Developer/QuaraMoney/QuaraMoney/Views/Wallets/NetWorthCard.swift /Users/udormphon/Developer/QuaraMoney/QuaraMoney/Views/Wallets/WalletDetailView.swift /Users/udormphon/Developer/QuaraMoney/QuaraMoney/Views/Wallets/WalletFilterSheet.swift /Users/udormphon/Developer/QuaraMoney/QuaraMoney/Views/Wallets/WalletListView.swift /Users/udormphon/Developer/QuaraMoney/QuaraMoney/Views/Wallets/WalletRowView.swift /Users/udormphon/Developer/QuaraMoney/QuaraMoney/ContentView.swift /Users/udormphon/Developer/QuaraMoney/QuaraMoney/QuaraMoneyApp.swift /Users/udormphon/Library/Developer/Xcode/DerivedData/QuaraMoney-fxifejhenhasgrbqzikfosjgujqi/Build/Intermediates.noindex/QuaraMoney.build/Debug-iphonesimulator/QuaraMoney.build/DerivedSources/GeneratedAssetSymbols.swift (in target 'QuaraMoney' from project 'QuaraMoney')

SwiftCompile normal arm64 /Users/udormphon/Developer/QuaraMoney/QuaraMoney/Views/Wallets/NetWorthCard.swift (in target 'QuaraMoney' from project 'QuaraMoney')
    cd /Users/udormphon/Developer/QuaraMoney
    

SwiftCompile normal arm64 /Users/udormphon/Developer/QuaraMoney/QuaraMoney/Views/Wallets/WalletDetailView.swift (in target 'QuaraMoney' from project 'QuaraMoney')
    cd /Users/udormphon/Developer/QuaraMoney
    

SwiftCompile normal arm64 /Users/udormphon/Developer/QuaraMoney/QuaraMoney/Views/Wallets/WalletFilterSheet.swift (in target 'QuaraMoney' from project 'QuaraMoney')
    cd /Users/udormphon/Developer/QuaraMoney
    

SwiftCompile normal arm64 /Users/udormphon/Developer/QuaraMoney/QuaraMoney/Views/Wallets/WalletListView.swift (in target 'QuaraMoney' from project 'QuaraMoney')
    cd /Users/udormphon/Developer/QuaraMoney
    

SwiftCompile normal arm64 /Users/udormphon/Developer/QuaraMoney/QuaraMoney/Views/Wallets/WalletRowView.swift (in target 'QuaraMoney' from project 'QuaraMoney')
    cd /Users/udormphon/Developer/QuaraMoney
    

SwiftCompile normal arm64 /Users/udormphon/Developer/QuaraMoney/QuaraMoney/ContentView.swift (in target 'QuaraMoney' from project 'QuaraMoney')
    cd /Users/udormphon/Developer/QuaraMoney
    

SwiftCompile normal arm64 /Users/udormphon/Developer/QuaraMoney/QuaraMoney/QuaraMoneyApp.swift (in target 'QuaraMoney' from project 'QuaraMoney')
    cd /Users/udormphon/Developer/QuaraMoney
    

SwiftCompile normal arm64 /Users/udormphon/Library/Developer/Xcode/DerivedData/QuaraMoney-fxifejhenhasgrbqzikfosjgujqi/Build/Intermediates.noindex/QuaraMoney.build/Debug-iphonesimulator/QuaraMoney.build/DerivedSources/GeneratedAssetSymbols.swift (in target 'QuaraMoney' from project 'QuaraMoney')
    cd /Users/udormphon/Developer/QuaraMoney
    

SwiftCompile normal arm64 Compiling\ BudgetTabView.swift,\ EditBudgetView.swift,\ AmountDisplayView.swift,\ AnalysisFilterSheetButton.swift,\ AppearancePickers.swift,\ CalculatorKeyboardView.swift,\ ColorPickerView.swift,\ FilterMenuView.swift /Users/udormphon/Developer/QuaraMoney/QuaraMoney/Views/Analysis/BudgetTabView.swift /Users/udormphon/Developer/QuaraMoney/QuaraMoney/Views/Analysis/EditBudgetView.swift /Users/udormphon/Developer/QuaraMoney/QuaraMoney/Views/Components/AmountDisplayView.swift /Users/udormphon/Developer/QuaraMoney/QuaraMoney/Views/Components/AnalysisFilterSheetButton.swift /Users/udormphon/Developer/QuaraMoney/QuaraMoney/Views/Components/AppearancePickers.swift /Users/udormphon/Developer/QuaraMoney/QuaraMoney/Views/Components/CalculatorKeyboardView.swift /Users/udormphon/Developer/QuaraMoney/QuaraMoney/Views/Components/ColorPickerView.swift /Users/udormphon/Developer/QuaraMoney/QuaraMoney/Views/Components/FilterMenuView.swift (in target 'QuaraMoney' from project 'QuaraMoney')

SwiftCompile normal arm64 /Users/udormphon/Developer/QuaraMoney/QuaraMoney/Views/Analysis/BudgetTabView.swift (in target 'QuaraMoney' from project 'QuaraMoney')
    cd /Users/udormphon/Developer/QuaraMoney
    

SwiftCompile normal arm64 /Users/udormphon/Developer/QuaraMoney/QuaraMoney/Views/Analysis/EditBudgetView.swift (in target 'QuaraMoney' from project 'QuaraMoney')
    cd /Users/udormphon/Developer/QuaraMoney
    

SwiftCompile normal arm64 /Users/udormphon/Developer/QuaraMoney/QuaraMoney/Views/Components/AmountDisplayView.swift (in target 'QuaraMoney' from project 'QuaraMoney')
    cd /Users/udormphon/Developer/QuaraMoney
    

SwiftCompile normal arm64 /Users/udormphon/Developer/QuaraMoney/QuaraMoney/Views/Components/AnalysisFilterSheetButton.swift (in target 'QuaraMoney' from project 'QuaraMoney')
    cd /Users/udormphon/Developer/QuaraMoney
    

SwiftCompile normal arm64 /Users/udormphon/Developer/QuaraMoney/QuaraMoney/Views/Components/AppearancePickers.swift (in target 'QuaraMoney' from project 'QuaraMoney')
    cd /Users/udormphon/Developer/QuaraMoney
    

SwiftCompile normal arm64 /Users/udormphon/Developer/QuaraMoney/QuaraMoney/Views/Components/CalculatorKeyboardView.swift (in target 'QuaraMoney' from project 'QuaraMoney')
    cd /Users/udormphon/Developer/QuaraMoney
    

SwiftCompile normal arm64 /Users/udormphon/Developer/QuaraMoney/QuaraMoney/Views/Components/ColorPickerView.swift (in target 'QuaraMoney' from project 'QuaraMoney')
    cd /Users/udormphon/Developer/QuaraMoney
    

SwiftCompile normal arm64 /Users/udormphon/Developer/QuaraMoney/QuaraMoney/Views/Components/FilterMenuView.swift (in target 'QuaraMoney' from project 'QuaraMoney')
    cd /Users/udormphon/Developer/QuaraMoney
    

SwiftCompile normal arm64 Compiling\ ThemeManager.swift,\ TransactionProcessor.swift,\ AddTransactionViewModel.swift,\ AddWalletViewModel.swift,\ AnalysisViewModel.swift,\ BaseViewModel.swift,\ CSVImportViewModel.swift,\ HomeViewModel.swift /Users/udormphon/Developer/QuaraMoney/QuaraMoney/Services/ThemeManager.swift /Users/udormphon/Developer/QuaraMoney/QuaraMoney/Services/TransactionProcessor.swift /Users/udormphon/Developer/QuaraMoney/QuaraMoney/ViewModels/AddTransactionViewModel.swift /Users/udormphon/Developer/QuaraMoney/QuaraMoney/ViewModels/AddWalletViewModel.swift /Users/udormphon/Developer/QuaraMoney/QuaraMoney/ViewModels/AnalysisViewModel.swift /Users/udormphon/Developer/QuaraMoney/QuaraMoney/ViewModels/BaseViewModel.swift /Users/udormphon/Developer/QuaraMoney/QuaraMoney/ViewModels/CSVImportViewModel.swift /Users/udormphon/Developer/QuaraMoney/QuaraMoney/ViewModels/HomeViewModel.swift (in target 'QuaraMoney' from project 'QuaraMoney')

SwiftCompile normal arm64 /Users/udormphon/Developer/QuaraMoney/QuaraMoney/Services/ThemeManager.swift (in target 'QuaraMoney' from project 'QuaraMoney')
    cd /Users/udormphon/Developer/QuaraMoney
    

SwiftCompile normal arm64 /Users/udormphon/Developer/QuaraMoney/QuaraMoney/Services/TransactionProcessor.swift (in target 'QuaraMoney' from project 'QuaraMoney')
    cd /Users/udormphon/Developer/QuaraMoney
    

SwiftCompile normal arm64 /Users/udormphon/Developer/QuaraMoney/QuaraMoney/ViewModels/AddTransactionViewModel.swift (in target 'QuaraMoney' from project 'QuaraMoney')
    cd /Users/udormphon/Developer/QuaraMoney
    

SwiftCompile normal arm64 /Users/udormphon/Developer/QuaraMoney/QuaraMoney/ViewModels/AddWalletViewModel.swift (in target 'QuaraMoney' from project 'QuaraMoney')
    cd /Users/udormphon/Developer/QuaraMoney
    

SwiftCompile normal arm64 /Users/udormphon/Developer/QuaraMoney/QuaraMoney/ViewModels/AnalysisViewModel.swift (in target 'QuaraMoney' from project 'QuaraMoney')
    cd /Users/udormphon/Developer/QuaraMoney
    

SwiftCompile normal arm64 /Users/udormphon/Developer/QuaraMoney/QuaraMoney/ViewModels/BaseViewModel.swift (in target 'QuaraMoney' from project 'QuaraMoney')
    cd /Users/udormphon/Developer/QuaraMoney
    

SwiftCompile normal arm64 /Users/udormphon/Developer/QuaraMoney/QuaraMoney/ViewModels/CSVImportViewModel.swift (in target 'QuaraMoney' from project 'QuaraMoney')
    cd /Users/udormphon/Developer/QuaraMoney
    

SwiftCompile normal arm64 /Users/udormphon/Developer/QuaraMoney/QuaraMoney/ViewModels/HomeViewModel.swift (in target 'QuaraMoney' from project 'QuaraMoney')
    cd /Users/udormphon/Developer/QuaraMoney
    

SwiftCompile normal arm64 Compiling\ HomeView.swift,\ AddCategoryView.swift,\ CategoryGroupView.swift,\ CategoryListView.swift,\ MoreView.swift,\ OnboardingView.swift,\ AddRecurringRuleView.swift,\ RecurringRuleListView.swift /Users/udormphon/Developer/QuaraMoney/QuaraMoney/Views/Home/HomeView.swift /Users/udormphon/Developer/QuaraMoney/QuaraMoney/Views/More/AddCategoryView.swift /Users/udormphon/Developer/QuaraMoney/QuaraMoney/Views/More/CategoryGroupView.swift /Users/udormphon/Developer/QuaraMoney/QuaraMoney/Views/More/CategoryListView.swift /Users/udormphon/Developer/QuaraMoney/QuaraMoney/Views/More/MoreView.swift /Users/udormphon/Developer/QuaraMoney/QuaraMoney/Views/Onboarding/OnboardingView.swift /Users/udormphon/Developer/QuaraMoney/QuaraMoney/Views/Recurring/AddRecurringRuleView.swift /Users/udormphon/Developer/QuaraMoney/QuaraMoney/Views/Recurring/RecurringRuleListView.swift (in target 'QuaraMoney' from project 'QuaraMoney')

SwiftCompile normal arm64 /Users/udormphon/Developer/QuaraMoney/QuaraMoney/Views/Home/HomeView.swift (in target 'QuaraMoney' from project 'QuaraMoney')
    cd /Users/udormphon/Developer/QuaraMoney
    

SwiftCompile normal arm64 /Users/udormphon/Developer/QuaraMoney/QuaraMoney/Views/More/AddCategoryView.swift (in target 'QuaraMoney' from project 'QuaraMoney')
    cd /Users/udormphon/Developer/QuaraMoney
    

SwiftCompile normal arm64 /Users/udormphon/Developer/QuaraMoney/QuaraMoney/Views/More/CategoryGroupView.swift (in target 'QuaraMoney' from project 'QuaraMoney')
    cd /Users/udormphon/Developer/QuaraMoney
    

SwiftCompile normal arm64 /Users/udormphon/Developer/QuaraMoney/QuaraMoney/Views/More/CategoryListView.swift (in target 'QuaraMoney' from project 'QuaraMoney')
    cd /Users/udormphon/Developer/QuaraMoney
    

SwiftCompile normal arm64 /Users/udormphon/Developer/QuaraMoney/QuaraMoney/Views/More/MoreView.swift (in target 'QuaraMoney' from project 'QuaraMoney')
    cd /Users/udormphon/Developer/QuaraMoney
    

SwiftCompile normal arm64 /Users/udormphon/Developer/QuaraMoney/QuaraMoney/Views/Onboarding/OnboardingView.swift (in target 'QuaraMoney' from project 'QuaraMoney')
    cd /Users/udormphon/Developer/QuaraMoney
    

SwiftCompile normal arm64 /Users/udormphon/Developer/QuaraMoney/QuaraMoney/Views/Recurring/AddRecurringRuleView.swift (in target 'QuaraMoney' from project 'QuaraMoney')
    cd /Users/udormphon/Developer/QuaraMoney
    

SwiftCompile normal arm64 /Users/udormphon/Developer/QuaraMoney/QuaraMoney/Views/Recurring/RecurringRuleListView.swift (in target 'QuaraMoney' from project 'QuaraMoney')
    cd /Users/udormphon/Developer/QuaraMoney
    

SwiftCompile normal arm64 Compiling\ BudgetNotificationService.swift,\ BudgetRolloverService.swift,\ BudgetSuggestionService.swift,\ CSVImportService.swift,\ CurrencyManager.swift,\ DataService.swift,\ DefaultDataService.swift,\ RecurringRuleService.swift,\ SampleDataService.swift /Users/udormphon/Developer/QuaraMoney/QuaraMoney/Services/BudgetNotificationService.swift /Users/udormphon/Developer/QuaraMoney/QuaraMoney/Services/BudgetRolloverService.swift /Users/udormphon/Developer/QuaraMoney/QuaraMoney/Services/BudgetSuggestionService.swift /Users/udormphon/Developer/QuaraMoney/QuaraMoney/Services/CSVImportService.swift /Users/udormphon/Developer/QuaraMoney/QuaraMoney/Services/CurrencyManager.swift /Users/udormphon/Developer/QuaraMoney/QuaraMoney/Services/DataService.swift /Users/udormphon/Developer/QuaraMoney/QuaraMoney/Services/DefaultDataService.swift /Users/udormphon/Developer/QuaraMoney/QuaraMoney/Services/RecurringRuleService.swift /Users/udormphon/Developer/QuaraMoney/QuaraMoney/Services/SampleDataService.swift (in target 'QuaraMoney' from project 'QuaraMoney')

SwiftCompile normal arm64 /Users/udormphon/Developer/QuaraMoney/QuaraMoney/Services/BudgetNotificationService.swift (in target 'QuaraMoney' from project 'QuaraMoney')
    cd /Users/udormphon/Developer/QuaraMoney
    

SwiftCompile normal arm64 /Users/udormphon/Developer/QuaraMoney/QuaraMoney/Services/BudgetRolloverService.swift (in target 'QuaraMoney' from project 'QuaraMoney')
    cd /Users/udormphon/Developer/QuaraMoney
    

SwiftCompile normal arm64 /Users/udormphon/Developer/QuaraMoney/QuaraMoney/Services/BudgetSuggestionService.swift (in target 'QuaraMoney' from project 'QuaraMoney')
    cd /Users/udormphon/Developer/QuaraMoney
    

SwiftCompile normal arm64 /Users/udormphon/Developer/QuaraMoney/QuaraMoney/Services/CSVImportService.swift (in target 'QuaraMoney' from project 'QuaraMoney')
    cd /Users/udormphon/Developer/QuaraMoney
    

SwiftCompile normal arm64 /Users/udormphon/Developer/QuaraMoney/QuaraMoney/Services/CurrencyManager.swift (in target 'QuaraMoney' from project 'QuaraMoney')
    cd /Users/udormphon/Developer/QuaraMoney
    

SwiftCompile normal arm64 /Users/udormphon/Developer/QuaraMoney/QuaraMoney/Services/DataService.swift (in target 'QuaraMoney' from project 'QuaraMoney')
    cd /Users/udormphon/Developer/QuaraMoney
    

SwiftCompile normal arm64 /Users/udormphon/Developer/QuaraMoney/QuaraMoney/Services/DefaultDataService.swift (in target 'QuaraMoney' from project 'QuaraMoney')
    cd /Users/udormphon/Developer/QuaraMoney
    

SwiftCompile normal arm64 /Users/udormphon/Developer/QuaraMoney/QuaraMoney/Services/RecurringRuleService.swift (in target 'QuaraMoney' from project 'QuaraMoney')
    cd /Users/udormphon/Developer/QuaraMoney
    

SwiftCompile normal arm64 /Users/udormphon/Developer/QuaraMoney/QuaraMoney/Services/SampleDataService.swift (in target 'QuaraMoney' from project 'QuaraMoney')
    cd /Users/udormphon/Developer/QuaraMoney
    

SwiftEmitModule normal arm64 Emitting\ module\ for\ QuaraMoney (in target 'QuaraMoney' from project 'QuaraMoney')

EmitSwiftModule normal arm64 (in target 'QuaraMoney' from project 'QuaraMoney')
    cd /Users/udormphon/Developer/QuaraMoney
    

SwiftDriverJobDiscovery normal arm64 Compiling Event.swift, FilterPeriod.swift, PredefinedCategory.swift, RecurringRule.swift, SavingsGoal.swift, Transaction.swift, TransactionType.swift, Wallet.swift, Wallet+Extensions.swift (in target 'QuaraMoney' from project 'QuaraMoney')

SwiftCompile normal arm64 Compiling\ SavingsGoalListView.swift,\ CSVImportView.swift,\ SettingsView.swift,\ ThemeSettingsView.swift,\ AddTransactionView.swift,\ TransactionListView.swift,\ TransactionRowView.swift,\ AddWalletView.swift /Users/udormphon/Developer/QuaraMoney/QuaraMoney/Views/SavingsGoals/SavingsGoalListView.swift /Users/udormphon/Developer/QuaraMoney/QuaraMoney/Views/Settings/CSVImportView.swift /Users/udormphon/Developer/QuaraMoney/QuaraMoney/Views/Settings/SettingsView.swift /Users/udormphon/Developer/QuaraMoney/QuaraMoney/Views/Settings/ThemeSettingsView.swift /Users/udormphon/Developer/QuaraMoney/QuaraMoney/Views/Transactions/AddTransactionView.swift /Users/udormphon/Developer/QuaraMoney/QuaraMoney/Views/Transactions/TransactionListView.swift /Users/udormphon/Developer/QuaraMoney/QuaraMoney/Views/Transactions/TransactionRowView.swift /Users/udormphon/Developer/QuaraMoney/QuaraMoney/Views/Wallets/AddWalletView.swift (in target 'QuaraMoney' from project 'QuaraMoney')

note: Disabling hardened runtime with ad-hoc codesigning. (in target 'QuaraMoney' from project 'QuaraMoney')
** BUILD FAILED **


The following build commands failed:
	SwiftCompile normal arm64 Compiling\ FilterSheetView.swift,\ FinancialSummaryCards.swift,\ IconPickerView.swift,\ MultiCategoryPicker.swift,\ NotificationCenterView.swift,\ AddEventView.swift,\ EventDetailView.swift,\ EventListView.swift /Users/udormphon/Developer/QuaraMoney/QuaraMoney/Views/Components/FilterSheetView.swift /Users/udormphon/Developer/QuaraMoney/QuaraMoney/Views/Components/FinancialSummaryCards.swift /Users/udormphon/Developer/QuaraMoney/QuaraMoney/Views/Components/IconPickerView.swift /Users/udormphon/Developer/QuaraMoney/QuaraMoney/Views/Components/MultiCategoryPicker.swift /Users/udormphon/Developer/QuaraMoney/QuaraMoney/Views/Components/NotificationCenterView.swift /Users/udormphon/Developer/QuaraMoney/QuaraMoney/Views/Events/AddEventView.swift /Users/udormphon/Developer/QuaraMoney/QuaraMoney/Views/Events/EventDetailView.swift /Users/udormphon/Developer/QuaraMoney/QuaraMoney/Views/Events/EventListView.swift (in target 'QuaraMoney' from project 'QuaraMoney')
	SwiftCompile normal arm64 /Users/udormphon/Developer/QuaraMoney/QuaraMoney/Views/Components/MultiCategoryPicker.swift (in target 'QuaraMoney' from project 'QuaraMoney')
	Building project QuaraMoney with scheme QuaraMoney
(3 failures)
